CRITICAL - 2023-03-14 00:16:27 --> Call to a member function getResultArray() on bool
#0 D:\xampp_new\htdocs\KPI\vendor\codeigniter4\framework\system\CodeIgniter.php(931): App\Controllers\Master->show_view_input()
#1 D:\xampp_new\htdocs\KPI\vendor\codeigniter4\framework\system\CodeIgniter.php(439): CodeIgniter\CodeIgniter->runController(Object(App\Controllers\Master))
#2 D:\xampp_new\htdocs\KPI\vendor\codeigniter4\framework\system\CodeIgniter.php(339): CodeIgniter\CodeIgniter->handleRequest(NULL, Object(Config\Cache), false)
#3 D:\xampp_new\htdocs\KPI\public\index.php(45): CodeIgniter\CodeIgniter->run()
#4 {main}
CRITICAL - 2023-03-14 00:19:05 --> Argument 2 passed to CodeIgniter\Database\BaseBuilder::getWhere() must be of the type int or null, array given, called in D:\xampp_new\htdocs\KPI\vendor\codeigniter4\framework\system\Model.php on line 800
#0 D:\xampp_new\htdocs\KPI\vendor\codeigniter4\framework\system\Model.php(800): CodeIgniter\Database\BaseBuilder->getWhere(Array, Array)
#1 D:\xampp_new\htdocs\KPI\app\Controllers\Master.php(53): CodeIgniter\Model->__call('getWhere', Array)
#2 D:\xampp_new\htdocs\KPI\vendor\codeigniter4\framework\system\CodeIgniter.php(931): App\Controllers\Master->show_view_input()
#3 D:\xampp_new\htdocs\KPI\vendor\codeigniter4\framework\system\CodeIgniter.php(439): CodeIgniter\CodeIgniter->runController(Object(App\Controllers\Master))
#4 D:\xampp_new\htdocs\KPI\vendor\codeigniter4\framework\system\CodeIgniter.php(339): CodeIgniter\CodeIgniter->handleRequest(NULL, Object(Config\Cache), false)
#5 D:\xampp_new\htdocs\KPI\public\index.php(45): CodeIgniter\CodeIgniter->run()
#6 {main}
CRITICAL - 2023-03-14 00:25:08 --> Argument 2 passed to CodeIgniter\Database\BaseBuilder::getWhere() must be of the type int or null, array given, called in D:\xampp_new\htdocs\KPI\vendor\codeigniter4\framework\system\Model.php on line 800
#0 D:\xampp_new\htdocs\KPI\vendor\codeigniter4\framework\system\Model.php(800): CodeIgniter\Database\BaseBuilder->getWhere(Array, Array)
#1 D:\xampp_new\htdocs\KPI\app\Controllers\Master.php(53): CodeIgniter\Model->__call('getWhere', Array)
#2 D:\xampp_new\htdocs\KPI\vendor\codeigniter4\framework\system\CodeIgniter.php(931): App\Controllers\Master->show_view_input()
#3 D:\xampp_new\htdocs\KPI\vendor\codeigniter4\framework\system\CodeIgniter.php(439): CodeIgniter\CodeIgniter->runController(Object(App\Controllers\Master))
#4 D:\xampp_new\htdocs\KPI\vendor\codeigniter4\framework\system\CodeIgniter.php(339): CodeIgniter\CodeIgniter->handleRequest(NULL, Object(Config\Cache), false)
#5 D:\xampp_new\htdocs\KPI\public\index.php(45): CodeIgniter\CodeIgniter->run()
#6 {main}
CRITICAL - 2023-03-14 00:27:22 --> Call to undefined method App\Models\ViewModel::getLastQuery
#0 D:\xampp_new\htdocs\KPI\app\Controllers\Master.php(65): CodeIgniter\Model->__call('getLastQuery', Array)
#1 D:\xampp_new\htdocs\KPI\vendor\codeigniter4\framework\system\CodeIgniter.php(931): App\Controllers\Master->show_view_input()
#2 D:\xampp_new\htdocs\KPI\vendor\codeigniter4\framework\system\CodeIgniter.php(439): CodeIgniter\CodeIgniter->runController(Object(App\Controllers\Master))
#3 D:\xampp_new\htdocs\KPI\vendor\codeigniter4\framework\system\CodeIgniter.php(339): CodeIgniter\CodeIgniter->handleRequest(NULL, Object(Config\Cache), false)
#4 D:\xampp_new\htdocs\KPI\public\index.php(45): CodeIgniter\CodeIgniter->run()
#5 {main}
CRITICAL - 2023-03-14 00:28:32 --> Argument 2 passed to CodeIgniter\Database\BaseBuilder::getWhere() must be of the type int or null, array given, called in D:\xampp_new\htdocs\KPI\vendor\codeigniter4\framework\system\Model.php on line 800
#0 D:\xampp_new\htdocs\KPI\vendor\codeigniter4\framework\system\Model.php(800): CodeIgniter\Database\BaseBuilder->getWhere(Array, Array)
#1 D:\xampp_new\htdocs\KPI\app\Controllers\Master.php(54): CodeIgniter\Model->__call('getWhere', Array)
#2 D:\xampp_new\htdocs\KPI\vendor\codeigniter4\framework\system\CodeIgniter.php(931): App\Controllers\Master->show_view_input()
#3 D:\xampp_new\htdocs\KPI\vendor\codeigniter4\framework\system\CodeIgniter.php(439): CodeIgniter\CodeIgniter->runController(Object(App\Controllers\Master))
#4 D:\xampp_new\htdocs\KPI\vendor\codeigniter4\framework\system\CodeIgniter.php(339): CodeIgniter\CodeIgniter->handleRequest(NULL, Object(Config\Cache), false)
#5 D:\xampp_new\htdocs\KPI\public\index.php(45): CodeIgniter\CodeIgniter->run()
#6 {main}
CRITICAL - 2023-03-14 01:13:38 --> Call to a member function getLastQuery() on null
#0 D:\xampp_new\htdocs\KPI\vendor\codeigniter4\framework\system\CodeIgniter.php(931): App\Controllers\Master->input_detail()
#1 D:\xampp_new\htdocs\KPI\vendor\codeigniter4\framework\system\CodeIgniter.php(439): CodeIgniter\CodeIgniter->runController(Object(App\Controllers\Master))
#2 D:\xampp_new\htdocs\KPI\vendor\codeigniter4\framework\system\CodeIgniter.php(339): CodeIgniter\CodeIgniter->handleRequest(NULL, Object(Config\Cache), false)
#3 D:\xampp_new\htdocs\KPI\public\index.php(45): CodeIgniter\CodeIgniter->run()
#4 {main}
CRITICAL - 2023-03-14 23:17:57 --> Call to a member function getLastQuery() on array
#0 D:\xampp_new\htdocs\KPI\vendor\codeigniter4\framework\system\CodeIgniter.php(931): App\Controllers\ViewD->calculate_kpi()
#1 D:\xampp_new\htdocs\KPI\vendor\codeigniter4\framework\system\CodeIgniter.php(439): CodeIgniter\CodeIgniter->runController(Object(App\Controllers\ViewD))
#2 D:\xampp_new\htdocs\KPI\vendor\codeigniter4\framework\system\CodeIgniter.php(339): CodeIgniter\CodeIgniter->handleRequest(NULL, Object(Config\Cache), false)
#3 D:\xampp_new\htdocs\KPI\public\index.php(45): CodeIgniter\CodeIgniter->run()
#4 {main}
