CRITICAL - 2023-03-27 03:47:14 --> Call to undefined method CodeIgniter\Database\MySQLi\Builder::table()
#0 D:\xampp_new\htdocs\KPI\app\Views\Master\View-Input-Util.php(80): util_prev_year('2022')
#1 D:\xampp_new\htdocs\KPI\vendor\codeigniter4\framework\system\View\View.php(230): include('D:\\xampp_new\\ht...')
#2 D:\xampp_new\htdocs\KPI\vendor\codeigniter4\framework\system\View\View.php(232): CodeIgniter\View\View->CodeIgniter\View\{closure}()
#3 D:\xampp_new\htdocs\KPI\vendor\codeigniter4\framework\system\Common.php(1250): CodeIgniter\View\View->render('Master/View-Inp...', Array, true)
#4 D:\xampp_new\htdocs\KPI\app\Controllers\CapacityUtil.php(74): view('Master/View-Inp...', Array)
#5 D:\xampp_new\htdocs\KPI\vendor\codeigniter4\framework\system\CodeIgniter.php(931): App\Controllers\CapacityUtil->show_cap_util()
#6 D:\xampp_new\htdocs\KPI\vendor\codeigniter4\framework\system\CodeIgniter.php(439): CodeIgniter\CodeIgniter->runController(Object(App\Controllers\CapacityUtil))
#7 D:\xampp_new\htdocs\KPI\vendor\codeigniter4\framework\system\CodeIgniter.php(339): CodeIgniter\CodeIgniter->handleRequest(NULL, Object(Config\Cache), false)
#8 D:\xampp_new\htdocs\KPI\public\index.php(45): CodeIgniter\CodeIgniter->run()
#9 {main}
CRITICAL - 2023-03-27 03:49:12 --> Call to undefined method CodeIgniter\Database\MySQLi\Builder::table()
#0 D:\xampp_new\htdocs\KPI\app\Views\Master\View-Input-Util.php(80): util_prev_year('2022')
#1 D:\xampp_new\htdocs\KPI\vendor\codeigniter4\framework\system\View\View.php(230): include('D:\\xampp_new\\ht...')
#2 D:\xampp_new\htdocs\KPI\vendor\codeigniter4\framework\system\View\View.php(232): CodeIgniter\View\View->CodeIgniter\View\{closure}()
#3 D:\xampp_new\htdocs\KPI\vendor\codeigniter4\framework\system\Common.php(1250): CodeIgniter\View\View->render('Master/View-Inp...', Array, true)
#4 D:\xampp_new\htdocs\KPI\app\Controllers\CapacityUtil.php(74): view('Master/View-Inp...', Array)
#5 D:\xampp_new\htdocs\KPI\vendor\codeigniter4\framework\system\CodeIgniter.php(931): App\Controllers\CapacityUtil->show_cap_util()
#6 D:\xampp_new\htdocs\KPI\vendor\codeigniter4\framework\system\CodeIgniter.php(439): CodeIgniter\CodeIgniter->runController(Object(App\Controllers\CapacityUtil))
#7 D:\xampp_new\htdocs\KPI\vendor\codeigniter4\framework\system\CodeIgniter.php(339): CodeIgniter\CodeIgniter->handleRequest(NULL, Object(Config\Cache), false)
#8 D:\xampp_new\htdocs\KPI\public\index.php(45): CodeIgniter\CodeIgniter->run()
#9 {main}
CRITICAL - 2023-03-27 03:49:13 --> Call to undefined method CodeIgniter\Database\MySQLi\Builder::table()
#0 D:\xampp_new\htdocs\KPI\app\Views\Master\View-Input-Util.php(80): util_prev_year('2022')
#1 D:\xampp_new\htdocs\KPI\vendor\codeigniter4\framework\system\View\View.php(230): include('D:\\xampp_new\\ht...')
#2 D:\xampp_new\htdocs\KPI\vendor\codeigniter4\framework\system\View\View.php(232): CodeIgniter\View\View->CodeIgniter\View\{closure}()
#3 D:\xampp_new\htdocs\KPI\vendor\codeigniter4\framework\system\Common.php(1250): CodeIgniter\View\View->render('Master/View-Inp...', Array, true)
#4 D:\xampp_new\htdocs\KPI\app\Controllers\CapacityUtil.php(74): view('Master/View-Inp...', Array)
#5 D:\xampp_new\htdocs\KPI\vendor\codeigniter4\framework\system\CodeIgniter.php(931): App\Controllers\CapacityUtil->show_cap_util()
#6 D:\xampp_new\htdocs\KPI\vendor\codeigniter4\framework\system\CodeIgniter.php(439): CodeIgniter\CodeIgniter->runController(Object(App\Controllers\CapacityUtil))
#7 D:\xampp_new\htdocs\KPI\vendor\codeigniter4\framework\system\CodeIgniter.php(339): CodeIgniter\CodeIgniter->handleRequest(NULL, Object(Config\Cache), false)
#8 D:\xampp_new\htdocs\KPI\public\index.php(45): CodeIgniter\CodeIgniter->run()
#9 {main}
CRITICAL - 2023-03-27 03:52:44 --> Call to undefined method CodeIgniter\Database\MySQLi\Builder::table()
#0 D:\xampp_new\htdocs\KPI\app\Views\Master\View-Input-Util.php(80): util_prev_year('2022')
#1 D:\xampp_new\htdocs\KPI\vendor\codeigniter4\framework\system\View\View.php(230): include('D:\\xampp_new\\ht...')
#2 D:\xampp_new\htdocs\KPI\vendor\codeigniter4\framework\system\View\View.php(232): CodeIgniter\View\View->CodeIgniter\View\{closure}()
#3 D:\xampp_new\htdocs\KPI\vendor\codeigniter4\framework\system\Common.php(1250): CodeIgniter\View\View->render('Master/View-Inp...', Array, true)
#4 D:\xampp_new\htdocs\KPI\app\Controllers\CapacityUtil.php(74): view('Master/View-Inp...', Array)
#5 D:\xampp_new\htdocs\KPI\vendor\codeigniter4\framework\system\CodeIgniter.php(931): App\Controllers\CapacityUtil->show_cap_util()
#6 D:\xampp_new\htdocs\KPI\vendor\codeigniter4\framework\system\CodeIgniter.php(439): CodeIgniter\CodeIgniter->runController(Object(App\Controllers\CapacityUtil))
#7 D:\xampp_new\htdocs\KPI\vendor\codeigniter4\framework\system\CodeIgniter.php(339): CodeIgniter\CodeIgniter->handleRequest(NULL, Object(Config\Cache), false)
#8 D:\xampp_new\htdocs\KPI\public\index.php(45): CodeIgniter\CodeIgniter->run()
#9 {main}
CRITICAL - 2023-03-27 03:53:35 --> Call to undefined method CodeIgniter\Database\MySQLi\Builder::table()
#0 D:\xampp_new\htdocs\KPI\app\Views\Master\View-Input-Util.php(80): util_prev_year('2022')
#1 D:\xampp_new\htdocs\KPI\vendor\codeigniter4\framework\system\View\View.php(230): include('D:\\xampp_new\\ht...')
#2 D:\xampp_new\htdocs\KPI\vendor\codeigniter4\framework\system\View\View.php(232): CodeIgniter\View\View->CodeIgniter\View\{closure}()
#3 D:\xampp_new\htdocs\KPI\vendor\codeigniter4\framework\system\Common.php(1250): CodeIgniter\View\View->render('Master/View-Inp...', Array, true)
#4 D:\xampp_new\htdocs\KPI\app\Controllers\CapacityUtil.php(74): view('Master/View-Inp...', Array)
#5 D:\xampp_new\htdocs\KPI\vendor\codeigniter4\framework\system\CodeIgniter.php(931): App\Controllers\CapacityUtil->show_cap_util()
#6 D:\xampp_new\htdocs\KPI\vendor\codeigniter4\framework\system\CodeIgniter.php(439): CodeIgniter\CodeIgniter->runController(Object(App\Controllers\CapacityUtil))
#7 D:\xampp_new\htdocs\KPI\vendor\codeigniter4\framework\system\CodeIgniter.php(339): CodeIgniter\CodeIgniter->handleRequest(NULL, Object(Config\Cache), false)
#8 D:\xampp_new\htdocs\KPI\public\index.php(45): CodeIgniter\CodeIgniter->run()
#9 {main}
CRITICAL - 2023-03-27 03:53:37 --> Call to undefined method CodeIgniter\Database\MySQLi\Builder::table()
#0 D:\xampp_new\htdocs\KPI\app\Views\Master\View-Input-Util.php(80): util_prev_year('2022')
#1 D:\xampp_new\htdocs\KPI\vendor\codeigniter4\framework\system\View\View.php(230): include('D:\\xampp_new\\ht...')
#2 D:\xampp_new\htdocs\KPI\vendor\codeigniter4\framework\system\View\View.php(232): CodeIgniter\View\View->CodeIgniter\View\{closure}()
#3 D:\xampp_new\htdocs\KPI\vendor\codeigniter4\framework\system\Common.php(1250): CodeIgniter\View\View->render('Master/View-Inp...', Array, true)
#4 D:\xampp_new\htdocs\KPI\app\Controllers\CapacityUtil.php(74): view('Master/View-Inp...', Array)
#5 D:\xampp_new\htdocs\KPI\vendor\codeigniter4\framework\system\CodeIgniter.php(931): App\Controllers\CapacityUtil->show_cap_util()
#6 D:\xampp_new\htdocs\KPI\vendor\codeigniter4\framework\system\CodeIgniter.php(439): CodeIgniter\CodeIgniter->runController(Object(App\Controllers\CapacityUtil))
#7 D:\xampp_new\htdocs\KPI\vendor\codeigniter4\framework\system\CodeIgniter.php(339): CodeIgniter\CodeIgniter->handleRequest(NULL, Object(Config\Cache), false)
#8 D:\xampp_new\htdocs\KPI\public\index.php(45): CodeIgniter\CodeIgniter->run()
#9 {main}
CRITICAL - 2023-03-27 03:53:38 --> Call to undefined method CodeIgniter\Database\MySQLi\Builder::table()
#0 D:\xampp_new\htdocs\KPI\app\Views\Master\View-Input-Util.php(80): util_prev_year('2022')
#1 D:\xampp_new\htdocs\KPI\vendor\codeigniter4\framework\system\View\View.php(230): include('D:\\xampp_new\\ht...')
#2 D:\xampp_new\htdocs\KPI\vendor\codeigniter4\framework\system\View\View.php(232): CodeIgniter\View\View->CodeIgniter\View\{closure}()
#3 D:\xampp_new\htdocs\KPI\vendor\codeigniter4\framework\system\Common.php(1250): CodeIgniter\View\View->render('Master/View-Inp...', Array, true)
#4 D:\xampp_new\htdocs\KPI\app\Controllers\CapacityUtil.php(74): view('Master/View-Inp...', Array)
#5 D:\xampp_new\htdocs\KPI\vendor\codeigniter4\framework\system\CodeIgniter.php(931): App\Controllers\CapacityUtil->show_cap_util()
#6 D:\xampp_new\htdocs\KPI\vendor\codeigniter4\framework\system\CodeIgniter.php(439): CodeIgniter\CodeIgniter->runController(Object(App\Controllers\CapacityUtil))
#7 D:\xampp_new\htdocs\KPI\vendor\codeigniter4\framework\system\CodeIgniter.php(339): CodeIgniter\CodeIgniter->handleRequest(NULL, Object(Config\Cache), false)
#8 D:\xampp_new\htdocs\KPI\public\index.php(45): CodeIgniter\CodeIgniter->run()
#9 {main}
CRITICAL - 2023-03-27 03:53:38 --> Call to undefined method CodeIgniter\Database\MySQLi\Builder::table()
#0 D:\xampp_new\htdocs\KPI\app\Views\Master\View-Input-Util.php(80): util_prev_year('2022')
#1 D:\xampp_new\htdocs\KPI\vendor\codeigniter4\framework\system\View\View.php(230): include('D:\\xampp_new\\ht...')
#2 D:\xampp_new\htdocs\KPI\vendor\codeigniter4\framework\system\View\View.php(232): CodeIgniter\View\View->CodeIgniter\View\{closure}()
#3 D:\xampp_new\htdocs\KPI\vendor\codeigniter4\framework\system\Common.php(1250): CodeIgniter\View\View->render('Master/View-Inp...', Array, true)
#4 D:\xampp_new\htdocs\KPI\app\Controllers\CapacityUtil.php(74): view('Master/View-Inp...', Array)
#5 D:\xampp_new\htdocs\KPI\vendor\codeigniter4\framework\system\CodeIgniter.php(931): App\Controllers\CapacityUtil->show_cap_util()
#6 D:\xampp_new\htdocs\KPI\vendor\codeigniter4\framework\system\CodeIgniter.php(439): CodeIgniter\CodeIgniter->runController(Object(App\Controllers\CapacityUtil))
#7 D:\xampp_new\htdocs\KPI\vendor\codeigniter4\framework\system\CodeIgniter.php(339): CodeIgniter\CodeIgniter->handleRequest(NULL, Object(Config\Cache), false)
#8 D:\xampp_new\htdocs\KPI\public\index.php(45): CodeIgniter\CodeIgniter->run()
#9 {main}
CRITICAL - 2023-03-27 03:53:38 --> Call to undefined method CodeIgniter\Database\MySQLi\Builder::table()
#0 D:\xampp_new\htdocs\KPI\app\Views\Master\View-Input-Util.php(80): util_prev_year('2022')
#1 D:\xampp_new\htdocs\KPI\vendor\codeigniter4\framework\system\View\View.php(230): include('D:\\xampp_new\\ht...')
#2 D:\xampp_new\htdocs\KPI\vendor\codeigniter4\framework\system\View\View.php(232): CodeIgniter\View\View->CodeIgniter\View\{closure}()
#3 D:\xampp_new\htdocs\KPI\vendor\codeigniter4\framework\system\Common.php(1250): CodeIgniter\View\View->render('Master/View-Inp...', Array, true)
#4 D:\xampp_new\htdocs\KPI\app\Controllers\CapacityUtil.php(74): view('Master/View-Inp...', Array)
#5 D:\xampp_new\htdocs\KPI\vendor\codeigniter4\framework\system\CodeIgniter.php(931): App\Controllers\CapacityUtil->show_cap_util()
#6 D:\xampp_new\htdocs\KPI\vendor\codeigniter4\framework\system\CodeIgniter.php(439): CodeIgniter\CodeIgniter->runController(Object(App\Controllers\CapacityUtil))
#7 D:\xampp_new\htdocs\KPI\vendor\codeigniter4\framework\system\CodeIgniter.php(339): CodeIgniter\CodeIgniter->handleRequest(NULL, Object(Config\Cache), false)
#8 D:\xampp_new\htdocs\KPI\public\index.php(45): CodeIgniter\CodeIgniter->run()
#9 {main}
CRITICAL - 2023-03-27 03:53:38 --> Call to undefined method CodeIgniter\Database\MySQLi\Builder::table()
#0 D:\xampp_new\htdocs\KPI\app\Views\Master\View-Input-Util.php(80): util_prev_year('2022')
#1 D:\xampp_new\htdocs\KPI\vendor\codeigniter4\framework\system\View\View.php(230): include('D:\\xampp_new\\ht...')
#2 D:\xampp_new\htdocs\KPI\vendor\codeigniter4\framework\system\View\View.php(232): CodeIgniter\View\View->CodeIgniter\View\{closure}()
#3 D:\xampp_new\htdocs\KPI\vendor\codeigniter4\framework\system\Common.php(1250): CodeIgniter\View\View->render('Master/View-Inp...', Array, true)
#4 D:\xampp_new\htdocs\KPI\app\Controllers\CapacityUtil.php(74): view('Master/View-Inp...', Array)
#5 D:\xampp_new\htdocs\KPI\vendor\codeigniter4\framework\system\CodeIgniter.php(931): App\Controllers\CapacityUtil->show_cap_util()
#6 D:\xampp_new\htdocs\KPI\vendor\codeigniter4\framework\system\CodeIgniter.php(439): CodeIgniter\CodeIgniter->runController(Object(App\Controllers\CapacityUtil))
#7 D:\xampp_new\htdocs\KPI\vendor\codeigniter4\framework\system\CodeIgniter.php(339): CodeIgniter\CodeIgniter->handleRequest(NULL, Object(Config\Cache), false)
#8 D:\xampp_new\htdocs\KPI\public\index.php(45): CodeIgniter\CodeIgniter->run()
#9 {main}
CRITICAL - 2023-03-27 03:53:38 --> Call to undefined method CodeIgniter\Database\MySQLi\Builder::table()
#0 D:\xampp_new\htdocs\KPI\app\Views\Master\View-Input-Util.php(80): util_prev_year('2022')
#1 D:\xampp_new\htdocs\KPI\vendor\codeigniter4\framework\system\View\View.php(230): include('D:\\xampp_new\\ht...')
#2 D:\xampp_new\htdocs\KPI\vendor\codeigniter4\framework\system\View\View.php(232): CodeIgniter\View\View->CodeIgniter\View\{closure}()
#3 D:\xampp_new\htdocs\KPI\vendor\codeigniter4\framework\system\Common.php(1250): CodeIgniter\View\View->render('Master/View-Inp...', Array, true)
#4 D:\xampp_new\htdocs\KPI\app\Controllers\CapacityUtil.php(74): view('Master/View-Inp...', Array)
#5 D:\xampp_new\htdocs\KPI\vendor\codeigniter4\framework\system\CodeIgniter.php(931): App\Controllers\CapacityUtil->show_cap_util()
#6 D:\xampp_new\htdocs\KPI\vendor\codeigniter4\framework\system\CodeIgniter.php(439): CodeIgniter\CodeIgniter->runController(Object(App\Controllers\CapacityUtil))
#7 D:\xampp_new\htdocs\KPI\vendor\codeigniter4\framework\system\CodeIgniter.php(339): CodeIgniter\CodeIgniter->handleRequest(NULL, Object(Config\Cache), false)
#8 D:\xampp_new\htdocs\KPI\public\index.php(45): CodeIgniter\CodeIgniter->run()
#9 {main}
CRITICAL - 2023-03-27 03:53:39 --> Call to undefined method CodeIgniter\Database\MySQLi\Builder::table()
#0 D:\xampp_new\htdocs\KPI\app\Views\Master\View-Input-Util.php(80): util_prev_year('2022')
#1 D:\xampp_new\htdocs\KPI\vendor\codeigniter4\framework\system\View\View.php(230): include('D:\\xampp_new\\ht...')
#2 D:\xampp_new\htdocs\KPI\vendor\codeigniter4\framework\system\View\View.php(232): CodeIgniter\View\View->CodeIgniter\View\{closure}()
#3 D:\xampp_new\htdocs\KPI\vendor\codeigniter4\framework\system\Common.php(1250): CodeIgniter\View\View->render('Master/View-Inp...', Array, true)
#4 D:\xampp_new\htdocs\KPI\app\Controllers\CapacityUtil.php(74): view('Master/View-Inp...', Array)
#5 D:\xampp_new\htdocs\KPI\vendor\codeigniter4\framework\system\CodeIgniter.php(931): App\Controllers\CapacityUtil->show_cap_util()
#6 D:\xampp_new\htdocs\KPI\vendor\codeigniter4\framework\system\CodeIgniter.php(439): CodeIgniter\CodeIgniter->runController(Object(App\Controllers\CapacityUtil))
#7 D:\xampp_new\htdocs\KPI\vendor\codeigniter4\framework\system\CodeIgniter.php(339): CodeIgniter\CodeIgniter->handleRequest(NULL, Object(Config\Cache), false)
#8 D:\xampp_new\htdocs\KPI\public\index.php(45): CodeIgniter\CodeIgniter->run()
#9 {main}
CRITICAL - 2023-03-27 03:53:39 --> Call to undefined method CodeIgniter\Database\MySQLi\Builder::table()
#0 D:\xampp_new\htdocs\KPI\app\Views\Master\View-Input-Util.php(80): util_prev_year('2022')
#1 D:\xampp_new\htdocs\KPI\vendor\codeigniter4\framework\system\View\View.php(230): include('D:\\xampp_new\\ht...')
#2 D:\xampp_new\htdocs\KPI\vendor\codeigniter4\framework\system\View\View.php(232): CodeIgniter\View\View->CodeIgniter\View\{closure}()
#3 D:\xampp_new\htdocs\KPI\vendor\codeigniter4\framework\system\Common.php(1250): CodeIgniter\View\View->render('Master/View-Inp...', Array, true)
#4 D:\xampp_new\htdocs\KPI\app\Controllers\CapacityUtil.php(74): view('Master/View-Inp...', Array)
#5 D:\xampp_new\htdocs\KPI\vendor\codeigniter4\framework\system\CodeIgniter.php(931): App\Controllers\CapacityUtil->show_cap_util()
#6 D:\xampp_new\htdocs\KPI\vendor\codeigniter4\framework\system\CodeIgniter.php(439): CodeIgniter\CodeIgniter->runController(Object(App\Controllers\CapacityUtil))
#7 D:\xampp_new\htdocs\KPI\vendor\codeigniter4\framework\system\CodeIgniter.php(339): CodeIgniter\CodeIgniter->handleRequest(NULL, Object(Config\Cache), false)
#8 D:\xampp_new\htdocs\KPI\public\index.php(45): CodeIgniter\CodeIgniter->run()
#9 {main}
CRITICAL - 2023-03-27 03:53:39 --> Call to undefined method CodeIgniter\Database\MySQLi\Builder::table()
#0 D:\xampp_new\htdocs\KPI\app\Views\Master\View-Input-Util.php(80): util_prev_year('2022')
#1 D:\xampp_new\htdocs\KPI\vendor\codeigniter4\framework\system\View\View.php(230): include('D:\\xampp_new\\ht...')
#2 D:\xampp_new\htdocs\KPI\vendor\codeigniter4\framework\system\View\View.php(232): CodeIgniter\View\View->CodeIgniter\View\{closure}()
#3 D:\xampp_new\htdocs\KPI\vendor\codeigniter4\framework\system\Common.php(1250): CodeIgniter\View\View->render('Master/View-Inp...', Array, true)
#4 D:\xampp_new\htdocs\KPI\app\Controllers\CapacityUtil.php(74): view('Master/View-Inp...', Array)
#5 D:\xampp_new\htdocs\KPI\vendor\codeigniter4\framework\system\CodeIgniter.php(931): App\Controllers\CapacityUtil->show_cap_util()
#6 D:\xampp_new\htdocs\KPI\vendor\codeigniter4\framework\system\CodeIgniter.php(439): CodeIgniter\CodeIgniter->runController(Object(App\Controllers\CapacityUtil))
#7 D:\xampp_new\htdocs\KPI\vendor\codeigniter4\framework\system\CodeIgniter.php(339): CodeIgniter\CodeIgniter->handleRequest(NULL, Object(Config\Cache), false)
#8 D:\xampp_new\htdocs\KPI\public\index.php(45): CodeIgniter\CodeIgniter->run()
#9 {main}
CRITICAL - 2023-03-27 03:54:07 --> Call to undefined method CodeIgniter\Database\MySQLi\Builder::table()
#0 D:\xampp_new\htdocs\KPI\app\Views\Master\View-Input-Util.php(80): util_prev_year('2022')
#1 D:\xampp_new\htdocs\KPI\vendor\codeigniter4\framework\system\View\View.php(230): include('D:\\xampp_new\\ht...')
#2 D:\xampp_new\htdocs\KPI\vendor\codeigniter4\framework\system\View\View.php(232): CodeIgniter\View\View->CodeIgniter\View\{closure}()
#3 D:\xampp_new\htdocs\KPI\vendor\codeigniter4\framework\system\Common.php(1250): CodeIgniter\View\View->render('Master/View-Inp...', Array, true)
#4 D:\xampp_new\htdocs\KPI\app\Controllers\CapacityUtil.php(74): view('Master/View-Inp...', Array)
#5 D:\xampp_new\htdocs\KPI\vendor\codeigniter4\framework\system\CodeIgniter.php(931): App\Controllers\CapacityUtil->show_cap_util()
#6 D:\xampp_new\htdocs\KPI\vendor\codeigniter4\framework\system\CodeIgniter.php(439): CodeIgniter\CodeIgniter->runController(Object(App\Controllers\CapacityUtil))
#7 D:\xampp_new\htdocs\KPI\vendor\codeigniter4\framework\system\CodeIgniter.php(339): CodeIgniter\CodeIgniter->handleRequest(NULL, Object(Config\Cache), false)
#8 D:\xampp_new\htdocs\KPI\public\index.php(45): CodeIgniter\CodeIgniter->run()
#9 {main}
CRITICAL - 2023-03-27 03:54:08 --> Call to undefined method CodeIgniter\Database\MySQLi\Builder::table()
#0 D:\xampp_new\htdocs\KPI\app\Views\Master\View-Input-Util.php(80): util_prev_year('2022')
#1 D:\xampp_new\htdocs\KPI\vendor\codeigniter4\framework\system\View\View.php(230): include('D:\\xampp_new\\ht...')
#2 D:\xampp_new\htdocs\KPI\vendor\codeigniter4\framework\system\View\View.php(232): CodeIgniter\View\View->CodeIgniter\View\{closure}()
#3 D:\xampp_new\htdocs\KPI\vendor\codeigniter4\framework\system\Common.php(1250): CodeIgniter\View\View->render('Master/View-Inp...', Array, true)
#4 D:\xampp_new\htdocs\KPI\app\Controllers\CapacityUtil.php(74): view('Master/View-Inp...', Array)
#5 D:\xampp_new\htdocs\KPI\vendor\codeigniter4\framework\system\CodeIgniter.php(931): App\Controllers\CapacityUtil->show_cap_util()
#6 D:\xampp_new\htdocs\KPI\vendor\codeigniter4\framework\system\CodeIgniter.php(439): CodeIgniter\CodeIgniter->runController(Object(App\Controllers\CapacityUtil))
#7 D:\xampp_new\htdocs\KPI\vendor\codeigniter4\framework\system\CodeIgniter.php(339): CodeIgniter\CodeIgniter->handleRequest(NULL, Object(Config\Cache), false)
#8 D:\xampp_new\htdocs\KPI\public\index.php(45): CodeIgniter\CodeIgniter->run()
#9 {main}
CRITICAL - 2023-03-27 03:54:09 --> Call to undefined method CodeIgniter\Database\MySQLi\Builder::table()
#0 D:\xampp_new\htdocs\KPI\app\Views\Master\View-Input-Util.php(80): util_prev_year('2022')
#1 D:\xampp_new\htdocs\KPI\vendor\codeigniter4\framework\system\View\View.php(230): include('D:\\xampp_new\\ht...')
#2 D:\xampp_new\htdocs\KPI\vendor\codeigniter4\framework\system\View\View.php(232): CodeIgniter\View\View->CodeIgniter\View\{closure}()
#3 D:\xampp_new\htdocs\KPI\vendor\codeigniter4\framework\system\Common.php(1250): CodeIgniter\View\View->render('Master/View-Inp...', Array, true)
#4 D:\xampp_new\htdocs\KPI\app\Controllers\CapacityUtil.php(74): view('Master/View-Inp...', Array)
#5 D:\xampp_new\htdocs\KPI\vendor\codeigniter4\framework\system\CodeIgniter.php(931): App\Controllers\CapacityUtil->show_cap_util()
#6 D:\xampp_new\htdocs\KPI\vendor\codeigniter4\framework\system\CodeIgniter.php(439): CodeIgniter\CodeIgniter->runController(Object(App\Controllers\CapacityUtil))
#7 D:\xampp_new\htdocs\KPI\vendor\codeigniter4\framework\system\CodeIgniter.php(339): CodeIgniter\CodeIgniter->handleRequest(NULL, Object(Config\Cache), false)
#8 D:\xampp_new\htdocs\KPI\public\index.php(45): CodeIgniter\CodeIgniter->run()
#9 {main}
CRITICAL - 2023-03-27 03:54:09 --> Call to undefined method CodeIgniter\Database\MySQLi\Builder::table()
#0 D:\xampp_new\htdocs\KPI\app\Views\Master\View-Input-Util.php(80): util_prev_year('2022')
#1 D:\xampp_new\htdocs\KPI\vendor\codeigniter4\framework\system\View\View.php(230): include('D:\\xampp_new\\ht...')
#2 D:\xampp_new\htdocs\KPI\vendor\codeigniter4\framework\system\View\View.php(232): CodeIgniter\View\View->CodeIgniter\View\{closure}()
#3 D:\xampp_new\htdocs\KPI\vendor\codeigniter4\framework\system\Common.php(1250): CodeIgniter\View\View->render('Master/View-Inp...', Array, true)
#4 D:\xampp_new\htdocs\KPI\app\Controllers\CapacityUtil.php(74): view('Master/View-Inp...', Array)
#5 D:\xampp_new\htdocs\KPI\vendor\codeigniter4\framework\system\CodeIgniter.php(931): App\Controllers\CapacityUtil->show_cap_util()
#6 D:\xampp_new\htdocs\KPI\vendor\codeigniter4\framework\system\CodeIgniter.php(439): CodeIgniter\CodeIgniter->runController(Object(App\Controllers\CapacityUtil))
#7 D:\xampp_new\htdocs\KPI\vendor\codeigniter4\framework\system\CodeIgniter.php(339): CodeIgniter\CodeIgniter->handleRequest(NULL, Object(Config\Cache), false)
#8 D:\xampp_new\htdocs\KPI\public\index.php(45): CodeIgniter\CodeIgniter->run()
#9 {main}
CRITICAL - 2023-03-27 03:54:09 --> Call to undefined method CodeIgniter\Database\MySQLi\Builder::table()
#0 D:\xampp_new\htdocs\KPI\app\Views\Master\View-Input-Util.php(80): util_prev_year('2022')
#1 D:\xampp_new\htdocs\KPI\vendor\codeigniter4\framework\system\View\View.php(230): include('D:\\xampp_new\\ht...')
#2 D:\xampp_new\htdocs\KPI\vendor\codeigniter4\framework\system\View\View.php(232): CodeIgniter\View\View->CodeIgniter\View\{closure}()
#3 D:\xampp_new\htdocs\KPI\vendor\codeigniter4\framework\system\Common.php(1250): CodeIgniter\View\View->render('Master/View-Inp...', Array, true)
#4 D:\xampp_new\htdocs\KPI\app\Controllers\CapacityUtil.php(74): view('Master/View-Inp...', Array)
#5 D:\xampp_new\htdocs\KPI\vendor\codeigniter4\framework\system\CodeIgniter.php(931): App\Controllers\CapacityUtil->show_cap_util()
#6 D:\xampp_new\htdocs\KPI\vendor\codeigniter4\framework\system\CodeIgniter.php(439): CodeIgniter\CodeIgniter->runController(Object(App\Controllers\CapacityUtil))
#7 D:\xampp_new\htdocs\KPI\vendor\codeigniter4\framework\system\CodeIgniter.php(339): CodeIgniter\CodeIgniter->handleRequest(NULL, Object(Config\Cache), false)
#8 D:\xampp_new\htdocs\KPI\public\index.php(45): CodeIgniter\CodeIgniter->run()
#9 {main}
CRITICAL - 2023-03-27 03:54:09 --> Call to undefined method CodeIgniter\Database\MySQLi\Builder::table()
#0 D:\xampp_new\htdocs\KPI\app\Views\Master\View-Input-Util.php(80): util_prev_year('2022')
#1 D:\xampp_new\htdocs\KPI\vendor\codeigniter4\framework\system\View\View.php(230): include('D:\\xampp_new\\ht...')
#2 D:\xampp_new\htdocs\KPI\vendor\codeigniter4\framework\system\View\View.php(232): CodeIgniter\View\View->CodeIgniter\View\{closure}()
#3 D:\xampp_new\htdocs\KPI\vendor\codeigniter4\framework\system\Common.php(1250): CodeIgniter\View\View->render('Master/View-Inp...', Array, true)
#4 D:\xampp_new\htdocs\KPI\app\Controllers\CapacityUtil.php(74): view('Master/View-Inp...', Array)
#5 D:\xampp_new\htdocs\KPI\vendor\codeigniter4\framework\system\CodeIgniter.php(931): App\Controllers\CapacityUtil->show_cap_util()
#6 D:\xampp_new\htdocs\KPI\vendor\codeigniter4\framework\system\CodeIgniter.php(439): CodeIgniter\CodeIgniter->runController(Object(App\Controllers\CapacityUtil))
#7 D:\xampp_new\htdocs\KPI\vendor\codeigniter4\framework\system\CodeIgniter.php(339): CodeIgniter\CodeIgniter->handleRequest(NULL, Object(Config\Cache), false)
#8 D:\xampp_new\htdocs\KPI\public\index.php(45): CodeIgniter\CodeIgniter->run()
#9 {main}
CRITICAL - 2023-03-27 03:54:09 --> Call to undefined method CodeIgniter\Database\MySQLi\Builder::table()
#0 D:\xampp_new\htdocs\KPI\app\Views\Master\View-Input-Util.php(80): util_prev_year('2022')
#1 D:\xampp_new\htdocs\KPI\vendor\codeigniter4\framework\system\View\View.php(230): include('D:\\xampp_new\\ht...')
#2 D:\xampp_new\htdocs\KPI\vendor\codeigniter4\framework\system\View\View.php(232): CodeIgniter\View\View->CodeIgniter\View\{closure}()
#3 D:\xampp_new\htdocs\KPI\vendor\codeigniter4\framework\system\Common.php(1250): CodeIgniter\View\View->render('Master/View-Inp...', Array, true)
#4 D:\xampp_new\htdocs\KPI\app\Controllers\CapacityUtil.php(74): view('Master/View-Inp...', Array)
#5 D:\xampp_new\htdocs\KPI\vendor\codeigniter4\framework\system\CodeIgniter.php(931): App\Controllers\CapacityUtil->show_cap_util()
#6 D:\xampp_new\htdocs\KPI\vendor\codeigniter4\framework\system\CodeIgniter.php(439): CodeIgniter\CodeIgniter->runController(Object(App\Controllers\CapacityUtil))
#7 D:\xampp_new\htdocs\KPI\vendor\codeigniter4\framework\system\CodeIgniter.php(339): CodeIgniter\CodeIgniter->handleRequest(NULL, Object(Config\Cache), false)
#8 D:\xampp_new\htdocs\KPI\public\index.php(45): CodeIgniter\CodeIgniter->run()
#9 {main}
CRITICAL - 2023-03-27 04:00:09 --> Using $this when not in object context
#0 D:\xampp_new\htdocs\KPI\app\Views\Master\View-Input-Util.php(80): util_prev_year('2022')
#1 D:\xampp_new\htdocs\KPI\vendor\codeigniter4\framework\system\View\View.php(230): include('D:\\xampp_new\\ht...')
#2 D:\xampp_new\htdocs\KPI\vendor\codeigniter4\framework\system\View\View.php(232): CodeIgniter\View\View->CodeIgniter\View\{closure}()
#3 D:\xampp_new\htdocs\KPI\vendor\codeigniter4\framework\system\Common.php(1250): CodeIgniter\View\View->render('Master/View-Inp...', Array, true)
#4 D:\xampp_new\htdocs\KPI\app\Controllers\CapacityUtil.php(74): view('Master/View-Inp...', Array)
#5 D:\xampp_new\htdocs\KPI\vendor\codeigniter4\framework\system\CodeIgniter.php(931): App\Controllers\CapacityUtil->show_cap_util()
#6 D:\xampp_new\htdocs\KPI\vendor\codeigniter4\framework\system\CodeIgniter.php(439): CodeIgniter\CodeIgniter->runController(Object(App\Controllers\CapacityUtil))
#7 D:\xampp_new\htdocs\KPI\vendor\codeigniter4\framework\system\CodeIgniter.php(339): CodeIgniter\CodeIgniter->handleRequest(NULL, Object(Config\Cache), false)
#8 D:\xampp_new\htdocs\KPI\public\index.php(45): CodeIgniter\CodeIgniter->run()
#9 {main}
CRITICAL - 2023-03-27 04:00:28 --> Call to undefined method CodeIgniter\Database\MySQLi\Builder::table()
#0 D:\xampp_new\htdocs\KPI\app\Views\Master\View-Input-Util.php(80): util_prev_year('2022')
#1 D:\xampp_new\htdocs\KPI\vendor\codeigniter4\framework\system\View\View.php(230): include('D:\\xampp_new\\ht...')
#2 D:\xampp_new\htdocs\KPI\vendor\codeigniter4\framework\system\View\View.php(232): CodeIgniter\View\View->CodeIgniter\View\{closure}()
#3 D:\xampp_new\htdocs\KPI\vendor\codeigniter4\framework\system\Common.php(1250): CodeIgniter\View\View->render('Master/View-Inp...', Array, true)
#4 D:\xampp_new\htdocs\KPI\app\Controllers\CapacityUtil.php(74): view('Master/View-Inp...', Array)
#5 D:\xampp_new\htdocs\KPI\vendor\codeigniter4\framework\system\CodeIgniter.php(931): App\Controllers\CapacityUtil->show_cap_util()
#6 D:\xampp_new\htdocs\KPI\vendor\codeigniter4\framework\system\CodeIgniter.php(439): CodeIgniter\CodeIgniter->runController(Object(App\Controllers\CapacityUtil))
#7 D:\xampp_new\htdocs\KPI\vendor\codeigniter4\framework\system\CodeIgniter.php(339): CodeIgniter\CodeIgniter->handleRequest(NULL, Object(Config\Cache), false)
#8 D:\xampp_new\htdocs\KPI\public\index.php(45): CodeIgniter\CodeIgniter->run()
#9 {main}
CRITICAL - 2023-03-27 19:24:51 --> Call to a member function getResultArray() on bool
#0 D:\xampp_new\htdocs\KPI\vendor\codeigniter4\framework\system\CodeIgniter.php(931): App\Controllers\CapacityUtil->show_cap_util()
#1 D:\xampp_new\htdocs\KPI\vendor\codeigniter4\framework\system\CodeIgniter.php(439): CodeIgniter\CodeIgniter->runController(Object(App\Controllers\CapacityUtil))
#2 D:\xampp_new\htdocs\KPI\vendor\codeigniter4\framework\system\CodeIgniter.php(339): CodeIgniter\CodeIgniter->handleRequest(NULL, Object(Config\Cache), false)
#3 D:\xampp_new\htdocs\KPI\public\index.php(45): CodeIgniter\CodeIgniter->run()
#4 {main}
CRITICAL - 2023-03-27 20:00:30 --> Call to undefined method CodeIgniter\Database\MySQLi\Builder::table()
#0 D:\xampp_new\htdocs\KPI\app\Views\Master\View-Input-Util.php(80): util_prev_year('2022')
#1 D:\xampp_new\htdocs\KPI\vendor\codeigniter4\framework\system\View\View.php(230): include('D:\\xampp_new\\ht...')
#2 D:\xampp_new\htdocs\KPI\vendor\codeigniter4\framework\system\View\View.php(232): CodeIgniter\View\View->CodeIgniter\View\{closure}()
#3 D:\xampp_new\htdocs\KPI\vendor\codeigniter4\framework\system\Common.php(1250): CodeIgniter\View\View->render('Master/View-Inp...', Array, true)
#4 D:\xampp_new\htdocs\KPI\app\Controllers\CapacityUtil.php(74): view('Master/View-Inp...', Array)
#5 D:\xampp_new\htdocs\KPI\vendor\codeigniter4\framework\system\CodeIgniter.php(931): App\Controllers\CapacityUtil->show_cap_util()
#6 D:\xampp_new\htdocs\KPI\vendor\codeigniter4\framework\system\CodeIgniter.php(439): CodeIgniter\CodeIgniter->runController(Object(App\Controllers\CapacityUtil))
#7 D:\xampp_new\htdocs\KPI\vendor\codeigniter4\framework\system\CodeIgniter.php(339): CodeIgniter\CodeIgniter->handleRequest(NULL, Object(Config\Cache), false)
#8 D:\xampp_new\htdocs\KPI\public\index.php(45): CodeIgniter\CodeIgniter->run()
#9 {main}
CRITICAL - 2023-03-27 20:00:52 --> Call to undefined function get_instance()
#0 D:\xampp_new\htdocs\KPI\app\Views\Master\View-Input-Util.php(81): util_result()
#1 D:\xampp_new\htdocs\KPI\vendor\codeigniter4\framework\system\View\View.php(230): include('D:\\xampp_new\\ht...')
#2 D:\xampp_new\htdocs\KPI\vendor\codeigniter4\framework\system\View\View.php(232): CodeIgniter\View\View->CodeIgniter\View\{closure}()
#3 D:\xampp_new\htdocs\KPI\vendor\codeigniter4\framework\system\Common.php(1250): CodeIgniter\View\View->render('Master/View-Inp...', Array, true)
#4 D:\xampp_new\htdocs\KPI\app\Controllers\CapacityUtil.php(74): view('Master/View-Inp...', Array)
#5 D:\xampp_new\htdocs\KPI\vendor\codeigniter4\framework\system\CodeIgniter.php(931): App\Controllers\CapacityUtil->show_cap_util()
#6 D:\xampp_new\htdocs\KPI\vendor\codeigniter4\framework\system\CodeIgniter.php(439): CodeIgniter\CodeIgniter->runController(Object(App\Controllers\CapacityUtil))
#7 D:\xampp_new\htdocs\KPI\vendor\codeigniter4\framework\system\CodeIgniter.php(339): CodeIgniter\CodeIgniter->handleRequest(NULL, Object(Config\Cache), false)
#8 D:\xampp_new\htdocs\KPI\public\index.php(45): CodeIgniter\CodeIgniter->run()
#9 {main}
CRITICAL - 2023-03-27 20:04:12 --> Call to undefined function get_instance()
#0 D:\xampp_new\htdocs\KPI\app\Views\Master\View-Input-Util.php(81): util_result()
#1 D:\xampp_new\htdocs\KPI\vendor\codeigniter4\framework\system\View\View.php(230): include('D:\\xampp_new\\ht...')
#2 D:\xampp_new\htdocs\KPI\vendor\codeigniter4\framework\system\View\View.php(232): CodeIgniter\View\View->CodeIgniter\View\{closure}()
#3 D:\xampp_new\htdocs\KPI\vendor\codeigniter4\framework\system\Common.php(1250): CodeIgniter\View\View->render('Master/View-Inp...', Array, true)
#4 D:\xampp_new\htdocs\KPI\app\Controllers\CapacityUtil.php(74): view('Master/View-Inp...', Array)
#5 D:\xampp_new\htdocs\KPI\vendor\codeigniter4\framework\system\CodeIgniter.php(931): App\Controllers\CapacityUtil->show_cap_util()
#6 D:\xampp_new\htdocs\KPI\vendor\codeigniter4\framework\system\CodeIgniter.php(439): CodeIgniter\CodeIgniter->runController(Object(App\Controllers\CapacityUtil))
#7 D:\xampp_new\htdocs\KPI\vendor\codeigniter4\framework\system\CodeIgniter.php(339): CodeIgniter\CodeIgniter->handleRequest(NULL, Object(Config\Cache), false)
#8 D:\xampp_new\htdocs\KPI\public\index.php(45): CodeIgniter\CodeIgniter->run()
#9 {main}
CRITICAL - 2023-03-27 20:04:44 --> Call to undefined function get_instance()
#0 D:\xampp_new\htdocs\KPI\app\Views\Master\View-Input-Util.php(81): util_result()
#1 D:\xampp_new\htdocs\KPI\vendor\codeigniter4\framework\system\View\View.php(230): include('D:\\xampp_new\\ht...')
#2 D:\xampp_new\htdocs\KPI\vendor\codeigniter4\framework\system\View\View.php(232): CodeIgniter\View\View->CodeIgniter\View\{closure}()
#3 D:\xampp_new\htdocs\KPI\vendor\codeigniter4\framework\system\Common.php(1250): CodeIgniter\View\View->render('Master/View-Inp...', Array, true)
#4 D:\xampp_new\htdocs\KPI\app\Controllers\CapacityUtil.php(74): view('Master/View-Inp...', Array)
#5 D:\xampp_new\htdocs\KPI\vendor\codeigniter4\framework\system\CodeIgniter.php(931): App\Controllers\CapacityUtil->show_cap_util()
#6 D:\xampp_new\htdocs\KPI\vendor\codeigniter4\framework\system\CodeIgniter.php(439): CodeIgniter\CodeIgniter->runController(Object(App\Controllers\CapacityUtil))
#7 D:\xampp_new\htdocs\KPI\vendor\codeigniter4\framework\system\CodeIgniter.php(339): CodeIgniter\CodeIgniter->handleRequest(NULL, Object(Config\Cache), false)
#8 D:\xampp_new\htdocs\KPI\public\index.php(45): CodeIgniter\CodeIgniter->run()
#9 {main}
CRITICAL - 2023-03-27 20:24:31 --> Call to a member function getLastQuery() on null
#0 D:\xampp_new\htdocs\KPI\app\Helpers\my_helper.php(33): App\Models\ViewLineUtilModel->get_result_util('1', 2020)
#1 D:\xampp_new\htdocs\KPI\app\Views\Master\View-Input-Util.php(86): util_result('1', 2020)
#2 D:\xampp_new\htdocs\KPI\vendor\codeigniter4\framework\system\View\View.php(230): include('D:\\xampp_new\\ht...')
#3 D:\xampp_new\htdocs\KPI\vendor\codeigniter4\framework\system\View\View.php(232): CodeIgniter\View\View->CodeIgniter\View\{closure}()
#4 D:\xampp_new\htdocs\KPI\vendor\codeigniter4\framework\system\Common.php(1250): CodeIgniter\View\View->render('Master/View-Inp...', Array, true)
#5 D:\xampp_new\htdocs\KPI\app\Controllers\CapacityUtil.php(74): view('Master/View-Inp...', Array)
#6 D:\xampp_new\htdocs\KPI\vendor\codeigniter4\framework\system\CodeIgniter.php(931): App\Controllers\CapacityUtil->show_cap_util()
#7 D:\xampp_new\htdocs\KPI\vendor\codeigniter4\framework\system\CodeIgniter.php(439): CodeIgniter\CodeIgniter->runController(Object(App\Controllers\CapacityUtil))
#8 D:\xampp_new\htdocs\KPI\vendor\codeigniter4\framework\system\CodeIgniter.php(339): CodeIgniter\CodeIgniter->handleRequest(NULL, Object(Config\Cache), false)
#9 D:\xampp_new\htdocs\KPI\public\index.php(45): CodeIgniter\CodeIgniter->run()
#10 {main}
CRITICAL - 2023-03-27 20:44:00 --> Call to a member function get_result_util() on null
#0 D:\xampp_new\htdocs\KPI\app\Views\Master\View-Input-Util.php(86): util_result('1', 2020)
#1 D:\xampp_new\htdocs\KPI\vendor\codeigniter4\framework\system\View\View.php(230): include('D:\\xampp_new\\ht...')
#2 D:\xampp_new\htdocs\KPI\vendor\codeigniter4\framework\system\View\View.php(232): CodeIgniter\View\View->CodeIgniter\View\{closure}()
#3 D:\xampp_new\htdocs\KPI\vendor\codeigniter4\framework\system\Common.php(1250): CodeIgniter\View\View->render('Master/View-Inp...', Array, true)
#4 D:\xampp_new\htdocs\KPI\app\Controllers\CapacityUtil.php(74): view('Master/View-Inp...', Array)
#5 D:\xampp_new\htdocs\KPI\vendor\codeigniter4\framework\system\CodeIgniter.php(931): App\Controllers\CapacityUtil->show_cap_util()
#6 D:\xampp_new\htdocs\KPI\vendor\codeigniter4\framework\system\CodeIgniter.php(439): CodeIgniter\CodeIgniter->runController(Object(App\Controllers\CapacityUtil))
#7 D:\xampp_new\htdocs\KPI\vendor\codeigniter4\framework\system\CodeIgniter.php(339): CodeIgniter\CodeIgniter->handleRequest(NULL, Object(Config\Cache), false)
#8 D:\xampp_new\htdocs\KPI\public\index.php(45): CodeIgniter\CodeIgniter->run()
#9 {main}
CRITICAL - 2023-03-27 20:44:28 --> Call to a member function get_result_util() on null
#0 D:\xampp_new\htdocs\KPI\app\Views\Master\View-Input-Util.php(86): util_result('1', 2020)
#1 D:\xampp_new\htdocs\KPI\vendor\codeigniter4\framework\system\View\View.php(230): include('D:\\xampp_new\\ht...')
#2 D:\xampp_new\htdocs\KPI\vendor\codeigniter4\framework\system\View\View.php(232): CodeIgniter\View\View->CodeIgniter\View\{closure}()
#3 D:\xampp_new\htdocs\KPI\vendor\codeigniter4\framework\system\Common.php(1250): CodeIgniter\View\View->render('Master/View-Inp...', Array, true)
#4 D:\xampp_new\htdocs\KPI\app\Controllers\CapacityUtil.php(74): view('Master/View-Inp...', Array)
#5 D:\xampp_new\htdocs\KPI\vendor\codeigniter4\framework\system\CodeIgniter.php(931): App\Controllers\CapacityUtil->show_cap_util()
#6 D:\xampp_new\htdocs\KPI\vendor\codeigniter4\framework\system\CodeIgniter.php(439): CodeIgniter\CodeIgniter->runController(Object(App\Controllers\CapacityUtil))
#7 D:\xampp_new\htdocs\KPI\vendor\codeigniter4\framework\system\CodeIgniter.php(339): CodeIgniter\CodeIgniter->handleRequest(NULL, Object(Config\Cache), false)
#8 D:\xampp_new\htdocs\KPI\public\index.php(45): CodeIgniter\CodeIgniter->run()
#9 {main}
CRITICAL - 2023-03-27 20:44:29 --> Call to a member function get_result_util() on null
#0 D:\xampp_new\htdocs\KPI\app\Views\Master\View-Input-Util.php(86): util_result('1', 2020)
#1 D:\xampp_new\htdocs\KPI\vendor\codeigniter4\framework\system\View\View.php(230): include('D:\\xampp_new\\ht...')
#2 D:\xampp_new\htdocs\KPI\vendor\codeigniter4\framework\system\View\View.php(232): CodeIgniter\View\View->CodeIgniter\View\{closure}()
#3 D:\xampp_new\htdocs\KPI\vendor\codeigniter4\framework\system\Common.php(1250): CodeIgniter\View\View->render('Master/View-Inp...', Array, true)
#4 D:\xampp_new\htdocs\KPI\app\Controllers\CapacityUtil.php(74): view('Master/View-Inp...', Array)
#5 D:\xampp_new\htdocs\KPI\vendor\codeigniter4\framework\system\CodeIgniter.php(931): App\Controllers\CapacityUtil->show_cap_util()
#6 D:\xampp_new\htdocs\KPI\vendor\codeigniter4\framework\system\CodeIgniter.php(439): CodeIgniter\CodeIgniter->runController(Object(App\Controllers\CapacityUtil))
#7 D:\xampp_new\htdocs\KPI\vendor\codeigniter4\framework\system\CodeIgniter.php(339): CodeIgniter\CodeIgniter->handleRequest(NULL, Object(Config\Cache), false)
#8 D:\xampp_new\htdocs\KPI\public\index.php(45): CodeIgniter\CodeIgniter->run()
#9 {main}
CRITICAL - 2023-03-27 20:44:56 --> Call to a member function get_result_util() on null
#0 D:\xampp_new\htdocs\KPI\app\Views\Master\View-Input-Util.php(86): util_result('1', 2020)
#1 D:\xampp_new\htdocs\KPI\vendor\codeigniter4\framework\system\View\View.php(230): include('D:\\xampp_new\\ht...')
#2 D:\xampp_new\htdocs\KPI\vendor\codeigniter4\framework\system\View\View.php(232): CodeIgniter\View\View->CodeIgniter\View\{closure}()
#3 D:\xampp_new\htdocs\KPI\vendor\codeigniter4\framework\system\Common.php(1250): CodeIgniter\View\View->render('Master/View-Inp...', Array, true)
#4 D:\xampp_new\htdocs\KPI\app\Controllers\CapacityUtil.php(74): view('Master/View-Inp...', Array)
#5 D:\xampp_new\htdocs\KPI\vendor\codeigniter4\framework\system\CodeIgniter.php(931): App\Controllers\CapacityUtil->show_cap_util()
#6 D:\xampp_new\htdocs\KPI\vendor\codeigniter4\framework\system\CodeIgniter.php(439): CodeIgniter\CodeIgniter->runController(Object(App\Controllers\CapacityUtil))
#7 D:\xampp_new\htdocs\KPI\vendor\codeigniter4\framework\system\CodeIgniter.php(339): CodeIgniter\CodeIgniter->handleRequest(NULL, Object(Config\Cache), false)
#8 D:\xampp_new\htdocs\KPI\public\index.php(45): CodeIgniter\CodeIgniter->run()
#9 {main}
CRITICAL - 2023-03-27 20:44:58 --> Call to a member function get_result_util() on null
#0 D:\xampp_new\htdocs\KPI\app\Views\Master\View-Input-Util.php(86): util_result('1', 2020)
#1 D:\xampp_new\htdocs\KPI\vendor\codeigniter4\framework\system\View\View.php(230): include('D:\\xampp_new\\ht...')
#2 D:\xampp_new\htdocs\KPI\vendor\codeigniter4\framework\system\View\View.php(232): CodeIgniter\View\View->CodeIgniter\View\{closure}()
#3 D:\xampp_new\htdocs\KPI\vendor\codeigniter4\framework\system\Common.php(1250): CodeIgniter\View\View->render('Master/View-Inp...', Array, true)
#4 D:\xampp_new\htdocs\KPI\app\Controllers\CapacityUtil.php(74): view('Master/View-Inp...', Array)
#5 D:\xampp_new\htdocs\KPI\vendor\codeigniter4\framework\system\CodeIgniter.php(931): App\Controllers\CapacityUtil->show_cap_util()
#6 D:\xampp_new\htdocs\KPI\vendor\codeigniter4\framework\system\CodeIgniter.php(439): CodeIgniter\CodeIgniter->runController(Object(App\Controllers\CapacityUtil))
#7 D:\xampp_new\htdocs\KPI\vendor\codeigniter4\framework\system\CodeIgniter.php(339): CodeIgniter\CodeIgniter->handleRequest(NULL, Object(Config\Cache), false)
#8 D:\xampp_new\htdocs\KPI\public\index.php(45): CodeIgniter\CodeIgniter->run()
#9 {main}
CRITICAL - 2023-03-27 20:46:46 --> Call to a member function get_result_util() on null
#0 D:\xampp_new\htdocs\KPI\app\Views\Master\View-Input-Util.php(86): util_result('1', 2020)
#1 D:\xampp_new\htdocs\KPI\vendor\codeigniter4\framework\system\View\View.php(230): include('D:\\xampp_new\\ht...')
#2 D:\xampp_new\htdocs\KPI\vendor\codeigniter4\framework\system\View\View.php(232): CodeIgniter\View\View->CodeIgniter\View\{closure}()
#3 D:\xampp_new\htdocs\KPI\vendor\codeigniter4\framework\system\Common.php(1250): CodeIgniter\View\View->render('Master/View-Inp...', Array, true)
#4 D:\xampp_new\htdocs\KPI\app\Controllers\CapacityUtil.php(74): view('Master/View-Inp...', Array)
#5 D:\xampp_new\htdocs\KPI\vendor\codeigniter4\framework\system\CodeIgniter.php(931): App\Controllers\CapacityUtil->show_cap_util()
#6 D:\xampp_new\htdocs\KPI\vendor\codeigniter4\framework\system\CodeIgniter.php(439): CodeIgniter\CodeIgniter->runController(Object(App\Controllers\CapacityUtil))
#7 D:\xampp_new\htdocs\KPI\vendor\codeigniter4\framework\system\CodeIgniter.php(339): CodeIgniter\CodeIgniter->handleRequest(NULL, Object(Config\Cache), false)
#8 D:\xampp_new\htdocs\KPI\public\index.php(45): CodeIgniter\CodeIgniter->run()
#9 {main}
CRITICAL - 2023-03-27 20:46:47 --> Call to a member function get_result_util() on null
#0 D:\xampp_new\htdocs\KPI\app\Views\Master\View-Input-Util.php(86): util_result('1', 2020)
#1 D:\xampp_new\htdocs\KPI\vendor\codeigniter4\framework\system\View\View.php(230): include('D:\\xampp_new\\ht...')
#2 D:\xampp_new\htdocs\KPI\vendor\codeigniter4\framework\system\View\View.php(232): CodeIgniter\View\View->CodeIgniter\View\{closure}()
#3 D:\xampp_new\htdocs\KPI\vendor\codeigniter4\framework\system\Common.php(1250): CodeIgniter\View\View->render('Master/View-Inp...', Array, true)
#4 D:\xampp_new\htdocs\KPI\app\Controllers\CapacityUtil.php(74): view('Master/View-Inp...', Array)
#5 D:\xampp_new\htdocs\KPI\vendor\codeigniter4\framework\system\CodeIgniter.php(931): App\Controllers\CapacityUtil->show_cap_util()
#6 D:\xampp_new\htdocs\KPI\vendor\codeigniter4\framework\system\CodeIgniter.php(439): CodeIgniter\CodeIgniter->runController(Object(App\Controllers\CapacityUtil))
#7 D:\xampp_new\htdocs\KPI\vendor\codeigniter4\framework\system\CodeIgniter.php(339): CodeIgniter\CodeIgniter->handleRequest(NULL, Object(Config\Cache), false)
#8 D:\xampp_new\htdocs\KPI\public\index.php(45): CodeIgniter\CodeIgniter->run()
#9 {main}
CRITICAL - 2023-03-27 20:46:49 --> Call to a member function get_result_util() on null
#0 D:\xampp_new\htdocs\KPI\app\Views\Master\View-Input-Util.php(86): util_result('1', 2020)
#1 D:\xampp_new\htdocs\KPI\vendor\codeigniter4\framework\system\View\View.php(230): include('D:\\xampp_new\\ht...')
#2 D:\xampp_new\htdocs\KPI\vendor\codeigniter4\framework\system\View\View.php(232): CodeIgniter\View\View->CodeIgniter\View\{closure}()
#3 D:\xampp_new\htdocs\KPI\vendor\codeigniter4\framework\system\Common.php(1250): CodeIgniter\View\View->render('Master/View-Inp...', Array, true)
#4 D:\xampp_new\htdocs\KPI\app\Controllers\CapacityUtil.php(74): view('Master/View-Inp...', Array)
#5 D:\xampp_new\htdocs\KPI\vendor\codeigniter4\framework\system\CodeIgniter.php(931): App\Controllers\CapacityUtil->show_cap_util()
#6 D:\xampp_new\htdocs\KPI\vendor\codeigniter4\framework\system\CodeIgniter.php(439): CodeIgniter\CodeIgniter->runController(Object(App\Controllers\CapacityUtil))
#7 D:\xampp_new\htdocs\KPI\vendor\codeigniter4\framework\system\CodeIgniter.php(339): CodeIgniter\CodeIgniter->handleRequest(NULL, Object(Config\Cache), false)
#8 D:\xampp_new\htdocs\KPI\public\index.php(45): CodeIgniter\CodeIgniter->run()
#9 {main}
CRITICAL - 2023-03-27 20:46:49 --> Call to a member function get_result_util() on null
#0 D:\xampp_new\htdocs\KPI\app\Views\Master\View-Input-Util.php(86): util_result('1', 2020)
#1 D:\xampp_new\htdocs\KPI\vendor\codeigniter4\framework\system\View\View.php(230): include('D:\\xampp_new\\ht...')
#2 D:\xampp_new\htdocs\KPI\vendor\codeigniter4\framework\system\View\View.php(232): CodeIgniter\View\View->CodeIgniter\View\{closure}()
#3 D:\xampp_new\htdocs\KPI\vendor\codeigniter4\framework\system\Common.php(1250): CodeIgniter\View\View->render('Master/View-Inp...', Array, true)
#4 D:\xampp_new\htdocs\KPI\app\Controllers\CapacityUtil.php(74): view('Master/View-Inp...', Array)
#5 D:\xampp_new\htdocs\KPI\vendor\codeigniter4\framework\system\CodeIgniter.php(931): App\Controllers\CapacityUtil->show_cap_util()
#6 D:\xampp_new\htdocs\KPI\vendor\codeigniter4\framework\system\CodeIgniter.php(439): CodeIgniter\CodeIgniter->runController(Object(App\Controllers\CapacityUtil))
#7 D:\xampp_new\htdocs\KPI\vendor\codeigniter4\framework\system\CodeIgniter.php(339): CodeIgniter\CodeIgniter->handleRequest(NULL, Object(Config\Cache), false)
#8 D:\xampp_new\htdocs\KPI\public\index.php(45): CodeIgniter\CodeIgniter->run()
#9 {main}
CRITICAL - 2023-03-27 20:46:49 --> Call to a member function get_result_util() on null
#0 D:\xampp_new\htdocs\KPI\app\Views\Master\View-Input-Util.php(86): util_result('1', 2020)
#1 D:\xampp_new\htdocs\KPI\vendor\codeigniter4\framework\system\View\View.php(230): include('D:\\xampp_new\\ht...')
#2 D:\xampp_new\htdocs\KPI\vendor\codeigniter4\framework\system\View\View.php(232): CodeIgniter\View\View->CodeIgniter\View\{closure}()
#3 D:\xampp_new\htdocs\KPI\vendor\codeigniter4\framework\system\Common.php(1250): CodeIgniter\View\View->render('Master/View-Inp...', Array, true)
#4 D:\xampp_new\htdocs\KPI\app\Controllers\CapacityUtil.php(74): view('Master/View-Inp...', Array)
#5 D:\xampp_new\htdocs\KPI\vendor\codeigniter4\framework\system\CodeIgniter.php(931): App\Controllers\CapacityUtil->show_cap_util()
#6 D:\xampp_new\htdocs\KPI\vendor\codeigniter4\framework\system\CodeIgniter.php(439): CodeIgniter\CodeIgniter->runController(Object(App\Controllers\CapacityUtil))
#7 D:\xampp_new\htdocs\KPI\vendor\codeigniter4\framework\system\CodeIgniter.php(339): CodeIgniter\CodeIgniter->handleRequest(NULL, Object(Config\Cache), false)
#8 D:\xampp_new\htdocs\KPI\public\index.php(45): CodeIgniter\CodeIgniter->run()
#9 {main}
CRITICAL - 2023-03-27 20:47:34 --> Call to a member function get_result_util() on null
#0 D:\xampp_new\htdocs\KPI\app\Views\Master\View-Input-Util.php(86): util_result('1', 2020)
#1 D:\xampp_new\htdocs\KPI\vendor\codeigniter4\framework\system\View\View.php(230): include('D:\\xampp_new\\ht...')
#2 D:\xampp_new\htdocs\KPI\vendor\codeigniter4\framework\system\View\View.php(232): CodeIgniter\View\View->CodeIgniter\View\{closure}()
#3 D:\xampp_new\htdocs\KPI\vendor\codeigniter4\framework\system\Common.php(1250): CodeIgniter\View\View->render('Master/View-Inp...', Array, true)
#4 D:\xampp_new\htdocs\KPI\app\Controllers\CapacityUtil.php(74): view('Master/View-Inp...', Array)
#5 D:\xampp_new\htdocs\KPI\vendor\codeigniter4\framework\system\CodeIgniter.php(931): App\Controllers\CapacityUtil->show_cap_util()
#6 D:\xampp_new\htdocs\KPI\vendor\codeigniter4\framework\system\CodeIgniter.php(439): CodeIgniter\CodeIgniter->runController(Object(App\Controllers\CapacityUtil))
#7 D:\xampp_new\htdocs\KPI\vendor\codeigniter4\framework\system\CodeIgniter.php(339): CodeIgniter\CodeIgniter->handleRequest(NULL, Object(Config\Cache), false)
#8 D:\xampp_new\htdocs\KPI\public\index.php(45): CodeIgniter\CodeIgniter->run()
#9 {main}
CRITICAL - 2023-03-27 20:54:05 --> Call to a member function get_result_util() on null
#0 D:\xampp_new\htdocs\KPI\app\Views\Master\View-Input-Util.php(86): util_result('1', 2020)
#1 D:\xampp_new\htdocs\KPI\vendor\codeigniter4\framework\system\View\View.php(230): include('D:\\xampp_new\\ht...')
#2 D:\xampp_new\htdocs\KPI\vendor\codeigniter4\framework\system\View\View.php(232): CodeIgniter\View\View->CodeIgniter\View\{closure}()
#3 D:\xampp_new\htdocs\KPI\vendor\codeigniter4\framework\system\Common.php(1250): CodeIgniter\View\View->render('Master/View-Inp...', Array, true)
#4 D:\xampp_new\htdocs\KPI\app\Controllers\CapacityUtil.php(74): view('Master/View-Inp...', Array)
#5 D:\xampp_new\htdocs\KPI\vendor\codeigniter4\framework\system\CodeIgniter.php(931): App\Controllers\CapacityUtil->show_cap_util()
#6 D:\xampp_new\htdocs\KPI\vendor\codeigniter4\framework\system\CodeIgniter.php(439): CodeIgniter\CodeIgniter->runController(Object(App\Controllers\CapacityUtil))
#7 D:\xampp_new\htdocs\KPI\vendor\codeigniter4\framework\system\CodeIgniter.php(339): CodeIgniter\CodeIgniter->handleRequest(NULL, Object(Config\Cache), false)
#8 D:\xampp_new\htdocs\KPI\public\index.php(45): CodeIgniter\CodeIgniter->run()
#9 {main}
CRITICAL - 2023-03-27 20:54:07 --> Call to a member function get_result_util() on null
#0 D:\xampp_new\htdocs\KPI\app\Views\Master\View-Input-Util.php(86): util_result('1', 2020)
#1 D:\xampp_new\htdocs\KPI\vendor\codeigniter4\framework\system\View\View.php(230): include('D:\\xampp_new\\ht...')
#2 D:\xampp_new\htdocs\KPI\vendor\codeigniter4\framework\system\View\View.php(232): CodeIgniter\View\View->CodeIgniter\View\{closure}()
#3 D:\xampp_new\htdocs\KPI\vendor\codeigniter4\framework\system\Common.php(1250): CodeIgniter\View\View->render('Master/View-Inp...', Array, true)
#4 D:\xampp_new\htdocs\KPI\app\Controllers\CapacityUtil.php(74): view('Master/View-Inp...', Array)
#5 D:\xampp_new\htdocs\KPI\vendor\codeigniter4\framework\system\CodeIgniter.php(931): App\Controllers\CapacityUtil->show_cap_util()
#6 D:\xampp_new\htdocs\KPI\vendor\codeigniter4\framework\system\CodeIgniter.php(439): CodeIgniter\CodeIgniter->runController(Object(App\Controllers\CapacityUtil))
#7 D:\xampp_new\htdocs\KPI\vendor\codeigniter4\framework\system\CodeIgniter.php(339): CodeIgniter\CodeIgniter->handleRequest(NULL, Object(Config\Cache), false)
#8 D:\xampp_new\htdocs\KPI\public\index.php(45): CodeIgniter\CodeIgniter->run()
#9 {main}
CRITICAL - 2023-03-27 20:54:27 --> Call to a member function get_result_util() on null
#0 D:\xampp_new\htdocs\KPI\app\Views\Master\View-Input-Util.php(86): util_result('1', 2020)
#1 D:\xampp_new\htdocs\KPI\vendor\codeigniter4\framework\system\View\View.php(230): include('D:\\xampp_new\\ht...')
#2 D:\xampp_new\htdocs\KPI\vendor\codeigniter4\framework\system\View\View.php(232): CodeIgniter\View\View->CodeIgniter\View\{closure}()
#3 D:\xampp_new\htdocs\KPI\vendor\codeigniter4\framework\system\Common.php(1250): CodeIgniter\View\View->render('Master/View-Inp...', Array, true)
#4 D:\xampp_new\htdocs\KPI\app\Controllers\CapacityUtil.php(74): view('Master/View-Inp...', Array)
#5 D:\xampp_new\htdocs\KPI\vendor\codeigniter4\framework\system\CodeIgniter.php(931): App\Controllers\CapacityUtil->show_cap_util()
#6 D:\xampp_new\htdocs\KPI\vendor\codeigniter4\framework\system\CodeIgniter.php(439): CodeIgniter\CodeIgniter->runController(Object(App\Controllers\CapacityUtil))
#7 D:\xampp_new\htdocs\KPI\vendor\codeigniter4\framework\system\CodeIgniter.php(339): CodeIgniter\CodeIgniter->handleRequest(NULL, Object(Config\Cache), false)
#8 D:\xampp_new\htdocs\KPI\public\index.php(45): CodeIgniter\CodeIgniter->run()
#9 {main}
CRITICAL - 2023-03-27 20:54:50 --> Call to a member function get_result_util() on null
#0 D:\xampp_new\htdocs\KPI\app\Views\Master\View-Input-Util.php(86): util_result('1', 2020)
#1 D:\xampp_new\htdocs\KPI\vendor\codeigniter4\framework\system\View\View.php(230): include('D:\\xampp_new\\ht...')
#2 D:\xampp_new\htdocs\KPI\vendor\codeigniter4\framework\system\View\View.php(232): CodeIgniter\View\View->CodeIgniter\View\{closure}()
#3 D:\xampp_new\htdocs\KPI\vendor\codeigniter4\framework\system\Common.php(1250): CodeIgniter\View\View->render('Master/View-Inp...', Array, true)
#4 D:\xampp_new\htdocs\KPI\app\Controllers\CapacityUtil.php(74): view('Master/View-Inp...', Array)
#5 D:\xampp_new\htdocs\KPI\vendor\codeigniter4\framework\system\CodeIgniter.php(931): App\Controllers\CapacityUtil->show_cap_util()
#6 D:\xampp_new\htdocs\KPI\vendor\codeigniter4\framework\system\CodeIgniter.php(439): CodeIgniter\CodeIgniter->runController(Object(App\Controllers\CapacityUtil))
#7 D:\xampp_new\htdocs\KPI\vendor\codeigniter4\framework\system\CodeIgniter.php(339): CodeIgniter\CodeIgniter->handleRequest(NULL, Object(Config\Cache), false)
#8 D:\xampp_new\htdocs\KPI\public\index.php(45): CodeIgniter\CodeIgniter->run()
#9 {main}
CRITICAL - 2023-03-27 21:11:04 --> Call to a member function select() on null
#0 D:\xampp_new\htdocs\KPI\app\Helpers\my_helper.php(33): App\Models\ViewLineUtilModel->get_result_util('1', 2020)
#1 D:\xampp_new\htdocs\KPI\app\Views\Master\View-Input-Util.php(86): util_result('1', 2020)
#2 D:\xampp_new\htdocs\KPI\vendor\codeigniter4\framework\system\View\View.php(230): include('D:\\xampp_new\\ht...')
#3 D:\xampp_new\htdocs\KPI\vendor\codeigniter4\framework\system\View\View.php(232): CodeIgniter\View\View->CodeIgniter\View\{closure}()
#4 D:\xampp_new\htdocs\KPI\vendor\codeigniter4\framework\system\Common.php(1250): CodeIgniter\View\View->render('Master/View-Inp...', Array, true)
#5 D:\xampp_new\htdocs\KPI\app\Controllers\CapacityUtil.php(74): view('Master/View-Inp...', Array)
#6 D:\xampp_new\htdocs\KPI\vendor\codeigniter4\framework\system\CodeIgniter.php(931): App\Controllers\CapacityUtil->show_cap_util()
#7 D:\xampp_new\htdocs\KPI\vendor\codeigniter4\framework\system\CodeIgniter.php(439): CodeIgniter\CodeIgniter->runController(Object(App\Controllers\CapacityUtil))
#8 D:\xampp_new\htdocs\KPI\vendor\codeigniter4\framework\system\CodeIgniter.php(339): CodeIgniter\CodeIgniter->handleRequest(NULL, Object(Config\Cache), false)
#9 D:\xampp_new\htdocs\KPI\public\index.php(45): CodeIgniter\CodeIgniter->run()
#10 {main}
CRITICAL - 2023-03-27 21:28:47 --> Call to a member function select() on null
#0 D:\xampp_new\htdocs\KPI\app\Helpers\my_helper.php(33): App\Models\ViewLineUtilModel->get_result_util('1', 2020)
#1 D:\xampp_new\htdocs\KPI\app\Views\Master\View-Input-Util.php(86): util_result('1', 2020)
#2 D:\xampp_new\htdocs\KPI\vendor\codeigniter4\framework\system\View\View.php(230): include('D:\\xampp_new\\ht...')
#3 D:\xampp_new\htdocs\KPI\vendor\codeigniter4\framework\system\View\View.php(232): CodeIgniter\View\View->CodeIgniter\View\{closure}()
#4 D:\xampp_new\htdocs\KPI\vendor\codeigniter4\framework\system\Common.php(1250): CodeIgniter\View\View->render('Master/View-Inp...', Array, true)
#5 D:\xampp_new\htdocs\KPI\app\Controllers\CapacityUtil.php(74): view('Master/View-Inp...', Array)
#6 D:\xampp_new\htdocs\KPI\vendor\codeigniter4\framework\system\CodeIgniter.php(931): App\Controllers\CapacityUtil->show_cap_util()
#7 D:\xampp_new\htdocs\KPI\vendor\codeigniter4\framework\system\CodeIgniter.php(439): CodeIgniter\CodeIgniter->runController(Object(App\Controllers\CapacityUtil))
#8 D:\xampp_new\htdocs\KPI\vendor\codeigniter4\framework\system\CodeIgniter.php(339): CodeIgniter\CodeIgniter->handleRequest(NULL, Object(Config\Cache), false)
#9 D:\xampp_new\htdocs\KPI\public\index.php(45): CodeIgniter\CodeIgniter->run()
#10 {main}
CRITICAL - 2023-03-27 22:05:07 --> Call to a member function getRow() on bool
#0 D:\xampp_new\htdocs\KPI\app\Helpers\my_helper.php(33): App\Models\ViewLineUtilModel->get_result_util('1', 2020)
#1 D:\xampp_new\htdocs\KPI\app\Views\Master\View-Input-Util.php(86): util_result('1', 2020)
#2 D:\xampp_new\htdocs\KPI\vendor\codeigniter4\framework\system\View\View.php(230): include('D:\\xampp_new\\ht...')
#3 D:\xampp_new\htdocs\KPI\vendor\codeigniter4\framework\system\View\View.php(232): CodeIgniter\View\View->CodeIgniter\View\{closure}()
#4 D:\xampp_new\htdocs\KPI\vendor\codeigniter4\framework\system\Common.php(1250): CodeIgniter\View\View->render('Master/View-Inp...', Array, true)
#5 D:\xampp_new\htdocs\KPI\app\Controllers\CapacityUtil.php(74): view('Master/View-Inp...', Array)
#6 D:\xampp_new\htdocs\KPI\vendor\codeigniter4\framework\system\CodeIgniter.php(931): App\Controllers\CapacityUtil->show_cap_util()
#7 D:\xampp_new\htdocs\KPI\vendor\codeigniter4\framework\system\CodeIgniter.php(439): CodeIgniter\CodeIgniter->runController(Object(App\Controllers\CapacityUtil))
#8 D:\xampp_new\htdocs\KPI\vendor\codeigniter4\framework\system\CodeIgniter.php(339): CodeIgniter\CodeIgniter->handleRequest(NULL, Object(Config\Cache), false)
#9 D:\xampp_new\htdocs\KPI\public\index.php(45): CodeIgniter\CodeIgniter->run()
#10 {main}
CRITICAL - 2023-03-27 22:10:11 --> Call to a member function table() on null
#0 D:\xampp_new\htdocs\KPI\app\Helpers\my_helper.php(33): App\Models\ViewLineUtilModel->get_result_util('1', 2020)
#1 D:\xampp_new\htdocs\KPI\app\Views\Master\View-Input-Util.php(86): util_result('1', 2020)
#2 D:\xampp_new\htdocs\KPI\vendor\codeigniter4\framework\system\View\View.php(230): include('D:\\xampp_new\\ht...')
#3 D:\xampp_new\htdocs\KPI\vendor\codeigniter4\framework\system\View\View.php(232): CodeIgniter\View\View->CodeIgniter\View\{closure}()
#4 D:\xampp_new\htdocs\KPI\vendor\codeigniter4\framework\system\Common.php(1250): CodeIgniter\View\View->render('Master/View-Inp...', Array, true)
#5 D:\xampp_new\htdocs\KPI\app\Controllers\CapacityUtil.php(74): view('Master/View-Inp...', Array)
#6 D:\xampp_new\htdocs\KPI\vendor\codeigniter4\framework\system\CodeIgniter.php(931): App\Controllers\CapacityUtil->show_cap_util()
#7 D:\xampp_new\htdocs\KPI\vendor\codeigniter4\framework\system\CodeIgniter.php(439): CodeIgniter\CodeIgniter->runController(Object(App\Controllers\CapacityUtil))
#8 D:\xampp_new\htdocs\KPI\vendor\codeigniter4\framework\system\CodeIgniter.php(339): CodeIgniter\CodeIgniter->handleRequest(NULL, Object(Config\Cache), false)
#9 D:\xampp_new\htdocs\KPI\public\index.php(45): CodeIgniter\CodeIgniter->run()
#10 {main}
CRITICAL - 2023-03-27 22:15:38 --> Class 'App\Controllers\ViewLineUtilModel' not found
#0 D:\xampp_new\htdocs\KPI\vendor\codeigniter4\framework\system\CodeIgniter.php(931): App\Controllers\CapacityUtil->y_util()
#1 D:\xampp_new\htdocs\KPI\vendor\codeigniter4\framework\system\CodeIgniter.php(439): CodeIgniter\CodeIgniter->runController(Object(App\Controllers\CapacityUtil))
#2 D:\xampp_new\htdocs\KPI\vendor\codeigniter4\framework\system\CodeIgniter.php(339): CodeIgniter\CodeIgniter->handleRequest(NULL, Object(Config\Cache), false)
#3 D:\xampp_new\htdocs\KPI\public\index.php(45): CodeIgniter\CodeIgniter->run()
#4 {main}
CRITICAL - 2023-03-27 23:18:15 --> Division by zero
#0 D:\xampp_new\htdocs\KPI\app\Controllers\CapacityUtil.php(82): CodeIgniter\Debug\Exceptions->errorHandler(2, 'Division by zer...', 'D:\\xampp_new\\ht...', 82, Array)
#1 D:\xampp_new\htdocs\KPI\app\Helpers\my_helper.php(24): App\Controllers\CapacityUtil->helper_y_util('37', 2020)
#2 D:\xampp_new\htdocs\KPI\app\Views\Master\View-Input-Util.php(77): util_result('37', 2020)
#3 D:\xampp_new\htdocs\KPI\vendor\codeigniter4\framework\system\View\View.php(230): include('D:\\xampp_new\\ht...')
#4 D:\xampp_new\htdocs\KPI\vendor\codeigniter4\framework\system\View\View.php(232): CodeIgniter\View\View->CodeIgniter\View\{closure}()
#5 D:\xampp_new\htdocs\KPI\vendor\codeigniter4\framework\system\Common.php(1250): CodeIgniter\View\View->render('Master/View-Inp...', Array, true)
#6 D:\xampp_new\htdocs\KPI\app\Controllers\CapacityUtil.php(75): view('Master/View-Inp...', Array)
#7 D:\xampp_new\htdocs\KPI\vendor\codeigniter4\framework\system\CodeIgniter.php(931): App\Controllers\CapacityUtil->show_cap_util()
#8 D:\xampp_new\htdocs\KPI\vendor\codeigniter4\framework\system\CodeIgniter.php(439): CodeIgniter\CodeIgniter->runController(Object(App\Controllers\CapacityUtil))
#9 D:\xampp_new\htdocs\KPI\vendor\codeigniter4\framework\system\CodeIgniter.php(339): CodeIgniter\CodeIgniter->handleRequest(NULL, Object(Config\Cache), false)
#10 D:\xampp_new\htdocs\KPI\public\index.php(45): CodeIgniter\CodeIgniter->run()
#11 {main}
CRITICAL - 2023-03-27 23:23:18 --> Division by zero
#0 D:\xampp_new\htdocs\KPI\app\Controllers\CapacityUtil.php(84): CodeIgniter\Debug\Exceptions->errorHandler(2, 'Division by zer...', 'D:\\xampp_new\\ht...', 84, Array)
#1 D:\xampp_new\htdocs\KPI\app\Helpers\my_helper.php(24): App\Controllers\CapacityUtil->helper_y_util('37', 2020)
#2 D:\xampp_new\htdocs\KPI\app\Views\Master\View-Input-Util.php(77): util_result('37', 2020)
#3 D:\xampp_new\htdocs\KPI\vendor\codeigniter4\framework\system\View\View.php(230): include('D:\\xampp_new\\ht...')
#4 D:\xampp_new\htdocs\KPI\vendor\codeigniter4\framework\system\View\View.php(232): CodeIgniter\View\View->CodeIgniter\View\{closure}()
#5 D:\xampp_new\htdocs\KPI\vendor\codeigniter4\framework\system\Common.php(1250): CodeIgniter\View\View->render('Master/View-Inp...', Array, true)
#6 D:\xampp_new\htdocs\KPI\app\Controllers\CapacityUtil.php(75): view('Master/View-Inp...', Array)
#7 D:\xampp_new\htdocs\KPI\vendor\codeigniter4\framework\system\CodeIgniter.php(931): App\Controllers\CapacityUtil->show_cap_util()
#8 D:\xampp_new\htdocs\KPI\vendor\codeigniter4\framework\system\CodeIgniter.php(439): CodeIgniter\CodeIgniter->runController(Object(App\Controllers\CapacityUtil))
#9 D:\xampp_new\htdocs\KPI\vendor\codeigniter4\framework\system\CodeIgniter.php(339): CodeIgniter\CodeIgniter->handleRequest(NULL, Object(Config\Cache), false)
#10 D:\xampp_new\htdocs\KPI\public\index.php(45): CodeIgniter\CodeIgniter->run()
#11 {main}
CRITICAL - 2023-03-27 23:28:47 --> Division by zero
#0 D:\xampp_new\htdocs\KPI\app\Controllers\CapacityUtil.php(85): CodeIgniter\Debug\Exceptions->errorHandler(2, 'Division by zer...', 'D:\\xampp_new\\ht...', 85, Array)
#1 D:\xampp_new\htdocs\KPI\app\Helpers\my_helper.php(24): App\Controllers\CapacityUtil->helper_y_util('37', 2020)
#2 D:\xampp_new\htdocs\KPI\app\Views\Master\View-Input-Util.php(77): util_result('37', 2020)
#3 D:\xampp_new\htdocs\KPI\vendor\codeigniter4\framework\system\View\View.php(230): include('D:\\xampp_new\\ht...')
#4 D:\xampp_new\htdocs\KPI\vendor\codeigniter4\framework\system\View\View.php(232): CodeIgniter\View\View->CodeIgniter\View\{closure}()
#5 D:\xampp_new\htdocs\KPI\vendor\codeigniter4\framework\system\Common.php(1250): CodeIgniter\View\View->render('Master/View-Inp...', Array, true)
#6 D:\xampp_new\htdocs\KPI\app\Controllers\CapacityUtil.php(75): view('Master/View-Inp...', Array)
#7 D:\xampp_new\htdocs\KPI\vendor\codeigniter4\framework\system\CodeIgniter.php(931): App\Controllers\CapacityUtil->show_cap_util()
#8 D:\xampp_new\htdocs\KPI\vendor\codeigniter4\framework\system\CodeIgniter.php(439): CodeIgniter\CodeIgniter->runController(Object(App\Controllers\CapacityUtil))
#9 D:\xampp_new\htdocs\KPI\vendor\codeigniter4\framework\system\CodeIgniter.php(339): CodeIgniter\CodeIgniter->handleRequest(NULL, Object(Config\Cache), false)
#10 D:\xampp_new\htdocs\KPI\public\index.php(45): CodeIgniter\CodeIgniter->run()
#11 {main}
CRITICAL - 2023-03-27 23:30:51 --> Modulo by zero
#0 D:\xampp_new\htdocs\KPI\app\Helpers\my_helper.php(24): App\Controllers\CapacityUtil->helper_y_util('37', 2020)
#1 D:\xampp_new\htdocs\KPI\app\Views\Master\View-Input-Util.php(77): util_result('37', 2020)
#2 D:\xampp_new\htdocs\KPI\vendor\codeigniter4\framework\system\View\View.php(230): include('D:\\xampp_new\\ht...')
#3 D:\xampp_new\htdocs\KPI\vendor\codeigniter4\framework\system\View\View.php(232): CodeIgniter\View\View->CodeIgniter\View\{closure}()
#4 D:\xampp_new\htdocs\KPI\vendor\codeigniter4\framework\system\Common.php(1250): CodeIgniter\View\View->render('Master/View-Inp...', Array, true)
#5 D:\xampp_new\htdocs\KPI\app\Controllers\CapacityUtil.php(75): view('Master/View-Inp...', Array)
#6 D:\xampp_new\htdocs\KPI\vendor\codeigniter4\framework\system\CodeIgniter.php(931): App\Controllers\CapacityUtil->show_cap_util()
#7 D:\xampp_new\htdocs\KPI\vendor\codeigniter4\framework\system\CodeIgniter.php(439): CodeIgniter\CodeIgniter->runController(Object(App\Controllers\CapacityUtil))
#8 D:\xampp_new\htdocs\KPI\vendor\codeigniter4\framework\system\CodeIgniter.php(339): CodeIgniter\CodeIgniter->handleRequest(NULL, Object(Config\Cache), false)
#9 D:\xampp_new\htdocs\KPI\public\index.php(45): CodeIgniter\CodeIgniter->run()
#10 {main}
CRITICAL - 2023-03-27 23:32:18 --> Division by zero
#0 D:\xampp_new\htdocs\KPI\app\Controllers\CapacityUtil.php(85): CodeIgniter\Debug\Exceptions->errorHandler(2, 'Division by zer...', 'D:\\xampp_new\\ht...', 85, Array)
#1 D:\xampp_new\htdocs\KPI\app\Helpers\my_helper.php(24): App\Controllers\CapacityUtil->helper_y_util('37', 2020)
#2 D:\xampp_new\htdocs\KPI\app\Views\Master\View-Input-Util.php(77): util_result('37', 2020)
#3 D:\xampp_new\htdocs\KPI\vendor\codeigniter4\framework\system\View\View.php(230): include('D:\\xampp_new\\ht...')
#4 D:\xampp_new\htdocs\KPI\vendor\codeigniter4\framework\system\View\View.php(232): CodeIgniter\View\View->CodeIgniter\View\{closure}()
#5 D:\xampp_new\htdocs\KPI\vendor\codeigniter4\framework\system\Common.php(1250): CodeIgniter\View\View->render('Master/View-Inp...', Array, true)
#6 D:\xampp_new\htdocs\KPI\app\Controllers\CapacityUtil.php(75): view('Master/View-Inp...', Array)
#7 D:\xampp_new\htdocs\KPI\vendor\codeigniter4\framework\system\CodeIgniter.php(931): App\Controllers\CapacityUtil->show_cap_util()
#8 D:\xampp_new\htdocs\KPI\vendor\codeigniter4\framework\system\CodeIgniter.php(439): CodeIgniter\CodeIgniter->runController(Object(App\Controllers\CapacityUtil))
#9 D:\xampp_new\htdocs\KPI\vendor\codeigniter4\framework\system\CodeIgniter.php(339): CodeIgniter\CodeIgniter->handleRequest(NULL, Object(Config\Cache), false)
#10 D:\xampp_new\htdocs\KPI\public\index.php(45): CodeIgniter\CodeIgniter->run()
#11 {main}
