CRITICAL - 2022-06-20 20:20:35 --> Division by zero
#0 C:\xampp\htdocs\FIMA\app\Views\ViewD\Dashboard.php(190): CodeIgniter\Debug\Exceptions->errorHandler(2, 'Division by zer...', 'C:\\xampp\\htdocs...', 190, Array)
#1 C:\xampp\htdocs\FIMA\vendor\codeigniter4\framework\system\View\View.php(230): include('C:\\xampp\\htdocs...')
#2 C:\xampp\htdocs\FIMA\vendor\codeigniter4\framework\system\View\View.php(232): CodeIgniter\View\View->CodeIgniter\View\{closure}()
#3 C:\xampp\htdocs\FIMA\vendor\codeigniter4\framework\system\Common.php(1250): CodeIgniter\View\View->render('ViewD/Dashboard', Array, true)
#4 C:\xampp\htdocs\FIMA\app\Controllers\ViewD.php(55): view('ViewD/Dashboard', Array)
#5 C:\xampp\htdocs\FIMA\vendor\codeigniter4\framework\system\CodeIgniter.php(931): App\Controllers\ViewD->show_dashboard()
#6 C:\xampp\htdocs\FIMA\vendor\codeigniter4\framework\system\CodeIgniter.php(439): CodeIgniter\CodeIgniter->runController(Object(App\Controllers\ViewD))
#7 C:\xampp\htdocs\FIMA\vendor\codeigniter4\framework\system\CodeIgniter.php(339): CodeIgniter\CodeIgniter->handleRequest(NULL, Object(Config\Cache), false)
#8 C:\xampp\htdocs\FIMA\public\index.php(45): CodeIgniter\CodeIgniter->run()
#9 {main}
CRITICAL - 2022-06-20 20:22:05 --> syntax error, unexpected '0' (T_LNUMBER)
#0 C:\xampp\htdocs\FIMA\vendor\codeigniter4\framework\system\View\View.php(232): CodeIgniter\View\View->CodeIgniter\View\{closure}()
#1 C:\xampp\htdocs\FIMA\vendor\codeigniter4\framework\system\Common.php(1250): CodeIgniter\View\View->render('ViewD/Dashboard', Array, true)
#2 C:\xampp\htdocs\FIMA\app\Controllers\ViewD.php(55): view('ViewD/Dashboard', Array)
#3 C:\xampp\htdocs\FIMA\vendor\codeigniter4\framework\system\CodeIgniter.php(931): App\Controllers\ViewD->show_dashboard()
#4 C:\xampp\htdocs\FIMA\vendor\codeigniter4\framework\system\CodeIgniter.php(439): CodeIgniter\CodeIgniter->runController(Object(App\Controllers\ViewD))
#5 C:\xampp\htdocs\FIMA\vendor\codeigniter4\framework\system\CodeIgniter.php(339): CodeIgniter\CodeIgniter->handleRequest(NULL, Object(Config\Cache), false)
#6 C:\xampp\htdocs\FIMA\public\index.php(45): CodeIgniter\CodeIgniter->run()
#7 {main}
CRITICAL - 2022-06-20 20:32:55 --> Division by zero
#0 C:\xampp\htdocs\FIMA\app\Views\ViewD\Dashboard.php(190): CodeIgniter\Debug\Exceptions->errorHandler(2, 'Division by zer...', 'C:\\xampp\\htdocs...', 190, Array)
#1 C:\xampp\htdocs\FIMA\vendor\codeigniter4\framework\system\View\View.php(230): include('C:\\xampp\\htdocs...')
#2 C:\xampp\htdocs\FIMA\vendor\codeigniter4\framework\system\View\View.php(232): CodeIgniter\View\View->CodeIgniter\View\{closure}()
#3 C:\xampp\htdocs\FIMA\vendor\codeigniter4\framework\system\Common.php(1250): CodeIgniter\View\View->render('ViewD/Dashboard', Array, true)
#4 C:\xampp\htdocs\FIMA\app\Controllers\ViewD.php(55): view('ViewD/Dashboard', Array)
#5 C:\xampp\htdocs\FIMA\vendor\codeigniter4\framework\system\CodeIgniter.php(931): App\Controllers\ViewD->show_dashboard()
#6 C:\xampp\htdocs\FIMA\vendor\codeigniter4\framework\system\CodeIgniter.php(439): CodeIgniter\CodeIgniter->runController(Object(App\Controllers\ViewD))
#7 C:\xampp\htdocs\FIMA\vendor\codeigniter4\framework\system\CodeIgniter.php(339): CodeIgniter\CodeIgniter->handleRequest(NULL, Object(Config\Cache), false)
#8 C:\xampp\htdocs\FIMA\public\index.php(45): CodeIgniter\CodeIgniter->run()
#9 {main}
CRITICAL - 2022-06-20 20:33:15 --> Division by zero
#0 C:\xampp\htdocs\FIMA\app\Views\ViewD\Dashboard.php(203): CodeIgniter\Debug\Exceptions->errorHandler(2, 'Division by zer...', 'C:\\xampp\\htdocs...', 203, Array)
#1 C:\xampp\htdocs\FIMA\vendor\codeigniter4\framework\system\View\View.php(230): include('C:\\xampp\\htdocs...')
#2 C:\xampp\htdocs\FIMA\vendor\codeigniter4\framework\system\View\View.php(232): CodeIgniter\View\View->CodeIgniter\View\{closure}()
#3 C:\xampp\htdocs\FIMA\vendor\codeigniter4\framework\system\Common.php(1250): CodeIgniter\View\View->render('ViewD/Dashboard', Array, true)
#4 C:\xampp\htdocs\FIMA\app\Controllers\ViewD.php(55): view('ViewD/Dashboard', Array)
#5 C:\xampp\htdocs\FIMA\vendor\codeigniter4\framework\system\CodeIgniter.php(931): App\Controllers\ViewD->show_dashboard()
#6 C:\xampp\htdocs\FIMA\vendor\codeigniter4\framework\system\CodeIgniter.php(439): CodeIgniter\CodeIgniter->runController(Object(App\Controllers\ViewD))
#7 C:\xampp\htdocs\FIMA\vendor\codeigniter4\framework\system\CodeIgniter.php(339): CodeIgniter\CodeIgniter->handleRequest(NULL, Object(Config\Cache), false)
#8 C:\xampp\htdocs\FIMA\public\index.php(45): CodeIgniter\CodeIgniter->run()
#9 {main}
