CRITICAL - 2023-03-15 02:16:29 --> Call to a member function getResultArray() on bool
#0 D:\xampp_new\htdocs\KPI\vendor\codeigniter4\framework\system\CodeIgniter.php(931): App\Controllers\ViewD->calculate_kpi()
#1 D:\xampp_new\htdocs\KPI\vendor\codeigniter4\framework\system\CodeIgniter.php(439): CodeIgniter\CodeIgniter->runController(Object(App\Controllers\ViewD))
#2 D:\xampp_new\htdocs\KPI\vendor\codeigniter4\framework\system\CodeIgniter.php(339): CodeIgniter\CodeIgniter->handleRequest(NULL, Object(Config\Cache), false)
#3 D:\xampp_new\htdocs\KPI\public\index.php(45): CodeIgniter\CodeIgniter->run()
#4 {main}
CRITICAL - 2023-03-15 02:20:26 --> Call to a member function getResultArray() on bool
#0 D:\xampp_new\htdocs\KPI\vendor\codeigniter4\framework\system\CodeIgniter.php(931): App\Controllers\ViewD->calculate_kpi()
#1 D:\xampp_new\htdocs\KPI\vendor\codeigniter4\framework\system\CodeIgniter.php(439): CodeIgniter\CodeIgniter->runController(Object(App\Controllers\ViewD))
#2 D:\xampp_new\htdocs\KPI\vendor\codeigniter4\framework\system\CodeIgniter.php(339): CodeIgniter\CodeIgniter->handleRequest(NULL, Object(Config\Cache), false)
#3 D:\xampp_new\htdocs\KPI\public\index.php(45): CodeIgniter\CodeIgniter->run()
#4 {main}
CRITICAL - 2023-03-15 03:10:51 --> Call to a member function getResultArray() on bool
#0 D:\xampp_new\htdocs\KPI\vendor\codeigniter4\framework\system\CodeIgniter.php(931): App\Controllers\ViewD->calculate_kpi()
#1 D:\xampp_new\htdocs\KPI\vendor\codeigniter4\framework\system\CodeIgniter.php(439): CodeIgniter\CodeIgniter->runController(Object(App\Controllers\ViewD))
#2 D:\xampp_new\htdocs\KPI\vendor\codeigniter4\framework\system\CodeIgniter.php(339): CodeIgniter\CodeIgniter->handleRequest(NULL, Object(Config\Cache), false)
#3 D:\xampp_new\htdocs\KPI\public\index.php(45): CodeIgniter\CodeIgniter->run()
#4 {main}
CRITICAL - 2023-03-15 03:10:56 --> Call to a member function getResultArray() on bool
#0 D:\xampp_new\htdocs\KPI\vendor\codeigniter4\framework\system\CodeIgniter.php(931): App\Controllers\ViewD->calculate_kpi()
#1 D:\xampp_new\htdocs\KPI\vendor\codeigniter4\framework\system\CodeIgniter.php(439): CodeIgniter\CodeIgniter->runController(Object(App\Controllers\ViewD))
#2 D:\xampp_new\htdocs\KPI\vendor\codeigniter4\framework\system\CodeIgniter.php(339): CodeIgniter\CodeIgniter->handleRequest(NULL, Object(Config\Cache), false)
#3 D:\xampp_new\htdocs\KPI\public\index.php(45): CodeIgniter\CodeIgniter->run()
#4 {main}
