CRITICAL - 2022-05-23 02:29:30 --> Call to a member function get() on null
#0 C:\xampp\htdocs\FIMA\vendor\codeigniter4\framework\system\CodeIgniter.php(931): App\Controllers\ViewD->export_excel_kpi()
#1 C:\xampp\htdocs\FIMA\vendor\codeigniter4\framework\system\CodeIgniter.php(439): CodeIgniter\CodeIgniter->runController(Object(App\Controllers\ViewD))
#2 C:\xampp\htdocs\FIMA\vendor\codeigniter4\framework\system\CodeIgniter.php(339): CodeIgniter\CodeIgniter->handleRequest(NULL, Object(Config\Cache), false)
#3 C:\xampp\htdocs\FIMA\public\index.php(45): CodeIgniter\CodeIgniter->run()
#4 {main}
CRITICAL - 2022-05-23 21:59:54 --> Call to a member function get() on null
#0 C:\xampp\htdocs\FIMA\vendor\codeigniter4\framework\system\CodeIgniter.php(931): App\Controllers\ViewD->show_kpi_to_target()
#1 C:\xampp\htdocs\FIMA\vendor\codeigniter4\framework\system\CodeIgniter.php(439): CodeIgniter\CodeIgniter->runController(Object(App\Controllers\ViewD))
#2 C:\xampp\htdocs\FIMA\vendor\codeigniter4\framework\system\CodeIgniter.php(339): CodeIgniter\CodeIgniter->handleRequest(NULL, Object(Config\Cache), false)
#3 C:\xampp\htdocs\FIMA\public\index.php(45): CodeIgniter\CodeIgniter->run()
#4 {main}
CRITICAL - 2022-05-23 22:00:35 --> Call to a member function get() on null
#0 C:\xampp\htdocs\FIMA\vendor\codeigniter4\framework\system\CodeIgniter.php(931): App\Controllers\ViewD->show_kpi_to_target()
#1 C:\xampp\htdocs\FIMA\vendor\codeigniter4\framework\system\CodeIgniter.php(439): CodeIgniter\CodeIgniter->runController(Object(App\Controllers\ViewD))
#2 C:\xampp\htdocs\FIMA\vendor\codeigniter4\framework\system\CodeIgniter.php(339): CodeIgniter\CodeIgniter->handleRequest(NULL, Object(Config\Cache), false)
#3 C:\xampp\htdocs\FIMA\public\index.php(45): CodeIgniter\CodeIgniter->run()
#4 {main}
CRITICAL - 2022-05-23 22:09:22 --> Call to a member function get() on null
#0 C:\xampp\htdocs\FIMA\vendor\codeigniter4\framework\system\CodeIgniter.php(931): App\Controllers\ViewD->show_kpi_to_target()
#1 C:\xampp\htdocs\FIMA\vendor\codeigniter4\framework\system\CodeIgniter.php(439): CodeIgniter\CodeIgniter->runController(Object(App\Controllers\ViewD))
#2 C:\xampp\htdocs\FIMA\vendor\codeigniter4\framework\system\CodeIgniter.php(339): CodeIgniter\CodeIgniter->handleRequest(NULL, Object(Config\Cache), false)
#3 C:\xampp\htdocs\FIMA\public\index.php(45): CodeIgniter\CodeIgniter->run()
#4 {main}
CRITICAL - 2022-05-23 22:09:54 --> Call to a member function start() on null
#0 C:\xampp\htdocs\FIMA\vendor\codeigniter4\framework\system\CodeIgniter.php(931): App\Controllers\ViewD->show_kpi_to_target()
#1 C:\xampp\htdocs\FIMA\vendor\codeigniter4\framework\system\CodeIgniter.php(439): CodeIgniter\CodeIgniter->runController(Object(App\Controllers\ViewD))
#2 C:\xampp\htdocs\FIMA\vendor\codeigniter4\framework\system\CodeIgniter.php(339): CodeIgniter\CodeIgniter->handleRequest(NULL, Object(Config\Cache), false)
#3 C:\xampp\htdocs\FIMA\public\index.php(45): CodeIgniter\CodeIgniter->run()
#4 {main}
CRITICAL - 2022-05-23 22:10:02 --> Call to a member function get() on null
#0 C:\xampp\htdocs\FIMA\vendor\codeigniter4\framework\system\CodeIgniter.php(931): App\Controllers\ViewD->show_kpi_to_target()
#1 C:\xampp\htdocs\FIMA\vendor\codeigniter4\framework\system\CodeIgniter.php(439): CodeIgniter\CodeIgniter->runController(Object(App\Controllers\ViewD))
#2 C:\xampp\htdocs\FIMA\vendor\codeigniter4\framework\system\CodeIgniter.php(339): CodeIgniter\CodeIgniter->handleRequest(NULL, Object(Config\Cache), false)
#3 C:\xampp\htdocs\FIMA\public\index.php(45): CodeIgniter\CodeIgniter->run()
#4 {main}
CRITICAL - 2022-05-23 22:11:41 --> ini_set(): A session is active. You cannot change the session module's ini settings at this time
#0 [internal function]: CodeIgniter\Debug\Exceptions->errorHandler(2, 'ini_set(): A se...', 'C:\\xampp\\htdocs...', 80, Array)
#1 C:\xampp\htdocs\FIMA\vendor\codeigniter4\framework\system\Session\Handlers\FileHandler.php(80): ini_set('session.save_pa...', 'C:\\xampp\\htdocs...')
#2 C:\xampp\htdocs\FIMA\vendor\codeigniter4\framework\system\Config\Services.php(728): CodeIgniter\Session\Handlers\FileHandler->__construct(Object(Config\App), '10.170.84.39')
#3 C:\xampp\htdocs\FIMA\vendor\codeigniter4\framework\system\Config\BaseService.php(192): CodeIgniter\Config\Services::session(Object(Config\App), false)
#4 C:\xampp\htdocs\FIMA\vendor\codeigniter4\framework\system\Config\Services.php(721): CodeIgniter\Config\BaseService::getSharedInstance('session', NULL)
#5 C:\xampp\htdocs\FIMA\app\Controllers\BaseController.php(44): CodeIgniter\Config\Services::session()
#6 C:\xampp\htdocs\FIMA\vendor\codeigniter4\framework\system\CodeIgniter.php(904): App\Controllers\BaseController->initController(Object(CodeIgniter\HTTP\IncomingRequest), Object(CodeIgniter\HTTP\Response), Object(CodeIgniter\Log\Logger))
#7 C:\xampp\htdocs\FIMA\vendor\codeigniter4\framework\system\CodeIgniter.php(429): CodeIgniter\CodeIgniter->createController()
#8 C:\xampp\htdocs\FIMA\vendor\codeigniter4\framework\system\CodeIgniter.php(339): CodeIgniter\CodeIgniter->handleRequest(NULL, Object(Config\Cache), false)
#9 C:\xampp\htdocs\FIMA\public\index.php(45): CodeIgniter\CodeIgniter->run()
#10 {main}
CRITICAL - 2022-05-23 22:12:24 --> ini_set(): A session is active. You cannot change the session module's ini settings at this time
#0 [internal function]: CodeIgniter\Debug\Exceptions->errorHandler(2, 'ini_set(): A se...', 'C:\\xampp\\htdocs...', 80, Array)
#1 C:\xampp\htdocs\FIMA\vendor\codeigniter4\framework\system\Session\Handlers\FileHandler.php(80): ini_set('session.save_pa...', 'C:\\xampp\\htdocs...')
#2 C:\xampp\htdocs\FIMA\vendor\codeigniter4\framework\system\Config\Services.php(728): CodeIgniter\Session\Handlers\FileHandler->__construct(Object(Config\App), '10.170.84.39')
#3 C:\xampp\htdocs\FIMA\vendor\codeigniter4\framework\system\Config\BaseService.php(192): CodeIgniter\Config\Services::session(Object(Config\App), false)
#4 C:\xampp\htdocs\FIMA\vendor\codeigniter4\framework\system\Config\Services.php(721): CodeIgniter\Config\BaseService::getSharedInstance('session', NULL)
#5 C:\xampp\htdocs\FIMA\app\Controllers\BaseController.php(44): CodeIgniter\Config\Services::session()
#6 C:\xampp\htdocs\FIMA\vendor\codeigniter4\framework\system\CodeIgniter.php(904): App\Controllers\BaseController->initController(Object(CodeIgniter\HTTP\IncomingRequest), Object(CodeIgniter\HTTP\Response), Object(CodeIgniter\Log\Logger))
#7 C:\xampp\htdocs\FIMA\vendor\codeigniter4\framework\system\CodeIgniter.php(429): CodeIgniter\CodeIgniter->createController()
#8 C:\xampp\htdocs\FIMA\vendor\codeigniter4\framework\system\CodeIgniter.php(339): CodeIgniter\CodeIgniter->handleRequest(NULL, Object(Config\Cache), false)
#9 C:\xampp\htdocs\FIMA\public\index.php(45): CodeIgniter\CodeIgniter->run()
#10 {main}
CRITICAL - 2022-05-23 22:12:34 --> ini_set(): A session is active. You cannot change the session module's ini settings at this time
#0 [internal function]: CodeIgniter\Debug\Exceptions->errorHandler(2, 'ini_set(): A se...', 'C:\\xampp\\htdocs...', 80, Array)
#1 C:\xampp\htdocs\FIMA\vendor\codeigniter4\framework\system\Session\Handlers\FileHandler.php(80): ini_set('session.save_pa...', 'C:\\xampp\\htdocs...')
#2 C:\xampp\htdocs\FIMA\vendor\codeigniter4\framework\system\Config\Services.php(728): CodeIgniter\Session\Handlers\FileHandler->__construct(Object(Config\App), '10.170.84.39')
#3 C:\xampp\htdocs\FIMA\vendor\codeigniter4\framework\system\Config\BaseService.php(192): CodeIgniter\Config\Services::session(Object(Config\App), false)
#4 C:\xampp\htdocs\FIMA\vendor\codeigniter4\framework\system\Config\Services.php(721): CodeIgniter\Config\BaseService::getSharedInstance('session', NULL)
#5 C:\xampp\htdocs\FIMA\app\Controllers\BaseController.php(44): CodeIgniter\Config\Services::session()
#6 C:\xampp\htdocs\FIMA\vendor\codeigniter4\framework\system\CodeIgniter.php(904): App\Controllers\BaseController->initController(Object(CodeIgniter\HTTP\IncomingRequest), Object(CodeIgniter\HTTP\Response), Object(CodeIgniter\Log\Logger))
#7 C:\xampp\htdocs\FIMA\vendor\codeigniter4\framework\system\CodeIgniter.php(429): CodeIgniter\CodeIgniter->createController()
#8 C:\xampp\htdocs\FIMA\vendor\codeigniter4\framework\system\CodeIgniter.php(339): CodeIgniter\CodeIgniter->handleRequest(NULL, Object(Config\Cache), false)
#9 C:\xampp\htdocs\FIMA\public\index.php(45): CodeIgniter\CodeIgniter->run()
#10 {main}
CRITICAL - 2022-05-23 22:13:12 --> ini_set(): A session is active. You cannot change the session module's ini settings at this time
#0 [internal function]: CodeIgniter\Debug\Exceptions->errorHandler(2, 'ini_set(): A se...', 'C:\\xampp\\htdocs...', 80, Array)
#1 C:\xampp\htdocs\FIMA\vendor\codeigniter4\framework\system\Session\Handlers\FileHandler.php(80): ini_set('session.save_pa...', 'C:\\xampp\\htdocs...')
#2 C:\xampp\htdocs\FIMA\vendor\codeigniter4\framework\system\Config\Services.php(728): CodeIgniter\Session\Handlers\FileHandler->__construct(Object(Config\App), '10.170.84.39')
#3 C:\xampp\htdocs\FIMA\vendor\codeigniter4\framework\system\Config\BaseService.php(192): CodeIgniter\Config\Services::session(Object(Config\App), false)
#4 C:\xampp\htdocs\FIMA\vendor\codeigniter4\framework\system\Config\Services.php(721): CodeIgniter\Config\BaseService::getSharedInstance('session', NULL)
#5 C:\xampp\htdocs\FIMA\app\Controllers\BaseController.php(44): CodeIgniter\Config\Services::session()
#6 C:\xampp\htdocs\FIMA\vendor\codeigniter4\framework\system\CodeIgniter.php(904): App\Controllers\BaseController->initController(Object(CodeIgniter\HTTP\IncomingRequest), Object(CodeIgniter\HTTP\Response), Object(CodeIgniter\Log\Logger))
#7 C:\xampp\htdocs\FIMA\vendor\codeigniter4\framework\system\CodeIgniter.php(429): CodeIgniter\CodeIgniter->createController()
#8 C:\xampp\htdocs\FIMA\vendor\codeigniter4\framework\system\CodeIgniter.php(339): CodeIgniter\CodeIgniter->handleRequest(NULL, Object(Config\Cache), false)
#9 C:\xampp\htdocs\FIMA\public\index.php(45): CodeIgniter\CodeIgniter->run()
#10 {main}
CRITICAL - 2022-05-23 22:18:03 --> ini_set(): A session is active. You cannot change the session module's ini settings at this time
#0 [internal function]: CodeIgniter\Debug\Exceptions->errorHandler(2, 'ini_set(): A se...', 'C:\\xampp\\htdocs...', 80, Array)
#1 C:\xampp\htdocs\FIMA\vendor\codeigniter4\framework\system\Session\Handlers\FileHandler.php(80): ini_set('session.save_pa...', 'C:\\xampp\\htdocs...')
#2 C:\xampp\htdocs\FIMA\vendor\codeigniter4\framework\system\Config\Services.php(728): CodeIgniter\Session\Handlers\FileHandler->__construct(Object(Config\App), '10.170.84.39')
#3 C:\xampp\htdocs\FIMA\vendor\codeigniter4\framework\system\Config\BaseService.php(192): CodeIgniter\Config\Services::session(Object(Config\App), false)
#4 C:\xampp\htdocs\FIMA\vendor\codeigniter4\framework\system\Config\Services.php(721): CodeIgniter\Config\BaseService::getSharedInstance('session', NULL)
#5 C:\xampp\htdocs\FIMA\app\Controllers\BaseController.php(44): CodeIgniter\Config\Services::session()
#6 C:\xampp\htdocs\FIMA\vendor\codeigniter4\framework\system\CodeIgniter.php(904): App\Controllers\BaseController->initController(Object(CodeIgniter\HTTP\IncomingRequest), Object(CodeIgniter\HTTP\Response), Object(CodeIgniter\Log\Logger))
#7 C:\xampp\htdocs\FIMA\vendor\codeigniter4\framework\system\CodeIgniter.php(429): CodeIgniter\CodeIgniter->createController()
#8 C:\xampp\htdocs\FIMA\vendor\codeigniter4\framework\system\CodeIgniter.php(339): CodeIgniter\CodeIgniter->handleRequest(NULL, Object(Config\Cache), false)
#9 C:\xampp\htdocs\FIMA\public\index.php(45): CodeIgniter\CodeIgniter->run()
#10 {main}
CRITICAL - 2022-05-23 22:18:04 --> ini_set(): A session is active. You cannot change the session module's ini settings at this time
#0 [internal function]: CodeIgniter\Debug\Exceptions->errorHandler(2, 'ini_set(): A se...', 'C:\\xampp\\htdocs...', 80, Array)
#1 C:\xampp\htdocs\FIMA\vendor\codeigniter4\framework\system\Session\Handlers\FileHandler.php(80): ini_set('session.save_pa...', 'C:\\xampp\\htdocs...')
#2 C:\xampp\htdocs\FIMA\vendor\codeigniter4\framework\system\Config\Services.php(728): CodeIgniter\Session\Handlers\FileHandler->__construct(Object(Config\App), '10.170.84.39')
#3 C:\xampp\htdocs\FIMA\vendor\codeigniter4\framework\system\Config\BaseService.php(192): CodeIgniter\Config\Services::session(Object(Config\App), false)
#4 C:\xampp\htdocs\FIMA\vendor\codeigniter4\framework\system\Config\Services.php(721): CodeIgniter\Config\BaseService::getSharedInstance('session', NULL)
#5 C:\xampp\htdocs\FIMA\app\Controllers\BaseController.php(44): CodeIgniter\Config\Services::session()
#6 C:\xampp\htdocs\FIMA\vendor\codeigniter4\framework\system\CodeIgniter.php(904): App\Controllers\BaseController->initController(Object(CodeIgniter\HTTP\IncomingRequest), Object(CodeIgniter\HTTP\Response), Object(CodeIgniter\Log\Logger))
#7 C:\xampp\htdocs\FIMA\vendor\codeigniter4\framework\system\CodeIgniter.php(429): CodeIgniter\CodeIgniter->createController()
#8 C:\xampp\htdocs\FIMA\vendor\codeigniter4\framework\system\CodeIgniter.php(339): CodeIgniter\CodeIgniter->handleRequest(NULL, Object(Config\Cache), false)
#9 C:\xampp\htdocs\FIMA\public\index.php(45): CodeIgniter\CodeIgniter->run()
#10 {main}
CRITICAL - 2022-05-23 22:18:05 --> ini_set(): A session is active. You cannot change the session module's ini settings at this time
#0 [internal function]: CodeIgniter\Debug\Exceptions->errorHandler(2, 'ini_set(): A se...', 'C:\\xampp\\htdocs...', 80, Array)
#1 C:\xampp\htdocs\FIMA\vendor\codeigniter4\framework\system\Session\Handlers\FileHandler.php(80): ini_set('session.save_pa...', 'C:\\xampp\\htdocs...')
#2 C:\xampp\htdocs\FIMA\vendor\codeigniter4\framework\system\Config\Services.php(728): CodeIgniter\Session\Handlers\FileHandler->__construct(Object(Config\App), '10.170.84.39')
#3 C:\xampp\htdocs\FIMA\vendor\codeigniter4\framework\system\Config\BaseService.php(192): CodeIgniter\Config\Services::session(Object(Config\App), false)
#4 C:\xampp\htdocs\FIMA\vendor\codeigniter4\framework\system\Config\Services.php(721): CodeIgniter\Config\BaseService::getSharedInstance('session', NULL)
#5 C:\xampp\htdocs\FIMA\app\Controllers\BaseController.php(44): CodeIgniter\Config\Services::session()
#6 C:\xampp\htdocs\FIMA\vendor\codeigniter4\framework\system\CodeIgniter.php(904): App\Controllers\BaseController->initController(Object(CodeIgniter\HTTP\IncomingRequest), Object(CodeIgniter\HTTP\Response), Object(CodeIgniter\Log\Logger))
#7 C:\xampp\htdocs\FIMA\vendor\codeigniter4\framework\system\CodeIgniter.php(429): CodeIgniter\CodeIgniter->createController()
#8 C:\xampp\htdocs\FIMA\vendor\codeigniter4\framework\system\CodeIgniter.php(339): CodeIgniter\CodeIgniter->handleRequest(NULL, Object(Config\Cache), false)
#9 C:\xampp\htdocs\FIMA\public\index.php(45): CodeIgniter\CodeIgniter->run()
#10 {main}
CRITICAL - 2022-05-23 22:18:06 --> ini_set(): A session is active. You cannot change the session module's ini settings at this time
#0 [internal function]: CodeIgniter\Debug\Exceptions->errorHandler(2, 'ini_set(): A se...', 'C:\\xampp\\htdocs...', 80, Array)
#1 C:\xampp\htdocs\FIMA\vendor\codeigniter4\framework\system\Session\Handlers\FileHandler.php(80): ini_set('session.save_pa...', 'C:\\xampp\\htdocs...')
#2 C:\xampp\htdocs\FIMA\vendor\codeigniter4\framework\system\Config\Services.php(728): CodeIgniter\Session\Handlers\FileHandler->__construct(Object(Config\App), '10.170.84.39')
#3 C:\xampp\htdocs\FIMA\vendor\codeigniter4\framework\system\Config\BaseService.php(192): CodeIgniter\Config\Services::session(Object(Config\App), false)
#4 C:\xampp\htdocs\FIMA\vendor\codeigniter4\framework\system\Config\Services.php(721): CodeIgniter\Config\BaseService::getSharedInstance('session', NULL)
#5 C:\xampp\htdocs\FIMA\app\Controllers\BaseController.php(44): CodeIgniter\Config\Services::session()
#6 C:\xampp\htdocs\FIMA\vendor\codeigniter4\framework\system\CodeIgniter.php(904): App\Controllers\BaseController->initController(Object(CodeIgniter\HTTP\IncomingRequest), Object(CodeIgniter\HTTP\Response), Object(CodeIgniter\Log\Logger))
#7 C:\xampp\htdocs\FIMA\vendor\codeigniter4\framework\system\CodeIgniter.php(429): CodeIgniter\CodeIgniter->createController()
#8 C:\xampp\htdocs\FIMA\vendor\codeigniter4\framework\system\CodeIgniter.php(339): CodeIgniter\CodeIgniter->handleRequest(NULL, Object(Config\Cache), false)
#9 C:\xampp\htdocs\FIMA\public\index.php(45): CodeIgniter\CodeIgniter->run()
#10 {main}
CRITICAL - 2022-05-23 22:18:06 --> ini_set(): A session is active. You cannot change the session module's ini settings at this time
#0 [internal function]: CodeIgniter\Debug\Exceptions->errorHandler(2, 'ini_set(): A se...', 'C:\\xampp\\htdocs...', 80, Array)
#1 C:\xampp\htdocs\FIMA\vendor\codeigniter4\framework\system\Session\Handlers\FileHandler.php(80): ini_set('session.save_pa...', 'C:\\xampp\\htdocs...')
#2 C:\xampp\htdocs\FIMA\vendor\codeigniter4\framework\system\Config\Services.php(728): CodeIgniter\Session\Handlers\FileHandler->__construct(Object(Config\App), '10.170.84.39')
#3 C:\xampp\htdocs\FIMA\vendor\codeigniter4\framework\system\Config\BaseService.php(192): CodeIgniter\Config\Services::session(Object(Config\App), false)
#4 C:\xampp\htdocs\FIMA\vendor\codeigniter4\framework\system\Config\Services.php(721): CodeIgniter\Config\BaseService::getSharedInstance('session', NULL)
#5 C:\xampp\htdocs\FIMA\app\Controllers\BaseController.php(44): CodeIgniter\Config\Services::session()
#6 C:\xampp\htdocs\FIMA\vendor\codeigniter4\framework\system\CodeIgniter.php(904): App\Controllers\BaseController->initController(Object(CodeIgniter\HTTP\IncomingRequest), Object(CodeIgniter\HTTP\Response), Object(CodeIgniter\Log\Logger))
#7 C:\xampp\htdocs\FIMA\vendor\codeigniter4\framework\system\CodeIgniter.php(429): CodeIgniter\CodeIgniter->createController()
#8 C:\xampp\htdocs\FIMA\vendor\codeigniter4\framework\system\CodeIgniter.php(339): CodeIgniter\CodeIgniter->handleRequest(NULL, Object(Config\Cache), false)
#9 C:\xampp\htdocs\FIMA\public\index.php(45): CodeIgniter\CodeIgniter->run()
#10 {main}
CRITICAL - 2022-05-23 22:18:14 --> Call to a member function get() on null
#0 C:\xampp\htdocs\FIMA\vendor\codeigniter4\framework\system\CodeIgniter.php(931): App\Controllers\ViewD->show_kpi_to_target()
#1 C:\xampp\htdocs\FIMA\vendor\codeigniter4\framework\system\CodeIgniter.php(439): CodeIgniter\CodeIgniter->runController(Object(App\Controllers\ViewD))
#2 C:\xampp\htdocs\FIMA\vendor\codeigniter4\framework\system\CodeIgniter.php(339): CodeIgniter\CodeIgniter->handleRequest(NULL, Object(Config\Cache), false)
#3 C:\xampp\htdocs\FIMA\public\index.php(45): CodeIgniter\CodeIgniter->run()
#4 {main}
