CRITICAL - 2022-04-19 20:15:39 --> Invalid file: index.php
#0 C:\xampp\htdocs\FIMA\vendor\codeigniter4\framework\system\View\View.php(213): CodeIgniter\Exceptions\FrameworkException::forInvalidFile('index.php')
#1 C:\xampp\htdocs\FIMA\vendor\codeigniter4\framework\system\Common.php(1250): CodeIgniter\View\View->render('index', Array, true)
#2 C:\xampp\htdocs\FIMA\app\Controllers\Master.php(11): view('index', Array)
#3 C:\xampp\htdocs\FIMA\vendor\codeigniter4\framework\system\CodeIgniter.php(931): App\Controllers\Master->index()
#4 C:\xampp\htdocs\FIMA\vendor\codeigniter4\framework\system\CodeIgniter.php(439): CodeIgniter\CodeIgniter->runController(Object(App\Controllers\Master))
#5 C:\xampp\htdocs\FIMA\vendor\codeigniter4\framework\system\CodeIgniter.php(339): CodeIgniter\CodeIgniter->handleRequest(NULL, Object(Config\Cache), false)
#6 C:\xampp\htdocs\FIMA\public\index.php(45): CodeIgniter\CodeIgniter->run()
#7 {main}
CRITICAL - 2022-04-19 20:15:46 --> Invalid file: index.php
#0 C:\xampp\htdocs\FIMA\vendor\codeigniter4\framework\system\View\View.php(213): CodeIgniter\Exceptions\FrameworkException::forInvalidFile('index.php')
#1 C:\xampp\htdocs\FIMA\vendor\codeigniter4\framework\system\Common.php(1250): CodeIgniter\View\View->render('index', Array, true)
#2 C:\xampp\htdocs\FIMA\app\Controllers\Master.php(11): view('index', Array)
#3 C:\xampp\htdocs\FIMA\vendor\codeigniter4\framework\system\CodeIgniter.php(931): App\Controllers\Master->index()
#4 C:\xampp\htdocs\FIMA\vendor\codeigniter4\framework\system\CodeIgniter.php(439): CodeIgniter\CodeIgniter->runController(Object(App\Controllers\Master))
#5 C:\xampp\htdocs\FIMA\vendor\codeigniter4\framework\system\CodeIgniter.php(339): CodeIgniter\CodeIgniter->handleRequest(NULL, Object(Config\Cache), false)
#6 C:\xampp\htdocs\FIMA\public\index.php(45): CodeIgniter\CodeIgniter->run()
#7 {main}
CRITICAL - 2022-04-19 20:15:51 --> Invalid file: index.php
#0 C:\xampp\htdocs\FIMA\vendor\codeigniter4\framework\system\View\View.php(213): CodeIgniter\Exceptions\FrameworkException::forInvalidFile('index.php')
#1 C:\xampp\htdocs\FIMA\vendor\codeigniter4\framework\system\Common.php(1250): CodeIgniter\View\View->render('index', Array, true)
#2 C:\xampp\htdocs\FIMA\app\Controllers\Master.php(11): view('index', Array)
#3 C:\xampp\htdocs\FIMA\vendor\codeigniter4\framework\system\CodeIgniter.php(931): App\Controllers\Master->index()
#4 C:\xampp\htdocs\FIMA\vendor\codeigniter4\framework\system\CodeIgniter.php(439): CodeIgniter\CodeIgniter->runController(Object(App\Controllers\Master))
#5 C:\xampp\htdocs\FIMA\vendor\codeigniter4\framework\system\CodeIgniter.php(339): CodeIgniter\CodeIgniter->handleRequest(NULL, Object(Config\Cache), false)
#6 C:\xampp\htdocs\FIMA\public\index.php(45): CodeIgniter\CodeIgniter->run()
#7 {main}
CRITICAL - 2022-04-19 20:16:03 --> Invalid file: index.php
#0 C:\xampp\htdocs\FIMA\vendor\codeigniter4\framework\system\View\View.php(213): CodeIgniter\Exceptions\FrameworkException::forInvalidFile('index.php')
#1 C:\xampp\htdocs\FIMA\vendor\codeigniter4\framework\system\Common.php(1250): CodeIgniter\View\View->render('index', Array, true)
#2 C:\xampp\htdocs\FIMA\app\Controllers\Master.php(11): view('index', Array)
#3 C:\xampp\htdocs\FIMA\vendor\codeigniter4\framework\system\CodeIgniter.php(931): App\Controllers\Master->index()
#4 C:\xampp\htdocs\FIMA\vendor\codeigniter4\framework\system\CodeIgniter.php(439): CodeIgniter\CodeIgniter->runController(Object(App\Controllers\Master))
#5 C:\xampp\htdocs\FIMA\vendor\codeigniter4\framework\system\CodeIgniter.php(339): CodeIgniter\CodeIgniter->handleRequest(NULL, Object(Config\Cache), false)
#6 C:\xampp\htdocs\FIMA\public\index.php(45): CodeIgniter\CodeIgniter->run()
#7 {main}
CRITICAL - 2022-04-19 20:16:11 --> Invalid file: index.php
#0 C:\xampp\htdocs\FIMA\vendor\codeigniter4\framework\system\View\View.php(213): CodeIgniter\Exceptions\FrameworkException::forInvalidFile('index.php')
#1 C:\xampp\htdocs\FIMA\vendor\codeigniter4\framework\system\Common.php(1250): CodeIgniter\View\View->render('index', Array, true)
#2 C:\xampp\htdocs\FIMA\app\Controllers\Master.php(11): view('index', Array)
#3 C:\xampp\htdocs\FIMA\vendor\codeigniter4\framework\system\CodeIgniter.php(931): App\Controllers\Master->index()
#4 C:\xampp\htdocs\FIMA\vendor\codeigniter4\framework\system\CodeIgniter.php(439): CodeIgniter\CodeIgniter->runController(Object(App\Controllers\Master))
#5 C:\xampp\htdocs\FIMA\vendor\codeigniter4\framework\system\CodeIgniter.php(339): CodeIgniter\CodeIgniter->handleRequest(NULL, Object(Config\Cache), false)
#6 C:\xampp\htdocs\FIMA\public\index.php(45): CodeIgniter\CodeIgniter->run()
#7 {main}
CRITICAL - 2022-04-19 20:16:20 --> Invalid file: index.php
#0 C:\xampp\htdocs\FIMA\vendor\codeigniter4\framework\system\View\View.php(213): CodeIgniter\Exceptions\FrameworkException::forInvalidFile('index.php')
#1 C:\xampp\htdocs\FIMA\vendor\codeigniter4\framework\system\Common.php(1250): CodeIgniter\View\View->render('index', Array, true)
#2 C:\xampp\htdocs\FIMA\app\Controllers\Master.php(11): view('index', Array)
#3 C:\xampp\htdocs\FIMA\vendor\codeigniter4\framework\system\CodeIgniter.php(931): App\Controllers\Master->index()
#4 C:\xampp\htdocs\FIMA\vendor\codeigniter4\framework\system\CodeIgniter.php(439): CodeIgniter\CodeIgniter->runController(Object(App\Controllers\Master))
#5 C:\xampp\htdocs\FIMA\vendor\codeigniter4\framework\system\CodeIgniter.php(339): CodeIgniter\CodeIgniter->handleRequest(NULL, Object(Config\Cache), false)
#6 C:\xampp\htdocs\FIMA\public\index.php(45): CodeIgniter\CodeIgniter->run()
#7 {main}
CRITICAL - 2022-04-19 20:16:45 --> Invalid file: index.php
#0 C:\xampp\htdocs\FIMA\vendor\codeigniter4\framework\system\View\View.php(213): CodeIgniter\Exceptions\FrameworkException::forInvalidFile('index.php')
#1 C:\xampp\htdocs\FIMA\vendor\codeigniter4\framework\system\Common.php(1250): CodeIgniter\View\View->render('index', Array, true)
#2 C:\xampp\htdocs\FIMA\app\Controllers\Master.php(11): view('index', Array)
#3 C:\xampp\htdocs\FIMA\vendor\codeigniter4\framework\system\CodeIgniter.php(931): App\Controllers\Master->index()
#4 C:\xampp\htdocs\FIMA\vendor\codeigniter4\framework\system\CodeIgniter.php(439): CodeIgniter\CodeIgniter->runController(Object(App\Controllers\Master))
#5 C:\xampp\htdocs\FIMA\vendor\codeigniter4\framework\system\CodeIgniter.php(339): CodeIgniter\CodeIgniter->handleRequest(NULL, Object(Config\Cache), false)
#6 C:\xampp\htdocs\FIMA\public\index.php(45): CodeIgniter\CodeIgniter->run()
#7 {main}
CRITICAL - 2022-04-19 20:39:22 --> Invalid file: http://localhost/FIMA/publicMaster/index.php
#0 C:\xampp\htdocs\FIMA\vendor\codeigniter4\framework\system\View\View.php(213): CodeIgniter\Exceptions\FrameworkException::forInvalidFile('http://localhos...')
#1 C:\xampp\htdocs\FIMA\vendor\codeigniter4\framework\system\Common.php(1250): CodeIgniter\View\View->render('http://localhos...', Array, true)
#2 C:\xampp\htdocs\FIMA\app\Controllers\Master.php(11): view('http://localhos...', Array)
#3 C:\xampp\htdocs\FIMA\vendor\codeigniter4\framework\system\CodeIgniter.php(931): App\Controllers\Master->index()
#4 C:\xampp\htdocs\FIMA\vendor\codeigniter4\framework\system\CodeIgniter.php(439): CodeIgniter\CodeIgniter->runController(Object(App\Controllers\Master))
#5 C:\xampp\htdocs\FIMA\vendor\codeigniter4\framework\system\CodeIgniter.php(339): CodeIgniter\CodeIgniter->handleRequest(NULL, Object(Config\Cache), false)
#6 C:\xampp\htdocs\FIMA\public\index.php(45): CodeIgniter\CodeIgniter->run()
#7 {main}
CRITICAL - 2022-04-19 20:39:30 --> Invalid file: http://localhost/FIMA/publicMaster/index.php
#0 C:\xampp\htdocs\FIMA\vendor\codeigniter4\framework\system\View\View.php(213): CodeIgniter\Exceptions\FrameworkException::forInvalidFile('http://localhos...')
#1 C:\xampp\htdocs\FIMA\vendor\codeigniter4\framework\system\Common.php(1250): CodeIgniter\View\View->render('http://localhos...', Array, true)
#2 C:\xampp\htdocs\FIMA\app\Controllers\Master.php(11): view('http://localhos...', Array)
#3 C:\xampp\htdocs\FIMA\vendor\codeigniter4\framework\system\CodeIgniter.php(931): App\Controllers\Master->index()
#4 C:\xampp\htdocs\FIMA\vendor\codeigniter4\framework\system\CodeIgniter.php(439): CodeIgniter\CodeIgniter->runController(Object(App\Controllers\Master))
#5 C:\xampp\htdocs\FIMA\vendor\codeigniter4\framework\system\CodeIgniter.php(339): CodeIgniter\CodeIgniter->handleRequest(NULL, Object(Config\Cache), false)
#6 C:\xampp\htdocs\FIMA\public\index.php(45): CodeIgniter\CodeIgniter->run()
#7 {main}
CRITICAL - 2022-04-19 20:55:20 --> Invalid file: master-raw-data.php
#0 C:\xampp\htdocs\FIMA\vendor\codeigniter4\framework\system\View\View.php(213): CodeIgniter\Exceptions\FrameworkException::forInvalidFile('master-raw-data...')
#1 C:\xampp\htdocs\FIMA\vendor\codeigniter4\framework\system\Common.php(1250): CodeIgniter\View\View->render('master-raw-data', Array, true)
#2 C:\xampp\htdocs\FIMA\app\Controllers\Master.php(11): view('master-raw-data', Array)
#3 C:\xampp\htdocs\FIMA\vendor\codeigniter4\framework\system\CodeIgniter.php(931): App\Controllers\Master->index()
#4 C:\xampp\htdocs\FIMA\vendor\codeigniter4\framework\system\CodeIgniter.php(439): CodeIgniter\CodeIgniter->runController(Object(App\Controllers\Master))
#5 C:\xampp\htdocs\FIMA\vendor\codeigniter4\framework\system\CodeIgniter.php(339): CodeIgniter\CodeIgniter->handleRequest(NULL, Object(Config\Cache), false)
#6 C:\xampp\htdocs\FIMA\public\index.php(45): CodeIgniter\CodeIgniter->run()
#7 {main}
