CRITICAL - 2022-05-16 19:48:33 --> Class 'App\Controllers\app' not found
#0 C:\xampp\htdocs\FIMA\vendor\codeigniter4\framework\system\CodeIgniter.php(931): App\Controllers\Master->do_input_raw_data()
#1 C:\xampp\htdocs\FIMA\vendor\codeigniter4\framework\system\CodeIgniter.php(439): CodeIgniter\CodeIgniter->runController(Object(App\Controllers\Master))
#2 C:\xampp\htdocs\FIMA\vendor\codeigniter4\framework\system\CodeIgniter.php(339): CodeIgniter\CodeIgniter->handleRequest(NULL, Object(Config\Cache), false)
#3 C:\xampp\htdocs\FIMA\public\index.php(45): CodeIgniter\CodeIgniter->run()
#4 {main}
CRITICAL - 2022-05-16 19:49:15 --> Class 'App\Controllers\App\Models\MasterModel' not found
#0 C:\xampp\htdocs\FIMA\vendor\codeigniter4\framework\system\CodeIgniter.php(931): App\Controllers\Master->do_input_raw_data()
#1 C:\xampp\htdocs\FIMA\vendor\codeigniter4\framework\system\CodeIgniter.php(439): CodeIgniter\CodeIgniter->runController(Object(App\Controllers\Master))
#2 C:\xampp\htdocs\FIMA\vendor\codeigniter4\framework\system\CodeIgniter.php(339): CodeIgniter\CodeIgniter->handleRequest(NULL, Object(Config\Cache), false)
#3 C:\xampp\htdocs\FIMA\public\index.php(45): CodeIgniter\CodeIgniter->run()
#4 {main}
CRITICAL - 2022-05-16 19:50:02 --> Class 'App\Controllers\MasterModel' not found
#0 C:\xampp\htdocs\FIMA\vendor\codeigniter4\framework\system\CodeIgniter.php(931): App\Controllers\Master->do_input_raw_data()
#1 C:\xampp\htdocs\FIMA\vendor\codeigniter4\framework\system\CodeIgniter.php(439): CodeIgniter\CodeIgniter->runController(Object(App\Controllers\Master))
#2 C:\xampp\htdocs\FIMA\vendor\codeigniter4\framework\system\CodeIgniter.php(339): CodeIgniter\CodeIgniter->handleRequest(NULL, Object(Config\Cache), false)
#3 C:\xampp\htdocs\FIMA\public\index.php(45): CodeIgniter\CodeIgniter->run()
#4 {main}
CRITICAL - 2022-05-16 19:51:53 --> You must set the database table to be used with your query.
#0 C:\xampp\htdocs\FIMA\vendor\codeigniter4\framework\system\Model.php(602): CodeIgniter\Database\BaseConnection->table(NULL)
#1 C:\xampp\htdocs\FIMA\vendor\codeigniter4\framework\system\Model.php(798): CodeIgniter\Model->builder()
#2 C:\xampp\htdocs\FIMA\app\Controllers\Master.php(54): CodeIgniter\Model->__call('add', Array)
#3 C:\xampp\htdocs\FIMA\vendor\codeigniter4\framework\system\CodeIgniter.php(931): App\Controllers\Master->do_input_raw_data()
#4 C:\xampp\htdocs\FIMA\vendor\codeigniter4\framework\system\CodeIgniter.php(439): CodeIgniter\CodeIgniter->runController(Object(App\Controllers\Master))
#5 C:\xampp\htdocs\FIMA\vendor\codeigniter4\framework\system\CodeIgniter.php(339): CodeIgniter\CodeIgniter->handleRequest(NULL, Object(Config\Cache), false)
#6 C:\xampp\htdocs\FIMA\public\index.php(45): CodeIgniter\CodeIgniter->run()
#7 {main}
CRITICAL - 2022-05-16 19:56:54 --> Access level to App\Models\MasterModel::$db must be protected (as in class CodeIgniter\Model) or weaker
#0 [internal function]: CodeIgniter\Debug\Exceptions->shutdownHandler()
#1 {main}
CRITICAL - 2022-05-16 19:57:07 --> Call to undefined method App\Models\MasterModel::add
#0 C:\xampp\htdocs\FIMA\app\Controllers\Master.php(54): CodeIgniter\Model->__call('add', Array)
#1 C:\xampp\htdocs\FIMA\vendor\codeigniter4\framework\system\CodeIgniter.php(931): App\Controllers\Master->do_input_raw_data()
#2 C:\xampp\htdocs\FIMA\vendor\codeigniter4\framework\system\CodeIgniter.php(439): CodeIgniter\CodeIgniter->runController(Object(App\Controllers\Master))
#3 C:\xampp\htdocs\FIMA\vendor\codeigniter4\framework\system\CodeIgniter.php(339): CodeIgniter\CodeIgniter->handleRequest(NULL, Object(Config\Cache), false)
#4 C:\xampp\htdocs\FIMA\public\index.php(45): CodeIgniter\CodeIgniter->run()
#5 {main}
CRITICAL - 2022-05-16 19:59:22 --> Call to undefined method App\Models\MasterModel::add
#0 C:\xampp\htdocs\FIMA\app\Controllers\Master.php(54): CodeIgniter\Model->__call('add', Array)
#1 C:\xampp\htdocs\FIMA\vendor\codeigniter4\framework\system\CodeIgniter.php(931): App\Controllers\Master->do_input_raw_data()
#2 C:\xampp\htdocs\FIMA\vendor\codeigniter4\framework\system\CodeIgniter.php(439): CodeIgniter\CodeIgniter->runController(Object(App\Controllers\Master))
#3 C:\xampp\htdocs\FIMA\vendor\codeigniter4\framework\system\CodeIgniter.php(339): CodeIgniter\CodeIgniter->handleRequest(NULL, Object(Config\Cache), false)
#4 C:\xampp\htdocs\FIMA\public\index.php(45): CodeIgniter\CodeIgniter->run()
#5 {main}
CRITICAL - 2022-05-16 20:00:41 --> Call to undefined method App\Models\MasterModel::add
#0 C:\xampp\htdocs\FIMA\app\Controllers\Master.php(54): CodeIgniter\Model->__call('add', Array)
#1 C:\xampp\htdocs\FIMA\vendor\codeigniter4\framework\system\CodeIgniter.php(931): App\Controllers\Master->do_input_raw_data()
#2 C:\xampp\htdocs\FIMA\vendor\codeigniter4\framework\system\CodeIgniter.php(439): CodeIgniter\CodeIgniter->runController(Object(App\Controllers\Master))
#3 C:\xampp\htdocs\FIMA\vendor\codeigniter4\framework\system\CodeIgniter.php(339): CodeIgniter\CodeIgniter->handleRequest(NULL, Object(Config\Cache), false)
#4 C:\xampp\htdocs\FIMA\public\index.php(45): CodeIgniter\CodeIgniter->run()
#5 {main}
CRITICAL - 2022-05-16 20:00:48 --> Call to undefined method App\Models\MasterModel::add
#0 C:\xampp\htdocs\FIMA\app\Controllers\Master.php(54): CodeIgniter\Model->__call('add', Array)
#1 C:\xampp\htdocs\FIMA\vendor\codeigniter4\framework\system\CodeIgniter.php(931): App\Controllers\Master->do_input_raw_data()
#2 C:\xampp\htdocs\FIMA\vendor\codeigniter4\framework\system\CodeIgniter.php(439): CodeIgniter\CodeIgniter->runController(Object(App\Controllers\Master))
#3 C:\xampp\htdocs\FIMA\vendor\codeigniter4\framework\system\CodeIgniter.php(339): CodeIgniter\CodeIgniter->handleRequest(NULL, Object(Config\Cache), false)
#4 C:\xampp\htdocs\FIMA\public\index.php(45): CodeIgniter\CodeIgniter->run()
#5 {main}
CRITICAL - 2022-05-16 20:06:40 --> Trait 'App\Controllers\ResponseTrait' not found
#0 [internal function]: CodeIgniter\Debug\Exceptions->shutdownHandler()
#1 {main}
CRITICAL - 2022-05-16 20:07:33 --> App\Controllers\Master cannot use App\Models\MasterModel - it is not a trait
#0 [internal function]: CodeIgniter\Debug\Exceptions->shutdownHandler()
#1 {main}
CRITICAL - 2022-05-16 20:08:10 --> Call to undefined method App\Models\MasterModel::add
#0 C:\xampp\htdocs\FIMA\app\Controllers\Master.php(56): CodeIgniter\Model->__call('add', Array)
#1 C:\xampp\htdocs\FIMA\vendor\codeigniter4\framework\system\CodeIgniter.php(931): App\Controllers\Master->do_input_raw_data()
#2 C:\xampp\htdocs\FIMA\vendor\codeigniter4\framework\system\CodeIgniter.php(439): CodeIgniter\CodeIgniter->runController(Object(App\Controllers\Master))
#3 C:\xampp\htdocs\FIMA\vendor\codeigniter4\framework\system\CodeIgniter.php(339): CodeIgniter\CodeIgniter->handleRequest(NULL, Object(Config\Cache), false)
#4 C:\xampp\htdocs\FIMA\public\index.php(45): CodeIgniter\CodeIgniter->run()
#5 {main}
CRITICAL - 2022-05-16 20:15:38 --> Call to a member function table() on null
#0 C:\xampp\htdocs\FIMA\vendor\codeigniter4\framework\system\CodeIgniter.php(931): App\Controllers\Master->do_input_raw_data()
#1 C:\xampp\htdocs\FIMA\vendor\codeigniter4\framework\system\CodeIgniter.php(439): CodeIgniter\CodeIgniter->runController(Object(App\Controllers\Master))
#2 C:\xampp\htdocs\FIMA\vendor\codeigniter4\framework\system\CodeIgniter.php(339): CodeIgniter\CodeIgniter->handleRequest(NULL, Object(Config\Cache), false)
#3 C:\xampp\htdocs\FIMA\public\index.php(45): CodeIgniter\CodeIgniter->run()
#4 {main}
CRITICAL - 2022-05-16 20:17:17 --> Call to a member function table() on null
#0 C:\xampp\htdocs\FIMA\vendor\codeigniter4\framework\system\CodeIgniter.php(931): App\Controllers\Master->do_input_raw_data()
#1 C:\xampp\htdocs\FIMA\vendor\codeigniter4\framework\system\CodeIgniter.php(439): CodeIgniter\CodeIgniter->runController(Object(App\Controllers\Master))
#2 C:\xampp\htdocs\FIMA\vendor\codeigniter4\framework\system\CodeIgniter.php(339): CodeIgniter\CodeIgniter->handleRequest(NULL, Object(Config\Cache), false)
#3 C:\xampp\htdocs\FIMA\public\index.php(45): CodeIgniter\CodeIgniter->run()
#4 {main}
CRITICAL - 2022-05-16 20:17:50 --> Call to a member function table() on null
#0 C:\xampp\htdocs\FIMA\vendor\codeigniter4\framework\system\CodeIgniter.php(931): App\Controllers\Master->do_input_raw_data()
#1 C:\xampp\htdocs\FIMA\vendor\codeigniter4\framework\system\CodeIgniter.php(439): CodeIgniter\CodeIgniter->runController(Object(App\Controllers\Master))
#2 C:\xampp\htdocs\FIMA\vendor\codeigniter4\framework\system\CodeIgniter.php(339): CodeIgniter\CodeIgniter->handleRequest(NULL, Object(Config\Cache), false)
#3 C:\xampp\htdocs\FIMA\public\index.php(45): CodeIgniter\CodeIgniter->run()
#4 {main}
CRITICAL - 2022-05-16 20:19:02 --> Cannot call constructor
#0 C:\xampp\htdocs\FIMA\vendor\codeigniter4\framework\system\CodeIgniter.php(903): App\Controllers\Master->__construct()
#1 C:\xampp\htdocs\FIMA\vendor\codeigniter4\framework\system\CodeIgniter.php(429): CodeIgniter\CodeIgniter->createController()
#2 C:\xampp\htdocs\FIMA\vendor\codeigniter4\framework\system\CodeIgniter.php(339): CodeIgniter\CodeIgniter->handleRequest(NULL, Object(Config\Cache), false)
#3 C:\xampp\htdocs\FIMA\public\index.php(45): CodeIgniter\CodeIgniter->run()
#4 {main}
CRITICAL - 2022-05-16 20:20:26 --> Unable to connect to the database.
Main connection [MySQLi]: Unknown database 'skote-ci4'
#0 C:\xampp\htdocs\FIMA\vendor\codeigniter4\framework\system\Database\BaseConnection.php(625): CodeIgniter\Database\BaseConnection->initialize()
#1 C:\xampp\htdocs\FIMA\vendor\codeigniter4\framework\system\Database\BaseBuilder.php(1881): CodeIgniter\Database\BaseConnection->query('SELECT `dept`, ...', Array, false)
#2 C:\xampp\htdocs\FIMA\app\Controllers\Master.php(60): CodeIgniter\Database\BaseBuilder->get()
#3 C:\xampp\htdocs\FIMA\vendor\codeigniter4\framework\system\CodeIgniter.php(931): App\Controllers\Master->do_input_raw_data()
#4 C:\xampp\htdocs\FIMA\vendor\codeigniter4\framework\system\CodeIgniter.php(439): CodeIgniter\CodeIgniter->runController(Object(App\Controllers\Master))
#5 C:\xampp\htdocs\FIMA\vendor\codeigniter4\framework\system\CodeIgniter.php(339): CodeIgniter\CodeIgniter->handleRequest(NULL, Object(Config\Cache), false)
#6 C:\xampp\htdocs\FIMA\public\index.php(45): CodeIgniter\CodeIgniter->run()
#7 {main}
CRITICAL - 2022-05-16 20:26:04 --> Call to undefined method App\Models\MasterModel::add
#0 C:\xampp\htdocs\FIMA\app\Controllers\Master.php(66): CodeIgniter\Model->__call('add', Array)
#1 C:\xampp\htdocs\FIMA\vendor\codeigniter4\framework\system\CodeIgniter.php(931): App\Controllers\Master->do_input_raw_data()
#2 C:\xampp\htdocs\FIMA\vendor\codeigniter4\framework\system\CodeIgniter.php(439): CodeIgniter\CodeIgniter->runController(Object(App\Controllers\Master))
#3 C:\xampp\htdocs\FIMA\vendor\codeigniter4\framework\system\CodeIgniter.php(339): CodeIgniter\CodeIgniter->handleRequest(NULL, Object(Config\Cache), false)
#4 C:\xampp\htdocs\FIMA\public\index.php(45): CodeIgniter\CodeIgniter->run()
#5 {main}
CRITICAL - 2022-05-16 20:37:19 --> Class 'Config\Service' not found
#0 C:\xampp\htdocs\FIMA\vendor\codeigniter4\framework\system\CodeIgniter.php(931): App\Controllers\Master->do_input_raw_data()
#1 C:\xampp\htdocs\FIMA\vendor\codeigniter4\framework\system\CodeIgniter.php(439): CodeIgniter\CodeIgniter->runController(Object(App\Controllers\Master))
#2 C:\xampp\htdocs\FIMA\vendor\codeigniter4\framework\system\CodeIgniter.php(339): CodeIgniter\CodeIgniter->handleRequest(NULL, Object(Config\Cache), false)
#3 C:\xampp\htdocs\FIMA\public\index.php(45): CodeIgniter\CodeIgniter->run()
#4 {main}
CRITICAL - 2022-05-16 20:37:34 --> Call to undefined method App\Models\MasterModel::add
#0 C:\xampp\htdocs\FIMA\app\Controllers\Master.php(69): CodeIgniter\Model->__call('add', Array)
#1 C:\xampp\htdocs\FIMA\vendor\codeigniter4\framework\system\CodeIgniter.php(931): App\Controllers\Master->do_input_raw_data()
#2 C:\xampp\htdocs\FIMA\vendor\codeigniter4\framework\system\CodeIgniter.php(439): CodeIgniter\CodeIgniter->runController(Object(App\Controllers\Master))
#3 C:\xampp\htdocs\FIMA\vendor\codeigniter4\framework\system\CodeIgniter.php(339): CodeIgniter\CodeIgniter->handleRequest(NULL, Object(Config\Cache), false)
#4 C:\xampp\htdocs\FIMA\public\index.php(45): CodeIgniter\CodeIgniter->run()
#5 {main}
CRITICAL - 2022-05-16 20:44:07 --> Allowed fields must be specified for model: App\Models\MasterModel
#0 C:\xampp\htdocs\FIMA\vendor\codeigniter4\framework\system\BaseModel.php(1205): CodeIgniter\Database\Exceptions\DataException::forInvalidAllowedFields('App\\Models\\Mast...')
#1 C:\xampp\htdocs\FIMA\vendor\codeigniter4\framework\system\BaseModel.php(745): CodeIgniter\BaseModel->doProtectFields(Array)
#2 C:\xampp\htdocs\FIMA\vendor\codeigniter4\framework\system\Model.php(686): CodeIgniter\BaseModel->insert(Array, true)
#3 C:\xampp\htdocs\FIMA\app\Controllers\Master.php(69): CodeIgniter\Model->insert(Array)
#4 C:\xampp\htdocs\FIMA\vendor\codeigniter4\framework\system\CodeIgniter.php(931): App\Controllers\Master->do_input_raw_data()
#5 C:\xampp\htdocs\FIMA\vendor\codeigniter4\framework\system\CodeIgniter.php(439): CodeIgniter\CodeIgniter->runController(Object(App\Controllers\Master))
#6 C:\xampp\htdocs\FIMA\vendor\codeigniter4\framework\system\CodeIgniter.php(339): CodeIgniter\CodeIgniter->handleRequest(NULL, Object(Config\Cache), false)
#7 C:\xampp\htdocs\FIMA\public\index.php(45): CodeIgniter\CodeIgniter->run()
#8 {main}
CRITICAL - 2022-05-16 23:24:17 --> Invalid argument supplied for foreach()
#0 C:\xampp\htdocs\FIMA\app\Views\Master\View-Input.php(44): CodeIgniter\Debug\Exceptions->errorHandler(2, 'Invalid argumen...', 'C:\\xampp\\htdocs...', 44, Array)
#1 C:\xampp\htdocs\FIMA\vendor\codeigniter4\framework\system\View\View.php(230): include('C:\\xampp\\htdocs...')
#2 C:\xampp\htdocs\FIMA\vendor\codeigniter4\framework\system\View\View.php(232): CodeIgniter\View\View->CodeIgniter\View\{closure}()
#3 C:\xampp\htdocs\FIMA\vendor\codeigniter4\framework\system\Common.php(1250): CodeIgniter\View\View->render('Master/View-Inp...', Array, true)
#4 C:\xampp\htdocs\FIMA\app\Controllers\Master.php(35): view('Master/View-Inp...', Array)
#5 C:\xampp\htdocs\FIMA\vendor\codeigniter4\framework\system\CodeIgniter.php(931): App\Controllers\Master->show_view_input()
#6 C:\xampp\htdocs\FIMA\vendor\codeigniter4\framework\system\CodeIgniter.php(439): CodeIgniter\CodeIgniter->runController(Object(App\Controllers\Master))
#7 C:\xampp\htdocs\FIMA\vendor\codeigniter4\framework\system\CodeIgniter.php(339): CodeIgniter\CodeIgniter->handleRequest(NULL, Object(Config\Cache), false)
#8 C:\xampp\htdocs\FIMA\public\index.php(45): CodeIgniter\CodeIgniter->run()
#9 {main}
CRITICAL - 2022-05-16 23:24:51 --> Invalid argument supplied for foreach()
#0 C:\xampp\htdocs\FIMA\app\Views\Master\View-Input.php(44): CodeIgniter\Debug\Exceptions->errorHandler(2, 'Invalid argumen...', 'C:\\xampp\\htdocs...', 44, Array)
#1 C:\xampp\htdocs\FIMA\vendor\codeigniter4\framework\system\View\View.php(230): include('C:\\xampp\\htdocs...')
#2 C:\xampp\htdocs\FIMA\vendor\codeigniter4\framework\system\View\View.php(232): CodeIgniter\View\View->CodeIgniter\View\{closure}()
#3 C:\xampp\htdocs\FIMA\vendor\codeigniter4\framework\system\Common.php(1250): CodeIgniter\View\View->render('Master/View-Inp...', Array, true)
#4 C:\xampp\htdocs\FIMA\app\Controllers\Master.php(35): view('Master/View-Inp...', Array)
#5 C:\xampp\htdocs\FIMA\vendor\codeigniter4\framework\system\CodeIgniter.php(931): App\Controllers\Master->show_view_input()
#6 C:\xampp\htdocs\FIMA\vendor\codeigniter4\framework\system\CodeIgniter.php(439): CodeIgniter\CodeIgniter->runController(Object(App\Controllers\Master))
#7 C:\xampp\htdocs\FIMA\vendor\codeigniter4\framework\system\CodeIgniter.php(339): CodeIgniter\CodeIgniter->handleRequest(NULL, Object(Config\Cache), false)
#8 C:\xampp\htdocs\FIMA\public\index.php(45): CodeIgniter\CodeIgniter->run()
#9 {main}
CRITICAL - 2022-05-16 23:24:52 --> Invalid argument supplied for foreach()
#0 C:\xampp\htdocs\FIMA\app\Views\Master\View-Input.php(44): CodeIgniter\Debug\Exceptions->errorHandler(2, 'Invalid argumen...', 'C:\\xampp\\htdocs...', 44, Array)
#1 C:\xampp\htdocs\FIMA\vendor\codeigniter4\framework\system\View\View.php(230): include('C:\\xampp\\htdocs...')
#2 C:\xampp\htdocs\FIMA\vendor\codeigniter4\framework\system\View\View.php(232): CodeIgniter\View\View->CodeIgniter\View\{closure}()
#3 C:\xampp\htdocs\FIMA\vendor\codeigniter4\framework\system\Common.php(1250): CodeIgniter\View\View->render('Master/View-Inp...', Array, true)
#4 C:\xampp\htdocs\FIMA\app\Controllers\Master.php(35): view('Master/View-Inp...', Array)
#5 C:\xampp\htdocs\FIMA\vendor\codeigniter4\framework\system\CodeIgniter.php(931): App\Controllers\Master->show_view_input()
#6 C:\xampp\htdocs\FIMA\vendor\codeigniter4\framework\system\CodeIgniter.php(439): CodeIgniter\CodeIgniter->runController(Object(App\Controllers\Master))
#7 C:\xampp\htdocs\FIMA\vendor\codeigniter4\framework\system\CodeIgniter.php(339): CodeIgniter\CodeIgniter->handleRequest(NULL, Object(Config\Cache), false)
#8 C:\xampp\htdocs\FIMA\public\index.php(45): CodeIgniter\CodeIgniter->run()
#9 {main}
CRITICAL - 2022-05-16 23:25:58 --> Invalid argument supplied for foreach()
#0 C:\xampp\htdocs\FIMA\app\Views\Master\View-Input.php(44): CodeIgniter\Debug\Exceptions->errorHandler(2, 'Invalid argumen...', 'C:\\xampp\\htdocs...', 44, Array)
#1 C:\xampp\htdocs\FIMA\vendor\codeigniter4\framework\system\View\View.php(230): include('C:\\xampp\\htdocs...')
#2 C:\xampp\htdocs\FIMA\vendor\codeigniter4\framework\system\View\View.php(232): CodeIgniter\View\View->CodeIgniter\View\{closure}()
#3 C:\xampp\htdocs\FIMA\vendor\codeigniter4\framework\system\Common.php(1250): CodeIgniter\View\View->render('Master/View-Inp...', Array, true)
#4 C:\xampp\htdocs\FIMA\app\Controllers\Master.php(35): view('Master/View-Inp...', Array)
#5 C:\xampp\htdocs\FIMA\vendor\codeigniter4\framework\system\CodeIgniter.php(931): App\Controllers\Master->show_view_input()
#6 C:\xampp\htdocs\FIMA\vendor\codeigniter4\framework\system\CodeIgniter.php(439): CodeIgniter\CodeIgniter->runController(Object(App\Controllers\Master))
#7 C:\xampp\htdocs\FIMA\vendor\codeigniter4\framework\system\CodeIgniter.php(339): CodeIgniter\CodeIgniter->handleRequest(NULL, Object(Config\Cache), false)
#8 C:\xampp\htdocs\FIMA\public\index.php(45): CodeIgniter\CodeIgniter->run()
#9 {main}
CRITICAL - 2022-05-16 23:25:59 --> Invalid argument supplied for foreach()
#0 C:\xampp\htdocs\FIMA\app\Views\Master\View-Input.php(44): CodeIgniter\Debug\Exceptions->errorHandler(2, 'Invalid argumen...', 'C:\\xampp\\htdocs...', 44, Array)
#1 C:\xampp\htdocs\FIMA\vendor\codeigniter4\framework\system\View\View.php(230): include('C:\\xampp\\htdocs...')
#2 C:\xampp\htdocs\FIMA\vendor\codeigniter4\framework\system\View\View.php(232): CodeIgniter\View\View->CodeIgniter\View\{closure}()
#3 C:\xampp\htdocs\FIMA\vendor\codeigniter4\framework\system\Common.php(1250): CodeIgniter\View\View->render('Master/View-Inp...', Array, true)
#4 C:\xampp\htdocs\FIMA\app\Controllers\Master.php(35): view('Master/View-Inp...', Array)
#5 C:\xampp\htdocs\FIMA\vendor\codeigniter4\framework\system\CodeIgniter.php(931): App\Controllers\Master->show_view_input()
#6 C:\xampp\htdocs\FIMA\vendor\codeigniter4\framework\system\CodeIgniter.php(439): CodeIgniter\CodeIgniter->runController(Object(App\Controllers\Master))
#7 C:\xampp\htdocs\FIMA\vendor\codeigniter4\framework\system\CodeIgniter.php(339): CodeIgniter\CodeIgniter->handleRequest(NULL, Object(Config\Cache), false)
#8 C:\xampp\htdocs\FIMA\public\index.php(45): CodeIgniter\CodeIgniter->run()
#9 {main}
CRITICAL - 2022-05-16 23:26:00 --> Invalid argument supplied for foreach()
#0 C:\xampp\htdocs\FIMA\app\Views\Master\View-Input.php(44): CodeIgniter\Debug\Exceptions->errorHandler(2, 'Invalid argumen...', 'C:\\xampp\\htdocs...', 44, Array)
#1 C:\xampp\htdocs\FIMA\vendor\codeigniter4\framework\system\View\View.php(230): include('C:\\xampp\\htdocs...')
#2 C:\xampp\htdocs\FIMA\vendor\codeigniter4\framework\system\View\View.php(232): CodeIgniter\View\View->CodeIgniter\View\{closure}()
#3 C:\xampp\htdocs\FIMA\vendor\codeigniter4\framework\system\Common.php(1250): CodeIgniter\View\View->render('Master/View-Inp...', Array, true)
#4 C:\xampp\htdocs\FIMA\app\Controllers\Master.php(35): view('Master/View-Inp...', Array)
#5 C:\xampp\htdocs\FIMA\vendor\codeigniter4\framework\system\CodeIgniter.php(931): App\Controllers\Master->show_view_input()
#6 C:\xampp\htdocs\FIMA\vendor\codeigniter4\framework\system\CodeIgniter.php(439): CodeIgniter\CodeIgniter->runController(Object(App\Controllers\Master))
#7 C:\xampp\htdocs\FIMA\vendor\codeigniter4\framework\system\CodeIgniter.php(339): CodeIgniter\CodeIgniter->handleRequest(NULL, Object(Config\Cache), false)
#8 C:\xampp\htdocs\FIMA\public\index.php(45): CodeIgniter\CodeIgniter->run()
#9 {main}
CRITICAL - 2022-05-16 23:26:31 --> Invalid argument supplied for foreach()
#0 C:\xampp\htdocs\FIMA\app\Views\Master\View-Input.php(44): CodeIgniter\Debug\Exceptions->errorHandler(2, 'Invalid argumen...', 'C:\\xampp\\htdocs...', 44, Array)
#1 C:\xampp\htdocs\FIMA\vendor\codeigniter4\framework\system\View\View.php(230): include('C:\\xampp\\htdocs...')
#2 C:\xampp\htdocs\FIMA\vendor\codeigniter4\framework\system\View\View.php(232): CodeIgniter\View\View->CodeIgniter\View\{closure}()
#3 C:\xampp\htdocs\FIMA\vendor\codeigniter4\framework\system\Common.php(1250): CodeIgniter\View\View->render('Master/View-Inp...', Array, true)
#4 C:\xampp\htdocs\FIMA\app\Controllers\Master.php(35): view('Master/View-Inp...', Array)
#5 C:\xampp\htdocs\FIMA\vendor\codeigniter4\framework\system\CodeIgniter.php(931): App\Controllers\Master->show_view_input()
#6 C:\xampp\htdocs\FIMA\vendor\codeigniter4\framework\system\CodeIgniter.php(439): CodeIgniter\CodeIgniter->runController(Object(App\Controllers\Master))
#7 C:\xampp\htdocs\FIMA\vendor\codeigniter4\framework\system\CodeIgniter.php(339): CodeIgniter\CodeIgniter->handleRequest(NULL, Object(Config\Cache), false)
#8 C:\xampp\htdocs\FIMA\public\index.php(45): CodeIgniter\CodeIgniter->run()
#9 {main}
CRITICAL - 2022-05-16 23:26:40 --> Invalid argument supplied for foreach()
#0 C:\xampp\htdocs\FIMA\app\Views\Master\View-Input.php(44): CodeIgniter\Debug\Exceptions->errorHandler(2, 'Invalid argumen...', 'C:\\xampp\\htdocs...', 44, Array)
#1 C:\xampp\htdocs\FIMA\vendor\codeigniter4\framework\system\View\View.php(230): include('C:\\xampp\\htdocs...')
#2 C:\xampp\htdocs\FIMA\vendor\codeigniter4\framework\system\View\View.php(232): CodeIgniter\View\View->CodeIgniter\View\{closure}()
#3 C:\xampp\htdocs\FIMA\vendor\codeigniter4\framework\system\Common.php(1250): CodeIgniter\View\View->render('Master/View-Inp...', Array, true)
#4 C:\xampp\htdocs\FIMA\app\Controllers\Master.php(35): view('Master/View-Inp...', Array)
#5 C:\xampp\htdocs\FIMA\vendor\codeigniter4\framework\system\CodeIgniter.php(931): App\Controllers\Master->show_view_input()
#6 C:\xampp\htdocs\FIMA\vendor\codeigniter4\framework\system\CodeIgniter.php(439): CodeIgniter\CodeIgniter->runController(Object(App\Controllers\Master))
#7 C:\xampp\htdocs\FIMA\vendor\codeigniter4\framework\system\CodeIgniter.php(339): CodeIgniter\CodeIgniter->handleRequest(NULL, Object(Config\Cache), false)
#8 C:\xampp\htdocs\FIMA\public\index.php(45): CodeIgniter\CodeIgniter->run()
#9 {main}
CRITICAL - 2022-05-16 23:27:32 --> Invalid argument supplied for foreach()
#0 C:\xampp\htdocs\FIMA\app\Views\Master\View-Input.php(44): CodeIgniter\Debug\Exceptions->errorHandler(2, 'Invalid argumen...', 'C:\\xampp\\htdocs...', 44, Array)
#1 C:\xampp\htdocs\FIMA\vendor\codeigniter4\framework\system\View\View.php(230): include('C:\\xampp\\htdocs...')
#2 C:\xampp\htdocs\FIMA\vendor\codeigniter4\framework\system\View\View.php(232): CodeIgniter\View\View->CodeIgniter\View\{closure}()
#3 C:\xampp\htdocs\FIMA\vendor\codeigniter4\framework\system\Common.php(1250): CodeIgniter\View\View->render('Master/View-Inp...', Array, true)
#4 C:\xampp\htdocs\FIMA\app\Controllers\Master.php(35): view('Master/View-Inp...', Array)
#5 C:\xampp\htdocs\FIMA\vendor\codeigniter4\framework\system\CodeIgniter.php(931): App\Controllers\Master->show_view_input()
#6 C:\xampp\htdocs\FIMA\vendor\codeigniter4\framework\system\CodeIgniter.php(439): CodeIgniter\CodeIgniter->runController(Object(App\Controllers\Master))
#7 C:\xampp\htdocs\FIMA\vendor\codeigniter4\framework\system\CodeIgniter.php(339): CodeIgniter\CodeIgniter->handleRequest(NULL, Object(Config\Cache), false)
#8 C:\xampp\htdocs\FIMA\public\index.php(45): CodeIgniter\CodeIgniter->run()
#9 {main}
CRITICAL - 2022-05-16 23:27:33 --> Invalid argument supplied for foreach()
#0 C:\xampp\htdocs\FIMA\app\Views\Master\View-Input.php(44): CodeIgniter\Debug\Exceptions->errorHandler(2, 'Invalid argumen...', 'C:\\xampp\\htdocs...', 44, Array)
#1 C:\xampp\htdocs\FIMA\vendor\codeigniter4\framework\system\View\View.php(230): include('C:\\xampp\\htdocs...')
#2 C:\xampp\htdocs\FIMA\vendor\codeigniter4\framework\system\View\View.php(232): CodeIgniter\View\View->CodeIgniter\View\{closure}()
#3 C:\xampp\htdocs\FIMA\vendor\codeigniter4\framework\system\Common.php(1250): CodeIgniter\View\View->render('Master/View-Inp...', Array, true)
#4 C:\xampp\htdocs\FIMA\app\Controllers\Master.php(35): view('Master/View-Inp...', Array)
#5 C:\xampp\htdocs\FIMA\vendor\codeigniter4\framework\system\CodeIgniter.php(931): App\Controllers\Master->show_view_input()
#6 C:\xampp\htdocs\FIMA\vendor\codeigniter4\framework\system\CodeIgniter.php(439): CodeIgniter\CodeIgniter->runController(Object(App\Controllers\Master))
#7 C:\xampp\htdocs\FIMA\vendor\codeigniter4\framework\system\CodeIgniter.php(339): CodeIgniter\CodeIgniter->handleRequest(NULL, Object(Config\Cache), false)
#8 C:\xampp\htdocs\FIMA\public\index.php(45): CodeIgniter\CodeIgniter->run()
#9 {main}
CRITICAL - 2022-05-16 23:27:34 --> Invalid argument supplied for foreach()
#0 C:\xampp\htdocs\FIMA\app\Views\Master\View-Input.php(44): CodeIgniter\Debug\Exceptions->errorHandler(2, 'Invalid argumen...', 'C:\\xampp\\htdocs...', 44, Array)
#1 C:\xampp\htdocs\FIMA\vendor\codeigniter4\framework\system\View\View.php(230): include('C:\\xampp\\htdocs...')
#2 C:\xampp\htdocs\FIMA\vendor\codeigniter4\framework\system\View\View.php(232): CodeIgniter\View\View->CodeIgniter\View\{closure}()
#3 C:\xampp\htdocs\FIMA\vendor\codeigniter4\framework\system\Common.php(1250): CodeIgniter\View\View->render('Master/View-Inp...', Array, true)
#4 C:\xampp\htdocs\FIMA\app\Controllers\Master.php(35): view('Master/View-Inp...', Array)
#5 C:\xampp\htdocs\FIMA\vendor\codeigniter4\framework\system\CodeIgniter.php(931): App\Controllers\Master->show_view_input()
#6 C:\xampp\htdocs\FIMA\vendor\codeigniter4\framework\system\CodeIgniter.php(439): CodeIgniter\CodeIgniter->runController(Object(App\Controllers\Master))
#7 C:\xampp\htdocs\FIMA\vendor\codeigniter4\framework\system\CodeIgniter.php(339): CodeIgniter\CodeIgniter->handleRequest(NULL, Object(Config\Cache), false)
#8 C:\xampp\htdocs\FIMA\public\index.php(45): CodeIgniter\CodeIgniter->run()
#9 {main}
CRITICAL - 2022-05-16 23:27:35 --> Invalid argument supplied for foreach()
#0 C:\xampp\htdocs\FIMA\app\Views\Master\View-Input.php(44): CodeIgniter\Debug\Exceptions->errorHandler(2, 'Invalid argumen...', 'C:\\xampp\\htdocs...', 44, Array)
#1 C:\xampp\htdocs\FIMA\vendor\codeigniter4\framework\system\View\View.php(230): include('C:\\xampp\\htdocs...')
#2 C:\xampp\htdocs\FIMA\vendor\codeigniter4\framework\system\View\View.php(232): CodeIgniter\View\View->CodeIgniter\View\{closure}()
#3 C:\xampp\htdocs\FIMA\vendor\codeigniter4\framework\system\Common.php(1250): CodeIgniter\View\View->render('Master/View-Inp...', Array, true)
#4 C:\xampp\htdocs\FIMA\app\Controllers\Master.php(35): view('Master/View-Inp...', Array)
#5 C:\xampp\htdocs\FIMA\vendor\codeigniter4\framework\system\CodeIgniter.php(931): App\Controllers\Master->show_view_input()
#6 C:\xampp\htdocs\FIMA\vendor\codeigniter4\framework\system\CodeIgniter.php(439): CodeIgniter\CodeIgniter->runController(Object(App\Controllers\Master))
#7 C:\xampp\htdocs\FIMA\vendor\codeigniter4\framework\system\CodeIgniter.php(339): CodeIgniter\CodeIgniter->handleRequest(NULL, Object(Config\Cache), false)
#8 C:\xampp\htdocs\FIMA\public\index.php(45): CodeIgniter\CodeIgniter->run()
#9 {main}
CRITICAL - 2022-05-16 23:41:42 --> Invalid argument supplied for foreach()
#0 C:\xampp\htdocs\FIMA\app\Views\Master\View-Input.php(43): CodeIgniter\Debug\Exceptions->errorHandler(2, 'Invalid argumen...', 'C:\\xampp\\htdocs...', 43, Array)
#1 C:\xampp\htdocs\FIMA\vendor\codeigniter4\framework\system\View\View.php(230): include('C:\\xampp\\htdocs...')
#2 C:\xampp\htdocs\FIMA\vendor\codeigniter4\framework\system\View\View.php(232): CodeIgniter\View\View->CodeIgniter\View\{closure}()
#3 C:\xampp\htdocs\FIMA\vendor\codeigniter4\framework\system\Common.php(1250): CodeIgniter\View\View->render('Master/View-Inp...', Array, true)
#4 C:\xampp\htdocs\FIMA\app\Controllers\Master.php(33): view('Master/View-Inp...', Array)
#5 C:\xampp\htdocs\FIMA\vendor\codeigniter4\framework\system\CodeIgniter.php(931): App\Controllers\Master->show_view_input()
#6 C:\xampp\htdocs\FIMA\vendor\codeigniter4\framework\system\CodeIgniter.php(439): CodeIgniter\CodeIgniter->runController(Object(App\Controllers\Master))
#7 C:\xampp\htdocs\FIMA\vendor\codeigniter4\framework\system\CodeIgniter.php(339): CodeIgniter\CodeIgniter->handleRequest(NULL, Object(Config\Cache), false)
#8 C:\xampp\htdocs\FIMA\public\index.php(45): CodeIgniter\CodeIgniter->run()
#9 {main}
CRITICAL - 2022-05-16 23:41:53 --> Use of undefined constant datas - assumed 'datas' (this will throw an Error in a future version of PHP)
#0 C:\xampp\htdocs\FIMA\app\Views\Master\View-Input.php(43): CodeIgniter\Debug\Exceptions->errorHandler(2, 'Use of undefine...', 'C:\\xampp\\htdocs...', 43, Array)
#1 C:\xampp\htdocs\FIMA\vendor\codeigniter4\framework\system\View\View.php(230): include('C:\\xampp\\htdocs...')
#2 C:\xampp\htdocs\FIMA\vendor\codeigniter4\framework\system\View\View.php(232): CodeIgniter\View\View->CodeIgniter\View\{closure}()
#3 C:\xampp\htdocs\FIMA\vendor\codeigniter4\framework\system\Common.php(1250): CodeIgniter\View\View->render('Master/View-Inp...', Array, true)
#4 C:\xampp\htdocs\FIMA\app\Controllers\Master.php(33): view('Master/View-Inp...', Array)
#5 C:\xampp\htdocs\FIMA\vendor\codeigniter4\framework\system\CodeIgniter.php(931): App\Controllers\Master->show_view_input()
#6 C:\xampp\htdocs\FIMA\vendor\codeigniter4\framework\system\CodeIgniter.php(439): CodeIgniter\CodeIgniter->runController(Object(App\Controllers\Master))
#7 C:\xampp\htdocs\FIMA\vendor\codeigniter4\framework\system\CodeIgniter.php(339): CodeIgniter\CodeIgniter->handleRequest(NULL, Object(Config\Cache), false)
#8 C:\xampp\htdocs\FIMA\public\index.php(45): CodeIgniter\CodeIgniter->run()
#9 {main}
CRITICAL - 2022-05-16 23:42:02 --> Invalid argument supplied for foreach()
#0 C:\xampp\htdocs\FIMA\app\Views\Master\View-Input.php(43): CodeIgniter\Debug\Exceptions->errorHandler(2, 'Invalid argumen...', 'C:\\xampp\\htdocs...', 43, Array)
#1 C:\xampp\htdocs\FIMA\vendor\codeigniter4\framework\system\View\View.php(230): include('C:\\xampp\\htdocs...')
#2 C:\xampp\htdocs\FIMA\vendor\codeigniter4\framework\system\View\View.php(232): CodeIgniter\View\View->CodeIgniter\View\{closure}()
#3 C:\xampp\htdocs\FIMA\vendor\codeigniter4\framework\system\Common.php(1250): CodeIgniter\View\View->render('Master/View-Inp...', Array, true)
#4 C:\xampp\htdocs\FIMA\app\Controllers\Master.php(33): view('Master/View-Inp...', Array)
#5 C:\xampp\htdocs\FIMA\vendor\codeigniter4\framework\system\CodeIgniter.php(931): App\Controllers\Master->show_view_input()
#6 C:\xampp\htdocs\FIMA\vendor\codeigniter4\framework\system\CodeIgniter.php(439): CodeIgniter\CodeIgniter->runController(Object(App\Controllers\Master))
#7 C:\xampp\htdocs\FIMA\vendor\codeigniter4\framework\system\CodeIgniter.php(339): CodeIgniter\CodeIgniter->handleRequest(NULL, Object(Config\Cache), false)
#8 C:\xampp\htdocs\FIMA\public\index.php(45): CodeIgniter\CodeIgniter->run()
#9 {main}
