CRITICAL - 2023-04-03 00:12:21 --> Call to a member function getResultArray() on bool
#0 D:\xampp_new\htdocs\KPI\vendor\codeigniter4\framework\system\CodeIgniter.php(931): App\Controllers\ProdOutput->show_prod_out()
#1 D:\xampp_new\htdocs\KPI\vendor\codeigniter4\framework\system\CodeIgniter.php(439): CodeIgniter\CodeIgniter->runController(Object(App\Controllers\ProdOutput))
#2 D:\xampp_new\htdocs\KPI\vendor\codeigniter4\framework\system\CodeIgniter.php(339): CodeIgniter\CodeIgniter->handleRequest(NULL, Object(Config\Cache), false)
#3 D:\xampp_new\htdocs\KPI\public\index.php(45): CodeIgniter\CodeIgniter->run()
#4 {main}
CRITICAL - 2023-04-03 00:59:55 --> Call to undefined function App\Controllers\print_()
#0 D:\xampp_new\htdocs\KPI\vendor\codeigniter4\framework\system\CodeIgniter.php(931): App\Controllers\ProdOutput->input_qty()
#1 D:\xampp_new\htdocs\KPI\vendor\codeigniter4\framework\system\CodeIgniter.php(439): CodeIgniter\CodeIgniter->runController(Object(App\Controllers\ProdOutput))
#2 D:\xampp_new\htdocs\KPI\vendor\codeigniter4\framework\system\CodeIgniter.php(339): CodeIgniter\CodeIgniter->handleRequest(NULL, Object(Config\Cache), false)
#3 D:\xampp_new\htdocs\KPI\public\index.php(45): CodeIgniter\CodeIgniter->run()
#4 {main}
CRITICAL - 2023-04-03 01:48:27 --> Allowed fields must be specified for model: App\Models\ProductionOutputModel
#0 D:\xampp_new\htdocs\KPI\vendor\codeigniter4\framework\system\BaseModel.php(1205): CodeIgniter\Database\Exceptions\DataException::forInvalidAllowedFields('App\\Models\\Prod...')
#1 D:\xampp_new\htdocs\KPI\vendor\codeigniter4\framework\system\BaseModel.php(745): CodeIgniter\BaseModel->doProtectFields(Array)
#2 D:\xampp_new\htdocs\KPI\vendor\codeigniter4\framework\system\Model.php(686): CodeIgniter\BaseModel->insert(Array, true)
#3 D:\xampp_new\htdocs\KPI\app\Controllers\ProdOutput.php(113): CodeIgniter\Model->insert(Array)
#4 D:\xampp_new\htdocs\KPI\vendor\codeigniter4\framework\system\CodeIgniter.php(931): App\Controllers\ProdOutput->input_qty()
#5 D:\xampp_new\htdocs\KPI\vendor\codeigniter4\framework\system\CodeIgniter.php(439): CodeIgniter\CodeIgniter->runController(Object(App\Controllers\ProdOutput))
#6 D:\xampp_new\htdocs\KPI\vendor\codeigniter4\framework\system\CodeIgniter.php(339): CodeIgniter\CodeIgniter->handleRequest(NULL, Object(Config\Cache), false)
#7 D:\xampp_new\htdocs\KPI\public\index.php(45): CodeIgniter\CodeIgniter->run()
#8 {main}
CRITICAL - 2023-04-03 03:34:01 --> Call to undefined method CodeIgniter\Database\MySQLi\Connection::set()
#0 D:\xampp_new\htdocs\KPI\app\Controllers\ProdOutput.php(114): App\Models\ProductionOutputModel->updateBudget('1', '100')
#1 D:\xampp_new\htdocs\KPI\vendor\codeigniter4\framework\system\CodeIgniter.php(931): App\Controllers\ProdOutput->input_qty()
#2 D:\xampp_new\htdocs\KPI\vendor\codeigniter4\framework\system\CodeIgniter.php(439): CodeIgniter\CodeIgniter->runController(Object(App\Controllers\ProdOutput))
#3 D:\xampp_new\htdocs\KPI\vendor\codeigniter4\framework\system\CodeIgniter.php(339): CodeIgniter\CodeIgniter->handleRequest(NULL, Object(Config\Cache), false)
#4 D:\xampp_new\htdocs\KPI\public\index.php(45): CodeIgniter\CodeIgniter->run()
#5 {main}
CRITICAL - 2023-04-03 03:36:15 --> Call to undefined method CodeIgniter\Database\MySQLi\Connection::set()
#0 D:\xampp_new\htdocs\KPI\app\Controllers\ProdOutput.php(114): App\Models\ProductionOutputModel->updateBudget('1', '100')
#1 D:\xampp_new\htdocs\KPI\vendor\codeigniter4\framework\system\CodeIgniter.php(931): App\Controllers\ProdOutput->input_qty()
#2 D:\xampp_new\htdocs\KPI\vendor\codeigniter4\framework\system\CodeIgniter.php(439): CodeIgniter\CodeIgniter->runController(Object(App\Controllers\ProdOutput))
#3 D:\xampp_new\htdocs\KPI\vendor\codeigniter4\framework\system\CodeIgniter.php(339): CodeIgniter\CodeIgniter->handleRequest(NULL, Object(Config\Cache), false)
#4 D:\xampp_new\htdocs\KPI\public\index.php(45): CodeIgniter\CodeIgniter->run()
#5 {main}
CRITICAL - 2023-04-03 03:36:35 --> Call to undefined method CodeIgniter\Database\MySQLi\Connection::set()
#0 D:\xampp_new\htdocs\KPI\app\Controllers\ProdOutput.php(114): App\Models\ProductionOutputModel->updateBudget('1', '100')
#1 D:\xampp_new\htdocs\KPI\vendor\codeigniter4\framework\system\CodeIgniter.php(931): App\Controllers\ProdOutput->input_qty()
#2 D:\xampp_new\htdocs\KPI\vendor\codeigniter4\framework\system\CodeIgniter.php(439): CodeIgniter\CodeIgniter->runController(Object(App\Controllers\ProdOutput))
#3 D:\xampp_new\htdocs\KPI\vendor\codeigniter4\framework\system\CodeIgniter.php(339): CodeIgniter\CodeIgniter->handleRequest(NULL, Object(Config\Cache), false)
#4 D:\xampp_new\htdocs\KPI\public\index.php(45): CodeIgniter\CodeIgniter->run()
#5 {main}
