CRITICAL - 2022-05-13 01:29:09 -->  route cannot be found while reverse-routing.
#0 C:\xampp\htdocs\FIMA\vendor\codeigniter4\framework\system\HTTP\RedirectResponse.php(64): CodeIgniter\HTTP\Exceptions\HTTPException::forInvalidRedirectRoute('')
#1 C:\xampp\htdocs\FIMA\vendor\codeigniter4\framework\system\Common.php(951): CodeIgniter\HTTP\RedirectResponse->route(false)
#2 C:\xampp\htdocs\FIMA\app\Controllers\Front.php(62): redirect('Front/Grafana', 'refresh')
#3 C:\xampp\htdocs\FIMA\vendor\codeigniter4\framework\system\CodeIgniter.php(931): App\Controllers\Front->download_report()
#4 C:\xampp\htdocs\FIMA\vendor\codeigniter4\framework\system\CodeIgniter.php(439): CodeIgniter\CodeIgniter->runController(Object(App\Controllers\Front))
#5 C:\xampp\htdocs\FIMA\vendor\codeigniter4\framework\system\CodeIgniter.php(339): CodeIgniter\CodeIgniter->handleRequest(NULL, Object(Config\Cache), false)
#6 C:\xampp\htdocs\FIMA\public\index.php(45): CodeIgniter\CodeIgniter->run()
#7 {main}
CRITICAL - 2022-05-13 01:30:04 -->  route cannot be found while reverse-routing.
#0 C:\xampp\htdocs\FIMA\vendor\codeigniter4\framework\system\HTTP\RedirectResponse.php(64): CodeIgniter\HTTP\Exceptions\HTTPException::forInvalidRedirectRoute('')
#1 C:\xampp\htdocs\FIMA\vendor\codeigniter4\framework\system\Common.php(951): CodeIgniter\HTTP\RedirectResponse->route(false)
#2 C:\xampp\htdocs\FIMA\app\Controllers\Front.php(62): redirect('Front/Grafana', 'refresh')
#3 C:\xampp\htdocs\FIMA\vendor\codeigniter4\framework\system\CodeIgniter.php(931): App\Controllers\Front->download_report()
#4 C:\xampp\htdocs\FIMA\vendor\codeigniter4\framework\system\CodeIgniter.php(439): CodeIgniter\CodeIgniter->runController(Object(App\Controllers\Front))
#5 C:\xampp\htdocs\FIMA\vendor\codeigniter4\framework\system\CodeIgniter.php(339): CodeIgniter\CodeIgniter->handleRequest(NULL, Object(Config\Cache), false)
#6 C:\xampp\htdocs\FIMA\public\index.php(45): CodeIgniter\CodeIgniter->run()
#7 {main}
CRITICAL - 2022-05-13 01:31:56 -->  route cannot be found while reverse-routing.
#0 C:\xampp\htdocs\FIMA\vendor\codeigniter4\framework\system\HTTP\RedirectResponse.php(64): CodeIgniter\HTTP\Exceptions\HTTPException::forInvalidRedirectRoute('')
#1 C:\xampp\htdocs\FIMA\vendor\codeigniter4\framework\system\Common.php(951): CodeIgniter\HTTP\RedirectResponse->route(false)
#2 C:\xampp\htdocs\FIMA\app\Controllers\Front.php(62): redirect('Front/Grafana', 'refresh')
#3 C:\xampp\htdocs\FIMA\vendor\codeigniter4\framework\system\CodeIgniter.php(931): App\Controllers\Front->download_report()
#4 C:\xampp\htdocs\FIMA\vendor\codeigniter4\framework\system\CodeIgniter.php(439): CodeIgniter\CodeIgniter->runController(Object(App\Controllers\Front))
#5 C:\xampp\htdocs\FIMA\vendor\codeigniter4\framework\system\CodeIgniter.php(339): CodeIgniter\CodeIgniter->handleRequest(NULL, Object(Config\Cache), false)
#6 C:\xampp\htdocs\FIMA\public\index.php(45): CodeIgniter\CodeIgniter->run()
#7 {main}
CRITICAL - 2022-05-13 01:32:30 -->  route cannot be found while reverse-routing.
#0 C:\xampp\htdocs\FIMA\vendor\codeigniter4\framework\system\HTTP\RedirectResponse.php(64): CodeIgniter\HTTP\Exceptions\HTTPException::forInvalidRedirectRoute('')
#1 C:\xampp\htdocs\FIMA\vendor\codeigniter4\framework\system\Common.php(951): CodeIgniter\HTTP\RedirectResponse->route(false)
#2 C:\xampp\htdocs\FIMA\app\Controllers\Front.php(62): redirect('Front/Grafana', 'refresh')
#3 C:\xampp\htdocs\FIMA\vendor\codeigniter4\framework\system\CodeIgniter.php(931): App\Controllers\Front->download_report()
#4 C:\xampp\htdocs\FIMA\vendor\codeigniter4\framework\system\CodeIgniter.php(439): CodeIgniter\CodeIgniter->runController(Object(App\Controllers\Front))
#5 C:\xampp\htdocs\FIMA\vendor\codeigniter4\framework\system\CodeIgniter.php(339): CodeIgniter\CodeIgniter->handleRequest(NULL, Object(Config\Cache), false)
#6 C:\xampp\htdocs\FIMA\public\index.php(45): CodeIgniter\CodeIgniter->run()
#7 {main}
CRITICAL - 2022-05-13 01:33:05 -->  route cannot be found while reverse-routing.
#0 C:\xampp\htdocs\FIMA\vendor\codeigniter4\framework\system\HTTP\RedirectResponse.php(64): CodeIgniter\HTTP\Exceptions\HTTPException::forInvalidRedirectRoute('')
#1 C:\xampp\htdocs\FIMA\vendor\codeigniter4\framework\system\Common.php(951): CodeIgniter\HTTP\RedirectResponse->route(false)
#2 C:\xampp\htdocs\FIMA\app\Controllers\Front.php(62): redirect('Front/Grafana', 'refresh')
#3 C:\xampp\htdocs\FIMA\vendor\codeigniter4\framework\system\CodeIgniter.php(931): App\Controllers\Front->download_report()
#4 C:\xampp\htdocs\FIMA\vendor\codeigniter4\framework\system\CodeIgniter.php(439): CodeIgniter\CodeIgniter->runController(Object(App\Controllers\Front))
#5 C:\xampp\htdocs\FIMA\vendor\codeigniter4\framework\system\CodeIgniter.php(339): CodeIgniter\CodeIgniter->handleRequest(NULL, Object(Config\Cache), false)
#6 C:\xampp\htdocs\FIMA\public\index.php(45): CodeIgniter\CodeIgniter->run()
#7 {main}
CRITICAL - 2022-05-13 01:40:26 -->  route cannot be found while reverse-routing.
#0 C:\xampp\htdocs\FIMA\vendor\codeigniter4\framework\system\HTTP\RedirectResponse.php(64): CodeIgniter\HTTP\Exceptions\HTTPException::forInvalidRedirectRoute('')
#1 C:\xampp\htdocs\FIMA\vendor\codeigniter4\framework\system\Common.php(951): CodeIgniter\HTTP\RedirectResponse->route(false)
#2 C:\xampp\htdocs\FIMA\app\Controllers\Front.php(62): redirect('Front/Grafana', 'refresh')
#3 C:\xampp\htdocs\FIMA\vendor\codeigniter4\framework\system\CodeIgniter.php(931): App\Controllers\Front->download_report()
#4 C:\xampp\htdocs\FIMA\vendor\codeigniter4\framework\system\CodeIgniter.php(439): CodeIgniter\CodeIgniter->runController(Object(App\Controllers\Front))
#5 C:\xampp\htdocs\FIMA\vendor\codeigniter4\framework\system\CodeIgniter.php(339): CodeIgniter\CodeIgniter->handleRequest(NULL, Object(Config\Cache), false)
#6 C:\xampp\htdocs\FIMA\public\index.php(45): CodeIgniter\CodeIgniter->run()
#7 {main}
CRITICAL - 2022-05-13 02:07:03 --> Cannot use object of type CodeIgniter\HTTP\IncomingRequest as array
#0 C:\xampp\htdocs\FIMA\vendor\codeigniter4\framework\system\CodeIgniter.php(931): App\Controllers\Master->do_input_raw_data()
#1 C:\xampp\htdocs\FIMA\vendor\codeigniter4\framework\system\CodeIgniter.php(439): CodeIgniter\CodeIgniter->runController(Object(App\Controllers\Master))
#2 C:\xampp\htdocs\FIMA\vendor\codeigniter4\framework\system\CodeIgniter.php(339): CodeIgniter\CodeIgniter->handleRequest(NULL, Object(Config\Cache), false)
#3 C:\xampp\htdocs\FIMA\public\index.php(45): CodeIgniter\CodeIgniter->run()
#4 {main}
CRITICAL - 2022-05-13 02:40:56 --> Class 'App\Controllers\MasterModel' not found
#0 C:\xampp\htdocs\FIMA\vendor\codeigniter4\framework\system\CodeIgniter.php(931): App\Controllers\Master->do_input_raw_data()
#1 C:\xampp\htdocs\FIMA\vendor\codeigniter4\framework\system\CodeIgniter.php(439): CodeIgniter\CodeIgniter->runController(Object(App\Controllers\Master))
#2 C:\xampp\htdocs\FIMA\vendor\codeigniter4\framework\system\CodeIgniter.php(339): CodeIgniter\CodeIgniter->handleRequest(NULL, Object(Config\Cache), false)
#3 C:\xampp\htdocs\FIMA\public\index.php(45): CodeIgniter\CodeIgniter->run()
#4 {main}
CRITICAL - 2022-05-13 03:40:36 --> Class 'App\Controllers\MasterModel' not found
#0 C:\xampp\htdocs\FIMA\vendor\codeigniter4\framework\system\CodeIgniter.php(931): App\Controllers\Master->do_input_raw_data()
#1 C:\xampp\htdocs\FIMA\vendor\codeigniter4\framework\system\CodeIgniter.php(439): CodeIgniter\CodeIgniter->runController(Object(App\Controllers\Master))
#2 C:\xampp\htdocs\FIMA\vendor\codeigniter4\framework\system\CodeIgniter.php(339): CodeIgniter\CodeIgniter->handleRequest(NULL, Object(Config\Cache), false)
#3 C:\xampp\htdocs\FIMA\public\index.php(45): CodeIgniter\CodeIgniter->run()
#4 {main}
CRITICAL - 2022-05-13 03:57:19 --> Class 'App\Controllers\MasterModel' not found
#0 C:\xampp\htdocs\FIMA\vendor\codeigniter4\framework\system\CodeIgniter.php(931): App\Controllers\Master->do_input_raw_data()
#1 C:\xampp\htdocs\FIMA\vendor\codeigniter4\framework\system\CodeIgniter.php(439): CodeIgniter\CodeIgniter->runController(Object(App\Controllers\Master))
#2 C:\xampp\htdocs\FIMA\vendor\codeigniter4\framework\system\CodeIgniter.php(339): CodeIgniter\CodeIgniter->handleRequest(NULL, Object(Config\Cache), false)
#3 C:\xampp\htdocs\FIMA\public\index.php(45): CodeIgniter\CodeIgniter->run()
#4 {main}
CRITICAL - 2022-05-13 03:57:36 --> Class 'App\Controllers\MasterModel' not found
#0 C:\xampp\htdocs\FIMA\vendor\codeigniter4\framework\system\CodeIgniter.php(931): App\Controllers\Master->do_input_raw_data()
#1 C:\xampp\htdocs\FIMA\vendor\codeigniter4\framework\system\CodeIgniter.php(439): CodeIgniter\CodeIgniter->runController(Object(App\Controllers\Master))
#2 C:\xampp\htdocs\FIMA\vendor\codeigniter4\framework\system\CodeIgniter.php(339): CodeIgniter\CodeIgniter->handleRequest(NULL, Object(Config\Cache), false)
#3 C:\xampp\htdocs\FIMA\public\index.php(45): CodeIgniter\CodeIgniter->run()
#4 {main}
CRITICAL - 2022-05-13 03:58:17 --> Class 'App\Controllers\MasterModel' not found
#0 C:\xampp\htdocs\FIMA\vendor\codeigniter4\framework\system\CodeIgniter.php(931): App\Controllers\Master->do_input_raw_data()
#1 C:\xampp\htdocs\FIMA\vendor\codeigniter4\framework\system\CodeIgniter.php(439): CodeIgniter\CodeIgniter->runController(Object(App\Controllers\Master))
#2 C:\xampp\htdocs\FIMA\vendor\codeigniter4\framework\system\CodeIgniter.php(339): CodeIgniter\CodeIgniter->handleRequest(NULL, Object(Config\Cache), false)
#3 C:\xampp\htdocs\FIMA\public\index.php(45): CodeIgniter\CodeIgniter->run()
#4 {main}
