CRITICAL - 2023-04-10 03:01:14 --> Invalid argument supplied for foreach()
#0 D:\xampp_new\htdocs\KPI\app\Controllers\CapacityUtil.php(325): CodeIgniter\Debug\Exceptions->errorHandler(2, 'Invalid argumen...', 'D:\\xampp_new\\ht...', 325, Array)
#1 D:\xampp_new\htdocs\KPI\vendor\codeigniter4\framework\system\CodeIgniter.php(931): App\Controllers\CapacityUtil->export_excel_util()
#2 D:\xampp_new\htdocs\KPI\vendor\codeigniter4\framework\system\CodeIgniter.php(439): CodeIgniter\CodeIgniter->runController(Object(App\Controllers\CapacityUtil))
#3 D:\xampp_new\htdocs\KPI\vendor\codeigniter4\framework\system\CodeIgniter.php(339): CodeIgniter\CodeIgniter->handleRequest(NULL, Object(Config\Cache), false)
#4 D:\xampp_new\htdocs\KPI\public\index.php(45): CodeIgniter\CodeIgniter->run()
#5 {main}
CRITICAL - 2023-04-10 03:07:00 --> syntax error, unexpected '41' (T_LNUMBER)
#0 D:\xampp_new\htdocs\KPI\vendor\codeigniter4\framework\system\Autoloader\Autoloader.php(282): CodeIgniter\Autoloader\Autoloader->includeFile('D:\\xampp_new\\ht...')
#1 D:\xampp_new\htdocs\KPI\vendor\codeigniter4\framework\system\Autoloader\Autoloader.php(247): CodeIgniter\Autoloader\Autoloader->loadInNamespace('App\\Controllers...')
#2 [internal function]: CodeIgniter\Autoloader\Autoloader->loadClass('App\\Controllers...')
#3 [internal function]: spl_autoload_call('App\\Controllers...')
#4 D:\xampp_new\htdocs\KPI\vendor\codeigniter4\framework\system\CodeIgniter.php(888): class_exists('\\App\\Controller...', true)
#5 D:\xampp_new\htdocs\KPI\vendor\codeigniter4\framework\system\CodeIgniter.php(424): CodeIgniter\CodeIgniter->startController()
#6 D:\xampp_new\htdocs\KPI\vendor\codeigniter4\framework\system\CodeIgniter.php(339): CodeIgniter\CodeIgniter->handleRequest(NULL, Object(Config\Cache), false)
#7 D:\xampp_new\htdocs\KPI\public\index.php(45): CodeIgniter\CodeIgniter->run()
#8 {main}
CRITICAL - 2023-04-10 19:51:21 --> Call to a member function getResultArray() on bool
#0 D:\xampp_new\htdocs\KPI\vendor\codeigniter4\framework\system\CodeIgniter.php(931): App\Controllers\CapacityUtil->show_cap_util()
#1 D:\xampp_new\htdocs\KPI\vendor\codeigniter4\framework\system\CodeIgniter.php(439): CodeIgniter\CodeIgniter->runController(Object(App\Controllers\CapacityUtil))
#2 D:\xampp_new\htdocs\KPI\vendor\codeigniter4\framework\system\CodeIgniter.php(339): CodeIgniter\CodeIgniter->handleRequest(NULL, Object(Config\Cache), false)
#3 D:\xampp_new\htdocs\KPI\public\index.php(45): CodeIgniter\CodeIgniter->run()
#4 {main}
CRITICAL - 2023-04-10 21:44:17 -->  route cannot be found while reverse-routing.
#0 D:\xampp_new\htdocs\KPI\vendor\codeigniter4\framework\system\HTTP\RedirectResponse.php(64): CodeIgniter\HTTP\Exceptions\HTTPException::forInvalidRedirectRoute('')
#1 D:\xampp_new\htdocs\KPI\vendor\codeigniter4\framework\system\Common.php(951): CodeIgniter\HTTP\RedirectResponse->route(false)
#2 D:\xampp_new\htdocs\KPI\app\Controllers\CapacityUtil.php(154): redirect('CapacityUtil', 'refresh')
#3 D:\xampp_new\htdocs\KPI\vendor\codeigniter4\framework\system\CodeIgniter.php(931): App\Controllers\CapacityUtil->input_detail()
#4 D:\xampp_new\htdocs\KPI\vendor\codeigniter4\framework\system\CodeIgniter.php(439): CodeIgniter\CodeIgniter->runController(Object(App\Controllers\CapacityUtil))
#5 D:\xampp_new\htdocs\KPI\vendor\codeigniter4\framework\system\CodeIgniter.php(339): CodeIgniter\CodeIgniter->handleRequest(NULL, Object(Config\Cache), false)
#6 D:\xampp_new\htdocs\KPI\public\index.php(45): CodeIgniter\CodeIgniter->run()
#7 {main}
CRITICAL - 2023-04-10 21:45:34 -->  route cannot be found while reverse-routing.
#0 D:\xampp_new\htdocs\KPI\vendor\codeigniter4\framework\system\HTTP\RedirectResponse.php(64): CodeIgniter\HTTP\Exceptions\HTTPException::forInvalidRedirectRoute('')
#1 D:\xampp_new\htdocs\KPI\vendor\codeigniter4\framework\system\Common.php(951): CodeIgniter\HTTP\RedirectResponse->route(false)
#2 D:\xampp_new\htdocs\KPI\app\Controllers\CapacityUtil.php(154): redirect('CapacityUtil', 'refresh')
#3 D:\xampp_new\htdocs\KPI\vendor\codeigniter4\framework\system\CodeIgniter.php(931): App\Controllers\CapacityUtil->input_detail()
#4 D:\xampp_new\htdocs\KPI\vendor\codeigniter4\framework\system\CodeIgniter.php(439): CodeIgniter\CodeIgniter->runController(Object(App\Controllers\CapacityUtil))
#5 D:\xampp_new\htdocs\KPI\vendor\codeigniter4\framework\system\CodeIgniter.php(339): CodeIgniter\CodeIgniter->handleRequest(NULL, Object(Config\Cache), false)
#6 D:\xampp_new\htdocs\KPI\public\index.php(45): CodeIgniter\CodeIgniter->run()
#7 {main}
CRITICAL - 2023-04-10 21:48:43 -->  route cannot be found while reverse-routing.
#0 D:\xampp_new\htdocs\KPI\vendor\codeigniter4\framework\system\HTTP\RedirectResponse.php(64): CodeIgniter\HTTP\Exceptions\HTTPException::forInvalidRedirectRoute('')
#1 D:\xampp_new\htdocs\KPI\vendor\codeigniter4\framework\system\Common.php(951): CodeIgniter\HTTP\RedirectResponse->route(false)
#2 D:\xampp_new\htdocs\KPI\app\Controllers\ProdOutput.php(148): redirect('ProductionOutpu...', 'refresh')
#3 D:\xampp_new\htdocs\KPI\vendor\codeigniter4\framework\system\CodeIgniter.php(931): App\Controllers\ProdOutput->input_qty()
#4 D:\xampp_new\htdocs\KPI\vendor\codeigniter4\framework\system\CodeIgniter.php(439): CodeIgniter\CodeIgniter->runController(Object(App\Controllers\ProdOutput))
#5 D:\xampp_new\htdocs\KPI\vendor\codeigniter4\framework\system\CodeIgniter.php(339): CodeIgniter\CodeIgniter->handleRequest(NULL, Object(Config\Cache), false)
#6 D:\xampp_new\htdocs\KPI\public\index.php(45): CodeIgniter\CodeIgniter->run()
#7 {main}
