CRITICAL - 2023-04-06 01:57:21 --> Class 'App\Controllers\ViewUtilGroupModel' not found
#0 D:\xampp_new\htdocs\KPI\app\Helpers\my_helper.php(38): App\Controllers\CapacityUtil->helper_y_util_group(1, 'Line 1 (NBL Non...', 2021)
#1 D:\xampp_new\htdocs\KPI\app\Views\Master\View-Input-Util.php(314): util_year_group(1, 'Line 1 (NBL Non...', 2021)
#2 D:\xampp_new\htdocs\KPI\vendor\codeigniter4\framework\system\View\View.php(230): include('D:\\xampp_new\\ht...')
#3 D:\xampp_new\htdocs\KPI\vendor\codeigniter4\framework\system\View\View.php(232): CodeIgniter\View\View->CodeIgniter\View\{closure}()
#4 D:\xampp_new\htdocs\KPI\vendor\codeigniter4\framework\system\Common.php(1250): CodeIgniter\View\View->render('Master/View-Inp...', Array, true)
#5 D:\xampp_new\htdocs\KPI\app\Controllers\CapacityUtil.php(68): view('Master/View-Inp...', Array)
#6 D:\xampp_new\htdocs\KPI\vendor\codeigniter4\framework\system\CodeIgniter.php(931): App\Controllers\CapacityUtil->show_cap_util()
#7 D:\xampp_new\htdocs\KPI\vendor\codeigniter4\framework\system\CodeIgniter.php(439): CodeIgniter\CodeIgniter->runController(Object(App\Controllers\CapacityUtil))
#8 D:\xampp_new\htdocs\KPI\vendor\codeigniter4\framework\system\CodeIgniter.php(339): CodeIgniter\CodeIgniter->handleRequest(NULL, Object(Config\Cache), false)
#9 D:\xampp_new\htdocs\KPI\public\index.php(45): CodeIgniter\CodeIgniter->run()
#10 {main}
CRITICAL - 2023-04-06 01:58:13 --> Call to undefined function App\Controllers\getWhere()
#0 D:\xampp_new\htdocs\KPI\app\Helpers\my_helper.php(38): App\Controllers\CapacityUtil->helper_y_util_group(1, 'Line 1 (NBL Non...', 2021)
#1 D:\xampp_new\htdocs\KPI\app\Views\Master\View-Input-Util.php(314): util_year_group(1, 'Line 1 (NBL Non...', 2021)
#2 D:\xampp_new\htdocs\KPI\vendor\codeigniter4\framework\system\View\View.php(230): include('D:\\xampp_new\\ht...')
#3 D:\xampp_new\htdocs\KPI\vendor\codeigniter4\framework\system\View\View.php(232): CodeIgniter\View\View->CodeIgniter\View\{closure}()
#4 D:\xampp_new\htdocs\KPI\vendor\codeigniter4\framework\system\Common.php(1250): CodeIgniter\View\View->render('Master/View-Inp...', Array, true)
#5 D:\xampp_new\htdocs\KPI\app\Controllers\CapacityUtil.php(69): view('Master/View-Inp...', Array)
#6 D:\xampp_new\htdocs\KPI\vendor\codeigniter4\framework\system\CodeIgniter.php(931): App\Controllers\CapacityUtil->show_cap_util()
#7 D:\xampp_new\htdocs\KPI\vendor\codeigniter4\framework\system\CodeIgniter.php(439): CodeIgniter\CodeIgniter->runController(Object(App\Controllers\CapacityUtil))
#8 D:\xampp_new\htdocs\KPI\vendor\codeigniter4\framework\system\CodeIgniter.php(339): CodeIgniter\CodeIgniter->handleRequest(NULL, Object(Config\Cache), false)
#9 D:\xampp_new\htdocs\KPI\public\index.php(45): CodeIgniter\CodeIgniter->run()
#10 {main}
CRITICAL - 2023-04-06 02:00:39 --> Call to undefined function App\Controllers\getWhere()
#0 D:\xampp_new\htdocs\KPI\app\Helpers\my_helper.php(38): App\Controllers\CapacityUtil->helper_y_util_group(1, 'Line 1 (NBL Non...', 2021)
#1 D:\xampp_new\htdocs\KPI\app\Views\Master\View-Input-Util.php(314): util_year_group(1, 'Line 1 (NBL Non...', 2021)
#2 D:\xampp_new\htdocs\KPI\vendor\codeigniter4\framework\system\View\View.php(230): include('D:\\xampp_new\\ht...')
#3 D:\xampp_new\htdocs\KPI\vendor\codeigniter4\framework\system\View\View.php(232): CodeIgniter\View\View->CodeIgniter\View\{closure}()
#4 D:\xampp_new\htdocs\KPI\vendor\codeigniter4\framework\system\Common.php(1250): CodeIgniter\View\View->render('Master/View-Inp...', Array, true)
#5 D:\xampp_new\htdocs\KPI\app\Controllers\CapacityUtil.php(69): view('Master/View-Inp...', Array)
#6 D:\xampp_new\htdocs\KPI\vendor\codeigniter4\framework\system\CodeIgniter.php(931): App\Controllers\CapacityUtil->show_cap_util()
#7 D:\xampp_new\htdocs\KPI\vendor\codeigniter4\framework\system\CodeIgniter.php(439): CodeIgniter\CodeIgniter->runController(Object(App\Controllers\CapacityUtil))
#8 D:\xampp_new\htdocs\KPI\vendor\codeigniter4\framework\system\CodeIgniter.php(339): CodeIgniter\CodeIgniter->handleRequest(NULL, Object(Config\Cache), false)
#9 D:\xampp_new\htdocs\KPI\public\index.php(45): CodeIgniter\CodeIgniter->run()
#10 {main}
CRITICAL - 2023-04-06 02:07:54 --> Call to undefined function App\Controllers\getWhere()
#0 D:\xampp_new\htdocs\KPI\app\Helpers\my_helper.php(38): App\Controllers\CapacityUtil->helper_y_util_group(1, 'Line 1 (NBL Non...', 2021)
#1 D:\xampp_new\htdocs\KPI\app\Views\Master\View-Input-Util.php(314): util_year_group(1, 'Line 1 (NBL Non...', 2021)
#2 D:\xampp_new\htdocs\KPI\vendor\codeigniter4\framework\system\View\View.php(230): include('D:\\xampp_new\\ht...')
#3 D:\xampp_new\htdocs\KPI\vendor\codeigniter4\framework\system\View\View.php(232): CodeIgniter\View\View->CodeIgniter\View\{closure}()
#4 D:\xampp_new\htdocs\KPI\vendor\codeigniter4\framework\system\Common.php(1250): CodeIgniter\View\View->render('Master/View-Inp...', Array, true)
#5 D:\xampp_new\htdocs\KPI\app\Controllers\CapacityUtil.php(69): view('Master/View-Inp...', Array)
#6 D:\xampp_new\htdocs\KPI\vendor\codeigniter4\framework\system\CodeIgniter.php(931): App\Controllers\CapacityUtil->show_cap_util()
#7 D:\xampp_new\htdocs\KPI\vendor\codeigniter4\framework\system\CodeIgniter.php(439): CodeIgniter\CodeIgniter->runController(Object(App\Controllers\CapacityUtil))
#8 D:\xampp_new\htdocs\KPI\vendor\codeigniter4\framework\system\CodeIgniter.php(339): CodeIgniter\CodeIgniter->handleRequest(NULL, Object(Config\Cache), false)
#9 D:\xampp_new\htdocs\KPI\public\index.php(45): CodeIgniter\CodeIgniter->run()
#10 {main}
CRITICAL - 2023-04-06 02:11:32 --> Call to undefined function App\Controllers\getWhere()
#0 D:\xampp_new\htdocs\KPI\app\Helpers\my_helper.php(38): App\Controllers\CapacityUtil->helper_y_util_group(1, 'Line 1 (NBL Non...', 2021)
#1 D:\xampp_new\htdocs\KPI\app\Views\Master\View-Input-Util.php(314): util_year_group(1, 'Line 1 (NBL Non...', 2021)
#2 D:\xampp_new\htdocs\KPI\vendor\codeigniter4\framework\system\View\View.php(230): include('D:\\xampp_new\\ht...')
#3 D:\xampp_new\htdocs\KPI\vendor\codeigniter4\framework\system\View\View.php(232): CodeIgniter\View\View->CodeIgniter\View\{closure}()
#4 D:\xampp_new\htdocs\KPI\vendor\codeigniter4\framework\system\Common.php(1250): CodeIgniter\View\View->render('Master/View-Inp...', Array, true)
#5 D:\xampp_new\htdocs\KPI\app\Controllers\CapacityUtil.php(69): view('Master/View-Inp...', Array)
#6 D:\xampp_new\htdocs\KPI\vendor\codeigniter4\framework\system\CodeIgniter.php(931): App\Controllers\CapacityUtil->show_cap_util()
#7 D:\xampp_new\htdocs\KPI\vendor\codeigniter4\framework\system\CodeIgniter.php(439): CodeIgniter\CodeIgniter->runController(Object(App\Controllers\CapacityUtil))
#8 D:\xampp_new\htdocs\KPI\vendor\codeigniter4\framework\system\CodeIgniter.php(339): CodeIgniter\CodeIgniter->handleRequest(NULL, Object(Config\Cache), false)
#9 D:\xampp_new\htdocs\KPI\public\index.php(45): CodeIgniter\CodeIgniter->run()
#10 {main}
CRITICAL - 2023-04-06 02:11:33 --> Call to undefined function App\Controllers\getWhere()
#0 D:\xampp_new\htdocs\KPI\app\Helpers\my_helper.php(38): App\Controllers\CapacityUtil->helper_y_util_group(1, 'Line 1 (NBL Non...', 2021)
#1 D:\xampp_new\htdocs\KPI\app\Views\Master\View-Input-Util.php(314): util_year_group(1, 'Line 1 (NBL Non...', 2021)
#2 D:\xampp_new\htdocs\KPI\vendor\codeigniter4\framework\system\View\View.php(230): include('D:\\xampp_new\\ht...')
#3 D:\xampp_new\htdocs\KPI\vendor\codeigniter4\framework\system\View\View.php(232): CodeIgniter\View\View->CodeIgniter\View\{closure}()
#4 D:\xampp_new\htdocs\KPI\vendor\codeigniter4\framework\system\Common.php(1250): CodeIgniter\View\View->render('Master/View-Inp...', Array, true)
#5 D:\xampp_new\htdocs\KPI\app\Controllers\CapacityUtil.php(69): view('Master/View-Inp...', Array)
#6 D:\xampp_new\htdocs\KPI\vendor\codeigniter4\framework\system\CodeIgniter.php(931): App\Controllers\CapacityUtil->show_cap_util()
#7 D:\xampp_new\htdocs\KPI\vendor\codeigniter4\framework\system\CodeIgniter.php(439): CodeIgniter\CodeIgniter->runController(Object(App\Controllers\CapacityUtil))
#8 D:\xampp_new\htdocs\KPI\vendor\codeigniter4\framework\system\CodeIgniter.php(339): CodeIgniter\CodeIgniter->handleRequest(NULL, Object(Config\Cache), false)
#9 D:\xampp_new\htdocs\KPI\public\index.php(45): CodeIgniter\CodeIgniter->run()
#10 {main}
CRITICAL - 2023-04-06 02:11:34 --> Call to undefined function App\Controllers\getWhere()
#0 D:\xampp_new\htdocs\KPI\app\Helpers\my_helper.php(38): App\Controllers\CapacityUtil->helper_y_util_group(1, 'Line 1 (NBL Non...', 2021)
#1 D:\xampp_new\htdocs\KPI\app\Views\Master\View-Input-Util.php(314): util_year_group(1, 'Line 1 (NBL Non...', 2021)
#2 D:\xampp_new\htdocs\KPI\vendor\codeigniter4\framework\system\View\View.php(230): include('D:\\xampp_new\\ht...')
#3 D:\xampp_new\htdocs\KPI\vendor\codeigniter4\framework\system\View\View.php(232): CodeIgniter\View\View->CodeIgniter\View\{closure}()
#4 D:\xampp_new\htdocs\KPI\vendor\codeigniter4\framework\system\Common.php(1250): CodeIgniter\View\View->render('Master/View-Inp...', Array, true)
#5 D:\xampp_new\htdocs\KPI\app\Controllers\CapacityUtil.php(69): view('Master/View-Inp...', Array)
#6 D:\xampp_new\htdocs\KPI\vendor\codeigniter4\framework\system\CodeIgniter.php(931): App\Controllers\CapacityUtil->show_cap_util()
#7 D:\xampp_new\htdocs\KPI\vendor\codeigniter4\framework\system\CodeIgniter.php(439): CodeIgniter\CodeIgniter->runController(Object(App\Controllers\CapacityUtil))
#8 D:\xampp_new\htdocs\KPI\vendor\codeigniter4\framework\system\CodeIgniter.php(339): CodeIgniter\CodeIgniter->handleRequest(NULL, Object(Config\Cache), false)
#9 D:\xampp_new\htdocs\KPI\public\index.php(45): CodeIgniter\CodeIgniter->run()
#10 {main}
CRITICAL - 2023-04-06 02:19:09 --> Call to undefined function App\Controllers\getWhere()
#0 D:\xampp_new\htdocs\KPI\app\Helpers\my_helper.php(38): App\Controllers\CapacityUtil->helper_y_util_group(1, 'Line 1 (NBL Non...', 2021)
#1 D:\xampp_new\htdocs\KPI\app\Views\Master\View-Input-Util.php(314): util_year_group(1, 'Line 1 (NBL Non...', 2021)
#2 D:\xampp_new\htdocs\KPI\vendor\codeigniter4\framework\system\View\View.php(230): include('D:\\xampp_new\\ht...')
#3 D:\xampp_new\htdocs\KPI\vendor\codeigniter4\framework\system\View\View.php(232): CodeIgniter\View\View->CodeIgniter\View\{closure}()
#4 D:\xampp_new\htdocs\KPI\vendor\codeigniter4\framework\system\Common.php(1250): CodeIgniter\View\View->render('Master/View-Inp...', Array, true)
#5 D:\xampp_new\htdocs\KPI\app\Controllers\CapacityUtil.php(69): view('Master/View-Inp...', Array)
#6 D:\xampp_new\htdocs\KPI\vendor\codeigniter4\framework\system\CodeIgniter.php(931): App\Controllers\CapacityUtil->show_cap_util()
#7 D:\xampp_new\htdocs\KPI\vendor\codeigniter4\framework\system\CodeIgniter.php(439): CodeIgniter\CodeIgniter->runController(Object(App\Controllers\CapacityUtil))
#8 D:\xampp_new\htdocs\KPI\vendor\codeigniter4\framework\system\CodeIgniter.php(339): CodeIgniter\CodeIgniter->handleRequest(NULL, Object(Config\Cache), false)
#9 D:\xampp_new\htdocs\KPI\public\index.php(45): CodeIgniter\CodeIgniter->run()
#10 {main}
