CRITICAL - 2023-03-13 01:48:25 --> Argument 2 passed to CodeIgniter\Database\BaseBuilder::getWhere() must be of the type int or null, array given, called in D:\xampp_new\htdocs\KPI\vendor\codeigniter4\framework\system\Model.php on line 800
#0 D:\xampp_new\htdocs\KPI\vendor\codeigniter4\framework\system\Model.php(800): CodeIgniter\Database\BaseBuilder->getWhere(Array, Array)
#1 D:\xampp_new\htdocs\KPI\app\Controllers\Master.php(60): CodeIgniter\Model->__call('getWhere', Array)
#2 D:\xampp_new\htdocs\KPI\vendor\codeigniter4\framework\system\CodeIgniter.php(931): App\Controllers\Master->show_view_input()
#3 D:\xampp_new\htdocs\KPI\vendor\codeigniter4\framework\system\CodeIgniter.php(439): CodeIgniter\CodeIgniter->runController(Object(App\Controllers\Master))
#4 D:\xampp_new\htdocs\KPI\vendor\codeigniter4\framework\system\CodeIgniter.php(339): CodeIgniter\CodeIgniter->handleRequest(NULL, Object(Config\Cache), false)
#5 D:\xampp_new\htdocs\KPI\public\index.php(45): CodeIgniter\CodeIgniter->run()
#6 {main}
CRITICAL - 2023-03-13 01:48:27 --> Argument 2 passed to CodeIgniter\Database\BaseBuilder::getWhere() must be of the type int or null, array given, called in D:\xampp_new\htdocs\KPI\vendor\codeigniter4\framework\system\Model.php on line 800
#0 D:\xampp_new\htdocs\KPI\vendor\codeigniter4\framework\system\Model.php(800): CodeIgniter\Database\BaseBuilder->getWhere(Array, Array)
#1 D:\xampp_new\htdocs\KPI\app\Controllers\Master.php(60): CodeIgniter\Model->__call('getWhere', Array)
#2 D:\xampp_new\htdocs\KPI\vendor\codeigniter4\framework\system\CodeIgniter.php(931): App\Controllers\Master->show_view_input()
#3 D:\xampp_new\htdocs\KPI\vendor\codeigniter4\framework\system\CodeIgniter.php(439): CodeIgniter\CodeIgniter->runController(Object(App\Controllers\Master))
#4 D:\xampp_new\htdocs\KPI\vendor\codeigniter4\framework\system\CodeIgniter.php(339): CodeIgniter\CodeIgniter->handleRequest(NULL, Object(Config\Cache), false)
#5 D:\xampp_new\htdocs\KPI\public\index.php(45): CodeIgniter\CodeIgniter->run()
#6 {main}
CRITICAL - 2023-03-13 01:48:28 --> Argument 2 passed to CodeIgniter\Database\BaseBuilder::getWhere() must be of the type int or null, array given, called in D:\xampp_new\htdocs\KPI\vendor\codeigniter4\framework\system\Model.php on line 800
#0 D:\xampp_new\htdocs\KPI\vendor\codeigniter4\framework\system\Model.php(800): CodeIgniter\Database\BaseBuilder->getWhere(Array, Array)
#1 D:\xampp_new\htdocs\KPI\app\Controllers\Master.php(60): CodeIgniter\Model->__call('getWhere', Array)
#2 D:\xampp_new\htdocs\KPI\vendor\codeigniter4\framework\system\CodeIgniter.php(931): App\Controllers\Master->show_view_input()
#3 D:\xampp_new\htdocs\KPI\vendor\codeigniter4\framework\system\CodeIgniter.php(439): CodeIgniter\CodeIgniter->runController(Object(App\Controllers\Master))
#4 D:\xampp_new\htdocs\KPI\vendor\codeigniter4\framework\system\CodeIgniter.php(339): CodeIgniter\CodeIgniter->handleRequest(NULL, Object(Config\Cache), false)
#5 D:\xampp_new\htdocs\KPI\public\index.php(45): CodeIgniter\CodeIgniter->run()
#6 {main}
CRITICAL - 2023-03-13 01:56:06 --> Unable to connect to the database.
Main connection [MySQLi]: Unknown database 'fima'
#0 D:\xampp_new\htdocs\KPI\vendor\codeigniter4\framework\system\Database\BaseConnection.php(625): CodeIgniter\Database\BaseConnection->initialize()
#1 D:\xampp_new\htdocs\KPI\vendor\codeigniter4\framework\system\Database\BaseBuilder.php(2049): CodeIgniter\Database\BaseConnection->query('SELECT *\nFROM `...', Array, false)
#2 D:\xampp_new\htdocs\KPI\vendor\codeigniter4\framework\system\Model.php(800): CodeIgniter\Database\BaseBuilder->getWhere(Array)
#3 D:\xampp_new\htdocs\KPI\app\Controllers\Front.php(51): CodeIgniter\Model->__call('getWhere', Array)
#4 D:\xampp_new\htdocs\KPI\vendor\codeigniter4\framework\system\CodeIgniter.php(931): App\Controllers\Front->index()
#5 D:\xampp_new\htdocs\KPI\vendor\codeigniter4\framework\system\CodeIgniter.php(439): CodeIgniter\CodeIgniter->runController(Object(App\Controllers\Front))
#6 D:\xampp_new\htdocs\KPI\vendor\codeigniter4\framework\system\CodeIgniter.php(339): CodeIgniter\CodeIgniter->handleRequest(NULL, Object(Config\Cache), false)
#7 D:\xampp_new\htdocs\KPI\public\index.php(45): CodeIgniter\CodeIgniter->run()
#8 {main}
