CRITICAL - 2022-05-24 03:30:31 --> Call to undefined function set_value()
#0 C:\xampp\htdocs\FIMA\vendor\codeigniter4\framework\system\View\View.php(230): include()
#1 C:\xampp\htdocs\FIMA\vendor\codeigniter4\framework\system\View\View.php(232): CodeIgniter\View\View->CodeIgniter\View\{closure}()
#2 C:\xampp\htdocs\FIMA\vendor\codeigniter4\framework\system\Common.php(1250): CodeIgniter\View\View->render('auth/auth-login', Array, true)
#3 C:\xampp\htdocs\FIMA\app\Controllers\Front.php(14): view('auth/auth-login')
#4 C:\xampp\htdocs\FIMA\vendor\codeigniter4\framework\system\CodeIgniter.php(931): App\Controllers\Front->index()
#5 C:\xampp\htdocs\FIMA\vendor\codeigniter4\framework\system\CodeIgniter.php(439): CodeIgniter\CodeIgniter->runController(Object(App\Controllers\Front))
#6 C:\xampp\htdocs\FIMA\vendor\codeigniter4\framework\system\CodeIgniter.php(339): CodeIgniter\CodeIgniter->handleRequest(NULL, Object(Config\Cache), false)
#7 C:\xampp\htdocs\FIMA\public\index.php(45): CodeIgniter\CodeIgniter->run()
#8 {main}
CRITICAL - 2022-05-24 03:30:46 --> Call to undefined function set_value()
#0 C:\xampp\htdocs\FIMA\vendor\codeigniter4\framework\system\View\View.php(230): include()
#1 C:\xampp\htdocs\FIMA\vendor\codeigniter4\framework\system\View\View.php(232): CodeIgniter\View\View->CodeIgniter\View\{closure}()
#2 C:\xampp\htdocs\FIMA\vendor\codeigniter4\framework\system\Common.php(1250): CodeIgniter\View\View->render('auth/auth-login', Array, true)
#3 C:\xampp\htdocs\FIMA\app\Controllers\Front.php(14): view('auth/auth-login')
#4 C:\xampp\htdocs\FIMA\vendor\codeigniter4\framework\system\CodeIgniter.php(931): App\Controllers\Front->index()
#5 C:\xampp\htdocs\FIMA\vendor\codeigniter4\framework\system\CodeIgniter.php(439): CodeIgniter\CodeIgniter->runController(Object(App\Controllers\Front))
#6 C:\xampp\htdocs\FIMA\vendor\codeigniter4\framework\system\CodeIgniter.php(339): CodeIgniter\CodeIgniter->handleRequest(NULL, Object(Config\Cache), false)
#7 C:\xampp\htdocs\FIMA\public\index.php(45): CodeIgniter\CodeIgniter->run()
#8 {main}
CRITICAL - 2022-05-24 03:30:49 --> Call to undefined function set_value()
#0 C:\xampp\htdocs\FIMA\vendor\codeigniter4\framework\system\View\View.php(230): include()
#1 C:\xampp\htdocs\FIMA\vendor\codeigniter4\framework\system\View\View.php(232): CodeIgniter\View\View->CodeIgniter\View\{closure}()
#2 C:\xampp\htdocs\FIMA\vendor\codeigniter4\framework\system\Common.php(1250): CodeIgniter\View\View->render('auth/auth-login', Array, true)
#3 C:\xampp\htdocs\FIMA\app\Controllers\Front.php(14): view('auth/auth-login')
#4 C:\xampp\htdocs\FIMA\vendor\codeigniter4\framework\system\CodeIgniter.php(931): App\Controllers\Front->index()
#5 C:\xampp\htdocs\FIMA\vendor\codeigniter4\framework\system\CodeIgniter.php(439): CodeIgniter\CodeIgniter->runController(Object(App\Controllers\Front))
#6 C:\xampp\htdocs\FIMA\vendor\codeigniter4\framework\system\CodeIgniter.php(339): CodeIgniter\CodeIgniter->handleRequest(NULL, Object(Config\Cache), false)
#7 C:\xampp\htdocs\FIMA\public\index.php(45): CodeIgniter\CodeIgniter->run()
#8 {main}
CRITICAL - 2022-05-24 03:30:50 --> Call to undefined function set_value()
#0 C:\xampp\htdocs\FIMA\vendor\codeigniter4\framework\system\View\View.php(230): include()
#1 C:\xampp\htdocs\FIMA\vendor\codeigniter4\framework\system\View\View.php(232): CodeIgniter\View\View->CodeIgniter\View\{closure}()
#2 C:\xampp\htdocs\FIMA\vendor\codeigniter4\framework\system\Common.php(1250): CodeIgniter\View\View->render('auth/auth-login', Array, true)
#3 C:\xampp\htdocs\FIMA\app\Controllers\Front.php(14): view('auth/auth-login')
#4 C:\xampp\htdocs\FIMA\vendor\codeigniter4\framework\system\CodeIgniter.php(931): App\Controllers\Front->index()
#5 C:\xampp\htdocs\FIMA\vendor\codeigniter4\framework\system\CodeIgniter.php(439): CodeIgniter\CodeIgniter->runController(Object(App\Controllers\Front))
#6 C:\xampp\htdocs\FIMA\vendor\codeigniter4\framework\system\CodeIgniter.php(339): CodeIgniter\CodeIgniter->handleRequest(NULL, Object(Config\Cache), false)
#7 C:\xampp\htdocs\FIMA\public\index.php(45): CodeIgniter\CodeIgniter->run()
#8 {main}
CRITICAL - 2022-05-24 03:31:22 --> Call to undefined function set_value()
#0 C:\xampp\htdocs\FIMA\vendor\codeigniter4\framework\system\View\View.php(230): include()
#1 C:\xampp\htdocs\FIMA\vendor\codeigniter4\framework\system\View\View.php(232): CodeIgniter\View\View->CodeIgniter\View\{closure}()
#2 C:\xampp\htdocs\FIMA\vendor\codeigniter4\framework\system\Common.php(1250): CodeIgniter\View\View->render('auth/auth-login', Array, true)
#3 C:\xampp\htdocs\FIMA\app\Controllers\Front.php(12): view('auth/auth-login')
#4 C:\xampp\htdocs\FIMA\vendor\codeigniter4\framework\system\CodeIgniter.php(931): App\Controllers\Front->index()
#5 C:\xampp\htdocs\FIMA\vendor\codeigniter4\framework\system\CodeIgniter.php(439): CodeIgniter\CodeIgniter->runController(Object(App\Controllers\Front))
#6 C:\xampp\htdocs\FIMA\vendor\codeigniter4\framework\system\CodeIgniter.php(339): CodeIgniter\CodeIgniter->handleRequest(NULL, Object(Config\Cache), false)
#7 C:\xampp\htdocs\FIMA\public\index.php(45): CodeIgniter\CodeIgniter->run()
#8 {main}
CRITICAL - 2022-05-24 03:31:23 --> Call to undefined function set_value()
#0 C:\xampp\htdocs\FIMA\vendor\codeigniter4\framework\system\View\View.php(230): include()
#1 C:\xampp\htdocs\FIMA\vendor\codeigniter4\framework\system\View\View.php(232): CodeIgniter\View\View->CodeIgniter\View\{closure}()
#2 C:\xampp\htdocs\FIMA\vendor\codeigniter4\framework\system\Common.php(1250): CodeIgniter\View\View->render('auth/auth-login', Array, true)
#3 C:\xampp\htdocs\FIMA\app\Controllers\Front.php(12): view('auth/auth-login')
#4 C:\xampp\htdocs\FIMA\vendor\codeigniter4\framework\system\CodeIgniter.php(931): App\Controllers\Front->index()
#5 C:\xampp\htdocs\FIMA\vendor\codeigniter4\framework\system\CodeIgniter.php(439): CodeIgniter\CodeIgniter->runController(Object(App\Controllers\Front))
#6 C:\xampp\htdocs\FIMA\vendor\codeigniter4\framework\system\CodeIgniter.php(339): CodeIgniter\CodeIgniter->handleRequest(NULL, Object(Config\Cache), false)
#7 C:\xampp\htdocs\FIMA\public\index.php(45): CodeIgniter\CodeIgniter->run()
#8 {main}
CRITICAL - 2022-05-24 04:12:06 --> Call to undefined function set_value()
#0 C:\xampp\htdocs\FIMA\vendor\codeigniter4\framework\system\View\View.php(230): include()
#1 C:\xampp\htdocs\FIMA\vendor\codeigniter4\framework\system\View\View.php(232): CodeIgniter\View\View->CodeIgniter\View\{closure}()
#2 C:\xampp\htdocs\FIMA\vendor\codeigniter4\framework\system\Common.php(1250): CodeIgniter\View\View->render('auth/auth-login', Array, true)
#3 C:\xampp\htdocs\FIMA\app\Controllers\Front.php(14): view('auth/auth-login')
#4 C:\xampp\htdocs\FIMA\vendor\codeigniter4\framework\system\CodeIgniter.php(931): App\Controllers\Front->index()
#5 C:\xampp\htdocs\FIMA\vendor\codeigniter4\framework\system\CodeIgniter.php(439): CodeIgniter\CodeIgniter->runController(Object(App\Controllers\Front))
#6 C:\xampp\htdocs\FIMA\vendor\codeigniter4\framework\system\CodeIgniter.php(339): CodeIgniter\CodeIgniter->handleRequest(NULL, Object(Config\Cache), false)
#7 C:\xampp\htdocs\FIMA\public\index.php(45): CodeIgniter\CodeIgniter->run()
#8 {main}
