CRITICAL - 2023-03-31 01:33:12 --> Call to a member function getResultArray() on bool
#0 D:\xampp_new\htdocs\KPI\vendor\codeigniter4\framework\system\CodeIgniter.php(931): App\Controllers\CapacityUtil->show_cap_util()
#1 D:\xampp_new\htdocs\KPI\vendor\codeigniter4\framework\system\CodeIgniter.php(439): CodeIgniter\CodeIgniter->runController(Object(App\Controllers\CapacityUtil))
#2 D:\xampp_new\htdocs\KPI\vendor\codeigniter4\framework\system\CodeIgniter.php(339): CodeIgniter\CodeIgniter->handleRequest(NULL, Object(Config\Cache), false)
#3 D:\xampp_new\htdocs\KPI\public\index.php(45): CodeIgniter\CodeIgniter->run()
#4 {main}
CRITICAL - 2023-03-31 04:09:35 --> Division by zero
#0 D:\xampp_new\htdocs\KPI\app\Views\Master\View-Input-Util.php(255): CodeIgniter\Debug\Exceptions->errorHandler(2, 'Division by zer...', 'D:\\xampp_new\\ht...', 255, Array)
#1 D:\xampp_new\htdocs\KPI\vendor\codeigniter4\framework\system\View\View.php(230): include('D:\\xampp_new\\ht...')
#2 D:\xampp_new\htdocs\KPI\vendor\codeigniter4\framework\system\View\View.php(232): CodeIgniter\View\View->CodeIgniter\View\{closure}()
#3 D:\xampp_new\htdocs\KPI\vendor\codeigniter4\framework\system\Common.php(1250): CodeIgniter\View\View->render('Master/View-Inp...', Array, true)
#4 D:\xampp_new\htdocs\KPI\app\Controllers\CapacityUtil.php(62): view('Master/View-Inp...', Array)
#5 D:\xampp_new\htdocs\KPI\vendor\codeigniter4\framework\system\CodeIgniter.php(931): App\Controllers\CapacityUtil->show_cap_util()
#6 D:\xampp_new\htdocs\KPI\vendor\codeigniter4\framework\system\CodeIgniter.php(439): CodeIgniter\CodeIgniter->runController(Object(App\Controllers\CapacityUtil))
#7 D:\xampp_new\htdocs\KPI\vendor\codeigniter4\framework\system\CodeIgniter.php(339): CodeIgniter\CodeIgniter->handleRequest(NULL, Object(Config\Cache), false)
#8 D:\xampp_new\htdocs\KPI\public\index.php(45): CodeIgniter\CodeIgniter->run()
#9 {main}
CRITICAL - 2023-03-31 04:26:09 --> Division by zero
#0 D:\xampp_new\htdocs\KPI\app\Views\Master\View-Input-Util.php(255): CodeIgniter\Debug\Exceptions->errorHandler(2, 'Division by zer...', 'D:\\xampp_new\\ht...', 255, Array)
#1 D:\xampp_new\htdocs\KPI\vendor\codeigniter4\framework\system\View\View.php(230): include('D:\\xampp_new\\ht...')
#2 D:\xampp_new\htdocs\KPI\vendor\codeigniter4\framework\system\View\View.php(232): CodeIgniter\View\View->CodeIgniter\View\{closure}()
#3 D:\xampp_new\htdocs\KPI\vendor\codeigniter4\framework\system\Common.php(1250): CodeIgniter\View\View->render('Master/View-Inp...', Array, true)
#4 D:\xampp_new\htdocs\KPI\app\Controllers\CapacityUtil.php(62): view('Master/View-Inp...', Array)
#5 D:\xampp_new\htdocs\KPI\vendor\codeigniter4\framework\system\CodeIgniter.php(931): App\Controllers\CapacityUtil->show_cap_util()
#6 D:\xampp_new\htdocs\KPI\vendor\codeigniter4\framework\system\CodeIgniter.php(439): CodeIgniter\CodeIgniter->runController(Object(App\Controllers\CapacityUtil))
#7 D:\xampp_new\htdocs\KPI\vendor\codeigniter4\framework\system\CodeIgniter.php(339): CodeIgniter\CodeIgniter->handleRequest(NULL, Object(Config\Cache), false)
#8 D:\xampp_new\htdocs\KPI\public\index.php(45): CodeIgniter\CodeIgniter->run()
#9 {main}
CRITICAL - 2023-03-31 19:43:47 --> Call to a member function getResultArray() on bool
#0 D:\xampp_new\htdocs\KPI\vendor\codeigniter4\framework\system\CodeIgniter.php(931): App\Controllers\CapacityUtil->show_cap_util()
#1 D:\xampp_new\htdocs\KPI\vendor\codeigniter4\framework\system\CodeIgniter.php(439): CodeIgniter\CodeIgniter->runController(Object(App\Controllers\CapacityUtil))
#2 D:\xampp_new\htdocs\KPI\vendor\codeigniter4\framework\system\CodeIgniter.php(339): CodeIgniter\CodeIgniter->handleRequest(NULL, Object(Config\Cache), false)
#3 D:\xampp_new\htdocs\KPI\public\index.php(45): CodeIgniter\CodeIgniter->run()
#4 {main}
